Log file open, 02/26/19 06:30:59
LogWindows: Failed to load 'aqProf.dll' (GetLastError=126)
LogWindows: File 'aqProf.dll' does not exist
LogWindows: Failed to load 'VtuneApi.dll' (GetLastError=126)
LogWindows: File 'VtuneApi.dll' does not exist
LogWindows: Failed to load 'VtuneApi32e.dll' (GetLastError=126)
LogWindows: File 'VtuneApi32e.dll' does not exist
LogConsoleResponse: Display: Failed to find resolution value strings in scalability ini. Falling back to default.
LogInit: Display: Running engine for game: HumanStuff
LogPakFile: Registered encryption key '00000000000000000000000000000000': 0 pak files mounted, 0 remain pending
LogPlatformFile: Not using cached read wrapper
LogTaskGraph: Started task graph with 5 named threads and 35 total threads with 3 sets of task threads.
LogStats: Stats thread started at 0.404386
LogD3D11RHI: Loaded GFSDK_Aftermath_Lib.x64.dll
LogICUInternationalization: ICU TimeZone Detection - Raw Offset: -5:00, Platform Override: ''
LogPluginManager: Mounting plugin Paper2D
LogPluginManager: Mounting plugin AISupport
LogPluginManager: Mounting plugin LightPropagationVolume
LogPluginManager: Mounting plugin ActorLayerUtilities
LogPluginManager: Mounting plugin CLionSourceCodeAccess
LogPluginManager: Mounting plugin CodeLiteSourceCodeAccess
LogPluginManager: Mounting plugin GitSourceControl
LogPluginManager: Mounting plugin KDevelopSourceCodeAccess
LogPluginManager: Mounting plugin NullSourceCodeAccess
LogPluginManager: Mounting plugin PerforceSourceControl
LogPluginManager: Mounting plugin SubversionSourceControl
LogPluginManager: Mounting plugin UObjectPlugin
LogPluginManager: Mounting plugin VisualStudioCodeSourceCodeAccess
LogPluginManager: Mounting plugin VisualStudioSourceCodeAccess
LogPluginManager: Mounting plugin XCodeSourceCodeAccess
LogPluginManager: Mounting plugin AssetManagerEditor
LogPluginManager: Mounting plugin CryptoKeys
LogPluginManager: Mounting plugin DataValidation
LogPluginManager: Mounting plugin FacialAnimation
LogPluginManager: Mounting plugin GameplayTagsEditor
LogPluginManager: Mounting plugin MacGraphicsSwitching
LogPluginManager: Mounting plugin MeshEditor
LogPluginManager: Mounting plugin MobileLauncherProfileWizard
LogPluginManager: Mounting plugin PluginBrowser
LogPluginManager: Mounting plugin SpeedTreeImporter
LogPluginManager: Mounting plugin DatasmithContent
LogPluginManager: Mounting plugin VariantManagerContent
LogPluginManager: Mounting plugin AlembicImporter
LogPluginManager: Mounting plugin AppleImageUtils
LogPluginManager: Mounting plugin AppleVision
LogPluginManager: Mounting plugin BackChannel
LogPluginManager: Mounting plugin CharacterAI
LogPluginManager: Mounting plugin GeometryCache
LogPluginManager: Mounting plugin HTML5Networking
LogPluginManager: Mounting plugin ProxyLODPlugin
LogPluginManager: Mounting plugin MagicLeap
LogPluginManager: Mounting plugin MagicLeapMedia
LogPluginManager: Mounting plugin AndroidMedia
LogPluginManager: Mounting plugin AvfMedia
LogPluginManager: Mounting plugin ImgMedia
LogPluginManager: Mounting plugin LinearTimecode
LogPluginManager: Mounting plugin MediaCompositing
LogPluginManager: Mounting plugin MediaPlayerEditor
LogPluginManager: Mounting plugin WebMMedia
LogPluginManager: Mounting plugin WmfMedia
LogPluginManager: Mounting plugin TcpMessaging
LogPluginManager: Mounting plugin UdpMessaging
LogPluginManager: Mounting plugin ActorSequence
LogPluginManager: Mounting plugin LevelSequenceEditor
LogPluginManager: Mounting plugin MatineeToLevelSequence
LogPluginManager: Mounting plugin NetcodeUnitTest
LogPluginManager: Mounting plugin NUTUnrealEngine4
LogPluginManager: Mounting plugin OnlineSubsystemGooglePlay
LogPluginManager: Mounting plugin OnlineSubsystemIOS
LogPluginManager: Mounting plugin OnlineSubsystem
LogPluginManager: Mounting plugin OnlineSubsystemNull
LogPluginManager: Mounting plugin OnlineSubsystemUtils
LogPluginManager: Mounting plugin LauncherChunkInstaller
LogPluginManager: Mounting plugin AndroidDeviceProfileSelector
LogPluginManager: Mounting plugin AndroidMoviePlayer
LogPluginManager: Mounting plugin AndroidPermission
LogPluginManager: Mounting plugin ApexDestruction
LogPluginManager: Mounting plugin AppleMoviePlayer
LogPluginManager: Mounting plugin ArchVisCharacter
LogPluginManager: Mounting plugin AudioCapture
LogPluginManager: Mounting plugin CableComponent
LogPluginManager: Mounting plugin CustomMeshComponent
LogPluginManager: Mounting plugin EditableMesh
LogPluginManager: Mounting plugin ExampleDeviceProfileSelector
LogPluginManager: Mounting plugin Firebase
LogPluginManager: Mounting plugin GoogleCloudMessaging
LogPluginManager: Mounting plugin IOSDeviceProfileSelector
LogPluginManager: Mounting plugin LinuxDeviceProfileSelector
LogPluginManager: Mounting plugin LocationServicesBPLibrary
LogPluginManager: Mounting plugin MobilePatchingUtils
LogPluginManager: Mounting plugin OculusVR
LogPluginManager: Mounting plugin PhysXVehicles
LogPluginManager: Mounting plugin ProceduralMeshComponent
LogPluginManager: Mounting plugin RuntimePhysXCooking
LogPluginManager: Mounting plugin SteamVR
LogPluginManager: Mounting plugin WebMMoviePlayer
LogPluginManager: Mounting plugin WindowsMoviePlayer
LogStreaming: Display: Took  0.091s to configure plugins.
LogInit: Using libcurl 7.55.1-DEV
LogInit:  - built for x86_64-pc-win32
LogInit:  - supports SSL with OpenSSL/1.0.2h
LogInit:  - supports HTTP deflate (compression) using libz 1.2.8
LogInit:  - other features:
LogInit:      CURL_VERSION_SSL
LogInit:      CURL_VERSION_LIBZ
LogInit:      CURL_VERSION_IPV6
LogInit:      CURL_VERSION_ASYNCHDNS
LogInit:      CURL_VERSION_LARGEFILE
LogInit:      CURL_VERSION_IDN
LogInit:  CurlRequestOptions (configurable via config and command line):
LogInit:  - bVerifyPeer = true  - Libcurl will verify peer certificate
LogInit:  - bUseHttpProxy = false  - Libcurl will NOT use HTTP proxy
LogInit:  - bDontReuseConnections = false  - Libcurl will reuse connections
LogInit:  - MaxHostConnections = 16  - Libcurl will limit the number of connections to a host
LogInit:  - LocalHostAddr = Default
LogInit:  - BufferSize = 65536
LogInit: WinSock: version 1.1 (2.2), MaxSocks=32767, MaxUdp=65467
LogHMD: Failed initializing OVRPlugin 1.28.0
LogInit: Build: ++UE4+Release-4.21-CL-4753647
LogInit: Engine Version: 4.21.2-4753647+++UE4+Release-4.21
LogInit: Compatible Engine Version: 4.21.0-4541578+++UE4+Release-4.21
LogInit: Net CL: 4541578
LogInit: OS: Windows 10 (), CPU: Intel(R) Core(TM) i7-8750H CPU @ 2.20GHz, GPU: Intel(R) UHD Graphics 630
LogInit: Compiled (64-bit): Jan 19 2019 02:07:31
LogInit: Compiled with Visual C++: 19.13.26129.00
LogInit: Build Configuration: Development
LogInit: Branch Name: ++UE4+Release-4.21
LogInit: Command Line: 
LogInit: Base Directory: C:/Program Files/Epic Games/UE_4.21/Engine/Binaries/Win64/
LogInit: Installed Engine Build: 1
LogDevObjectVersion: Number of dev versions registered: 22
LogDevObjectVersion:   Dev-Blueprints (B0D832E4-1F89-4F0D-ACCF-7EB736FD4AA2): 10
LogDevObjectVersion:   Dev-Build (E1C64328-A22C-4D53-A36C-8E866417BD8C): 0
LogDevObjectVersion:   Dev-Core (375EC13C-06E4-48FB-B500-84F0262A717E): 2
LogDevObjectVersion:   Dev-Editor (E4B068ED-F494-42E9-A231-DA0B2E46BB41): 26
LogDevObjectVersion:   Dev-Framework (CFFC743F-43B0-4480-9391-14DF171D2073): 34
LogDevObjectVersion:   Dev-Mobile (B02B49B5-BB20-44E9-A304-32B752E40360): 2
LogDevObjectVersion:   Dev-Networking (A4E4105C-59A1-49B5-A7C5-40C4547EDFEE): 0
LogDevObjectVersion:   Dev-Online (39C831C9-5AE6-47DC-9A44-9C173E1C8E7C): 0
LogDevObjectVersion:   Dev-Physics (78F01B33-EBEA-4F98-B9B4-84EACCB95AA2): 0
LogDevObjectVersion:   Dev-Platform (6631380F-2D4D-43E0-8009-CF276956A95A): 0
LogDevObjectVersion:   Dev-Rendering (12F88B9F-8875-4AFC-A67C-D90C383ABD29): 27
LogDevObjectVersion:   Dev-Sequencer (7B5AE74C-D270-4C10-A958-57980B212A5A): 9
LogDevObjectVersion:   Dev-VR (D7296918-1DD6-4BDD-9DE2-64A83CC13884): 2
LogDevObjectVersion:   Dev-LoadTimes (C2A15278-BFE7-4AFE-6C17-90FF531DF755): 1
LogDevObjectVersion:   Private-Geometry (6EACA3D4-40EC-4CC1-B786-8BED09428FC5): 3
LogDevObjectVersion:   Dev-AnimPhys (29E575DD-E0A3-4627-9D10-D276232CDCEA): 17
LogDevObjectVersion:   Dev-Anim (AF43A65D-7FD3-4947-9873-3E8ED9C1BB05): 2
LogDevObjectVersion:   Dev-ReflectionCapture (6B266CEC-1EC7-4B8F-A30B-E4D90942FC07): 1
LogDevObjectVersion:   Dev-Automation (0DF73D61-A23F-47EA-B727-89E90C41499A): 1
LogDevObjectVersion:   FortniteMain (601D1886-AC64-4F84-AA16-D3DE0DEAC7D6): 17
LogDevObjectVersion:   Dev-Enterprise (9DFFBCD6-494F-0158-E221-12823C92A888): 4
LogDevObjectVersion:   Dev-Niagara (F2AED0AC-9AFE-416F-8664-AA7FFA26D6FC): 1
LogStreaming: Display: Took  0.002s to delete old logs.
LogInit: Presizing for max 8388607 objects, including 0 objects not considered by GC, pre-allocating 0 bytes for permanent pool.
LogInit: Object subsystem initialized
LogConfig: Setting CVar [[con.DebugEarlyDefault:1]]
LogConfig: Setting CVar [[r.setres:1280x720]]
[2019.02.26-11.31.01:311][  0]LogConfig: Setting CVar [[r.VSync:0]]
[2019.02.26-11.31.01:311][  0]LogConfig: Setting CVar [[r.RHICmdBypass:0]]
[2019.02.26-11.31.01:312][  0]LogConfig: Applying CVar settings from Section [/Script/Engine.RendererSettings] File [D:/humanStuff/MyProject3/Saved/Config/Windows/Engine.ini]
[2019.02.26-11.31.01:312][  0]LogConfig: Setting CVar [[r.GPUCrashDebugging:0]]
[2019.02.26-11.31.01:312][  0]LogConfig: Applying CVar settings from Section [/Script/Engine.RendererOverrideSettings] File [D:/humanStuff/MyProject3/Saved/Config/Windows/Engine.ini]
[2019.02.26-11.31.01:312][  0]LogConfig: Applying CVar settings from Section [/Script/Engine.StreamingSettings] File [D:/humanStuff/MyProject3/Saved/Config/Windows/Engine.ini]
[2019.02.26-11.31.01:312][  0]LogConfig: Setting CVar [[s.MinBulkDataSizeForAsyncLoading:131072]]
[2019.02.26-11.31.01:312][  0]LogConfig: Setting CVar [[s.AsyncLoadingThreadEnabled:0]]
[2019.02.26-11.31.01:312][  0]LogConfig: Setting CVar [[s.EventDrivenLoaderEnabled:1]]
[2019.02.26-11.31.01:312][  0]LogConfig: Setting CVar [[s.WarnIfTimeLimitExceeded:0]]
[2019.02.26-11.31.01:312][  0]LogConfig: Setting CVar [[s.TimeLimitExceededMultiplier:1.5]]
[2019.02.26-11.31.01:312][  0]LogConfig: Setting CVar [[s.TimeLimitExceededMinTime:0.005]]
[2019.02.26-11.31.01:312][  0]LogConfig: Setting CVar [[s.UseBackgroundLevelStreaming:1]]
[2019.02.26-11.31.01:312][  0]LogConfig: Setting CVar [[s.PriorityAsyncLoadingExtraTime:15.0]]
[2019.02.26-11.31.01:312][  0]LogConfig: Setting CVar [[s.LevelStreamingActorsUpdateTimeLimit:5.0]]
[2019.02.26-11.31.01:312][  0]LogConfig: Setting CVar [[s.PriorityLevelStreamingActorsUpdateExtraTime:5.0]]
[2019.02.26-11.31.01:312][  0]LogConfig: Setting CVar [[s.LevelStreamingComponentsRegistrationGranularity:10]]
[2019.02.26-11.31.01:312][  0]LogConfig: Setting CVar [[s.UnregisterComponentsTimeLimit:1.0]]
[2019.02.26-11.31.01:312][  0]LogConfig: Setting CVar [[s.LevelStreamingComponentsUnregistrationGranularity:5]]
[2019.02.26-11.31.01:312][  0]LogConfig: Applying CVar settings from Section [/Script/Engine.GarbageCollectionSettings] File [D:/humanStuff/MyProject3/Saved/Config/Windows/Engine.ini]
[2019.02.26-11.31.01:312][  0]LogConfig: Setting CVar [[gc.MaxObjectsNotConsideredByGC:1]]
[2019.02.26-11.31.01:312][  0]LogConfig: Setting CVar [[gc.SizeOfPermanentObjectPool:0]]
[2019.02.26-11.31.01:312][  0]LogConfig: Setting CVar [[gc.FlushStreamingOnGC:0]]
[2019.02.26-11.31.01:312][  0]LogConfig: Setting CVar [[gc.NumRetriesBeforeForcingGC:10]]
[2019.02.26-11.31.01:312][  0]LogConfig: Setting CVar [[gc.AllowParallelGC:1]]
[2019.02.26-11.31.01:312][  0]LogConfig: Setting CVar [[gc.TimeBetweenPurgingPendingKillObjects:61.1]]
[2019.02.26-11.31.01:312][  0]LogConfig: Setting CVar [[gc.MaxObjectsInEditor:8388607]]
[2019.02.26-11.31.01:312][  0]LogConfig: Setting CVar [[gc.IncrementalBeginDestroyEnabled:1]]
[2019.02.26-11.31.01:312][  0]LogConfig: Setting CVar [[gc.CreateGCClusters:1]]
[2019.02.26-11.31.01:312][  0]LogConfig: Setting CVar [[gc.MergeGCClusters:0]]
[2019.02.26-11.31.01:312][  0]LogConfig: Setting CVar [[gc.MinGCClusterSize:5]]
[2019.02.26-11.31.01:312][  0]LogConfig: Setting CVar [[gc.ActorClusteringEnabled:0]]
[2019.02.26-11.31.01:312][  0]LogConfig: Setting CVar [[gc.BlueprintClusteringEnabled:0]]
[2019.02.26-11.31.01:312][  0]LogConfig: Setting CVar [[gc.UseDisregardForGCOnDedicatedServers:0]]
[2019.02.26-11.31.01:312][  0]LogConfig: Applying CVar settings from Section [/Script/Engine.NetworkSettings] File [D:/humanStuff/MyProject3/Saved/Config/Windows/Engine.ini]
[2019.02.26-11.31.01:312][  0]LogConfig: Applying CVar settings from Section [/Script/UnrealEd.CookerSettings] File [D:/humanStuff/MyProject3/Saved/Config/Windows/Engine.ini]
[2019.02.26-11.31.01:324][  0]LogConfig: Applying CVar settings from Section [ViewDistanceQuality@3] File [D:/humanStuff/MyProject3/Saved/Config/Windows/Scalability.ini]
[2019.02.26-11.31.01:324][  0]LogConfig: Setting CVar [[r.SkeletalMeshLODBias:0]]
[2019.02.26-11.31.01:324][  0]LogConfig: Setting CVar [[r.ViewDistanceScale:1.0]]
[2019.02.26-11.31.01:324][  0]LogConfig: Applying CVar settings from Section [AntiAliasingQuality@3] File [D:/humanStuff/MyProject3/Saved/Config/Windows/Scalability.ini]
[2019.02.26-11.31.01:324][  0]LogConfig: Setting CVar [[r.PostProcessAAQuality:3]]
[2019.02.26-11.31.01:324][  0]LogConfig: Applying CVar settings from Section [ShadowQuality@3] File [D:/humanStuff/MyProject3/Saved/Config/Windows/Scalability.ini]
[2019.02.26-11.31.01:324][  0]LogConfig: Setting CVar [[r.LightFunctionQuality:1]]
[2019.02.26-11.31.01:324][  0]LogConfig: Setting CVar [[r.ShadowQuality:5]]
[2019.02.26-11.31.01:324][  0]LogConfig: Setting CVar [[r.Shadow.CSM.MaxCascades:10]]
[2019.02.26-11.31.01:324][  0]LogConfig: Setting CVar [[r.Shadow.MaxResolution:2048]]
[2019.02.26-11.31.01:324][  0]LogConfig: Setting CVar [[r.Shadow.MaxCSMResolution:2048]]
[2019.02.26-11.31.01:324][  0]LogConfig: Setting CVar [[r.Shadow.RadiusThreshold:0.01]]
[2019.02.26-11.31.01:324][  0]LogConfig: Setting CVar [[r.Shadow.DistanceScale:1.0]]
[2019.02.26-11.31.01:324][  0]LogConfig: Setting CVar [[r.Shadow.CSM.TransitionScale:1.0]]
[2019.02.26-11.31.01:324][  0]LogConfig: Setting CVar [[r.Shadow.PreShadowResolutionFactor:1.0]]
[2019.02.26-11.31.01:324][  0]LogConfig: Setting CVar [[r.DistanceFieldShadowing:1]]
[2019.02.26-11.31.01:324][  0]LogConfig: Setting CVar [[r.DistanceFieldAO:1]]
[2019.02.26-11.31.01:324][  0]LogConfig: Setting CVar [[r.AOQuality:2]]
[2019.02.26-11.31.01:324][  0]LogConfig: Setting CVar [[r.VolumetricFog:1]]
[2019.02.26-11.31.01:324][  0]LogConfig: Setting CVar [[r.VolumetricFog.GridPixelSize:8]]
[2019.02.26-11.31.01:324][  0]LogConfig: Setting CVar [[r.VolumetricFog.GridSizeZ:128]]
[2019.02.26-11.31.01:324][  0]LogConfig: Setting CVar [[r.VolumetricFog.HistoryMissSupersampleCount:4]]
[2019.02.26-11.31.01:324][  0]LogConfig: Setting CVar [[r.LightMaxDrawDistanceScale:1]]
[2019.02.26-11.31.01:324][  0]LogConfig: Setting CVar [[r.CapsuleShadows:1]]
[2019.02.26-11.31.01:324][  0]LogConfig: Applying CVar settings from Section [PostProcessQuality@3] File [D:/humanStuff/MyProject3/Saved/Config/Windows/Scalability.ini]
[2019.02.26-11.31.01:324][  0]LogConfig: Setting CVar [[r.MotionBlurQuality:0]]
[2019.02.26-11.31.01:324][  0]LogConfig: Setting CVar [[r.AmbientOcclusionMipLevelFactor:0.4]]
[2019.02.26-11.31.01:324][  0]LogConfig: Setting CVar [[r.AmbientOcclusionMaxQuality:100]]
[2019.02.26-11.31.01:324][  0]LogConfig: Setting CVar [[r.AmbientOcclusionLevels:0]]
[2019.02.26-11.31.01:324][  0]LogConfig: Setting CVar [[r.AmbientOcclusionRadiusScale:1.0]]
[2019.02.26-11.31.01:324][  0]LogConfig: Setting CVar [[r.DepthOfFieldQuality:0]]
[2019.02.26-11.31.01:324][  0]LogConfig: Setting CVar [[r.RenderTargetPoolMin:400]]
[2019.02.26-11.31.01:324][  0]LogConfig: Setting CVar [[r.LensFlareQuality:0]]
[2019.02.26-11.31.01:324][  0]LogConfig: Setting CVar [[r.SceneColorFringeQuality:0]]
[2019.02.26-11.31.01:324][  0]LogConfig: Setting CVar [[r.EyeAdaptationQuality:2]]
[2019.02.26-11.31.01:324][  0]LogConfig: Setting CVar [[r.BloomQuality:1]]
[2019.02.26-11.31.01:324][  0]LogConfig: Setting CVar [[r.FastBlurThreshold:0]]
[2019.02.26-11.31.01:324][  0]LogConfig: Setting CVar [[r.Upscale.Quality:3]]
[2019.02.26-11.31.01:324][  0]LogConfig: Setting CVar [[r.Tonemapper.GrainQuantization:1]]
[2019.02.26-11.31.01:324][  0]LogConfig: Setting CVar [[r.LightShaftQuality:1]]
[2019.02.26-11.31.01:324][  0]LogConfig: Setting CVar [[r.Filter.SizeScale:1]]
[2019.02.26-11.31.01:324][  0]LogConfig: Setting CVar [[r.Tonemapper.Quality:5]]
[2019.02.26-11.31.01:324][  0]LogConfig: Setting CVar [[r.DOF.Gather.AccumulatorQuality:1        ; higher gathering accumulator quality]]
[2019.02.26-11.31.01:324][  0]LogConfig: Setting CVar [[r.DOF.Gather.PostfilterMethod:1          ; Median3x3 postfilering method]]
[2019.02.26-11.31.01:324][  0]LogConfig: Setting CVar [[r.DOF.Gather.EnableBokehSettings:0       ; no bokeh simulation when gathering]]
[2019.02.26-11.31.01:324][  0]LogConfig: Setting CVar [[r.DOF.Gather.RingCount:4                 ; medium number of samples when gathering]]
[2019.02.26-11.31.01:324][  0]LogConfig: Setting CVar [[r.DOF.Scatter.ForegroundCompositing:1    ; additive foreground scattering]]
[2019.02.26-11.31.01:324][  0]LogConfig: Setting CVar [[r.DOF.Scatter.BackgroundCompositing:2    ; additive background scattering]]
[2019.02.26-11.31.01:324][  0]LogConfig: Setting CVar [[r.DOF.Scatter.EnableBokehSettings:1      ; bokeh simulation when scattering]]
[2019.02.26-11.31.01:324][  0]LogConfig: Setting CVar [[r.DOF.Scatter.MaxSpriteRatio:0.1         ; only a maximum of 10% of scattered bokeh]]
[2019.02.26-11.31.01:324][  0]LogConfig: Setting CVar [[r.DOF.Recombine.Quality:1                ; cheap slight out of focus]]
[2019.02.26-11.31.01:324][  0]LogConfig: Setting CVar [[r.DOF.Recombine.EnableBokehSettings:0    ; no bokeh simulation on slight out of focus]]
[2019.02.26-11.31.01:324][  0]LogConfig: Setting CVar [[r.DOF.TemporalAAQuality:1                ; more stable temporal accumulation]]
[2019.02.26-11.31.01:324][  0]LogConfig: Setting CVar [[r.DOF.Kernel.MaxForegroundRadius:0.025]]
[2019.02.26-11.31.01:324][  0]LogConfig: Setting CVar [[r.DOF.Kernel.MaxBackgroundRadius:0.025]]
[2019.02.26-11.31.01:324][  0]LogConfig: Applying CVar settings from Section [TextureQuality@3] File [D:/humanStuff/MyProject3/Saved/Config/Windows/Scalability.ini]
[2019.02.26-11.31.01:324][  0]LogConfig: Setting CVar [[r.Streaming.MipBias:0]]
[2019.02.26-11.31.01:324][  0]LogConfig: Setting CVar [[r.Streaming.AmortizeCPUToGPUCopy:0]]
[2019.02.26-11.31.01:324][  0]LogConfig: Setting CVar [[r.Streaming.MaxNumTexturesToStreamPerFrame:0]]
[2019.02.26-11.31.01:324][  0]LogConfig: Setting CVar [[r.Streaming.Boost:1]]
[2019.02.26-11.31.01:324][  0]LogConfig: Setting CVar [[r.MaxAnisotropy:8]]
[2019.02.26-11.31.01:324][  0]LogConfig: Setting CVar [[r.Streaming.LimitPoolSizeToVRAM:0]]
[2019.02.26-11.31.01:324][  0]LogConfig: Setting CVar [[r.Streaming.PoolSize:1000]]
[2019.02.26-11.31.01:324][  0]LogConfig: Setting CVar [[r.Streaming.MaxEffectiveScreenSize:0]]
[2019.02.26-11.31.01:324][  0]LogConfig: Applying CVar settings from Section [EffectsQuality@3] File [D:/humanStuff/MyProject3/Saved/Config/Windows/Scalability.ini]
[2019.02.26-11.31.01:324][  0]LogConfig: Setting CVar [[r.TranslucencyLightingVolumeDim:4]]
[2019.02.26-11.31.01:324][  0]LogConfig: Setting CVar [[r.RefractionQuality:2]]
[2019.02.26-11.31.01:324][  0]LogConfig: Setting CVar [[r.SSR.Quality:0]]
[2019.02.26-11.31.01:324][  0]LogConfig: Setting CVar [[r.SceneColorFormat:2]]
[2019.02.26-11.31.01:324][  0]LogConfig: Setting CVar [[r.DetailMode:2]]
[2019.02.26-11.31.01:324][  0]LogConfig: Setting CVar [[r.TranslucencyVolumeBlur:0]]
[2019.02.26-11.31.01:324][  0]LogConfig: Setting CVar [[r.MaterialQualityLevel:1 ; High quality]]
[2019.02.26-11.31.01:324][  0]LogConfig: Setting CVar [[r.SSS.Scale:1]]
[2019.02.26-11.31.01:324][  0]LogConfig: Setting CVar [[r.SSS.SampleSet:2]]
[2019.02.26-11.31.01:324][  0]LogConfig: Setting CVar [[r.SSS.Quality:1]]
[2019.02.26-11.31.01:324][  0]LogConfig: Setting CVar [[r.SSS.HalfRes:1]]
[2019.02.26-11.31.01:324][  0]LogConfig: Setting CVar [[r.EmitterSpawnRateScale:1.0]]
[2019.02.26-11.31.01:324][  0]LogConfig: Setting CVar [[r.ParticleLightQuality:2]]
[2019.02.26-11.31.01:324][  0]LogConfig: Applying CVar settings from Section [FoliageQuality@3] File [D:/humanStuff/MyProject3/Saved/Config/Windows/Scalability.ini]
[2019.02.26-11.31.01:324][  0]LogConfig: Setting CVar [[foliage.DensityScale:1.0]]
[2019.02.26-11.31.01:324][  0]LogConfig: Setting CVar [[grass.DensityScale:1.0]]
[2019.02.26-11.31.01:326][  0]LogInit: Selected Device Profile: [Windows]
[2019.02.26-11.31.01:327][  0]LogInit: Applying CVar settings loaded from the selected device profile: [Windows]
[2019.02.26-11.31.01:338][  0]LogHAL: Display: Platform has ~ 16 GB [17018638336 / 17179869184 / 16], which maps to Larger [LargestMinGB=32, LargerMinGB=12, DefaultMinGB=8, SmallerMinGB=6, SmallestMinGB=0)
[2019.02.26-11.31.01:340][  0]LogConfig: Setting CVar [[r.Vulkan.UseRealUBs:1]]
[2019.02.26-11.31.01:340][  0]LogInit: Going up to parent DeviceProfile []
[2019.02.26-11.31.01:341][  0]LogConfig: Applying CVar settings from Section [ViewDistanceQuality@3] File [D:/humanStuff/MyProject3/Saved/Config/Windows/Scalability.ini]
[2019.02.26-11.31.01:341][  0]LogConfig: Setting CVar [[r.SkeletalMeshLODBias:0]]
[2019.02.26-11.31.01:341][  0]LogConfig: Setting CVar [[r.ViewDistanceScale:1.0]]
[2019.02.26-11.31.01:341][  0]LogConfig: Applying CVar settings from Section [AntiAliasingQuality@3] File [D:/humanStuff/MyProject3/Saved/Config/Windows/Scalability.ini]
[2019.02.26-11.31.01:341][  0]LogConfig: Setting CVar [[r.PostProcessAAQuality:3]]
[2019.02.26-11.31.01:341][  0]LogConfig: Applying CVar settings from Section [ShadowQuality@3] File [D:/humanStuff/MyProject3/Saved/Config/Windows/Scalability.ini]
[2019.02.26-11.31.01:341][  0]LogConfig: Setting CVar [[r.LightFunctionQuality:1]]
[2019.02.26-11.31.01:341][  0]LogConfig: Setting CVar [[r.ShadowQuality:5]]
[2019.02.26-11.31.01:341][  0]LogConfig: Setting CVar [[r.Shadow.CSM.MaxCascades:10]]
[2019.02.26-11.31.01:341][  0]LogConfig: Setting CVar [[r.Shadow.MaxResolution:2048]]
[2019.02.26-11.31.01:341][  0]LogConfig: Setting CVar [[r.Shadow.MaxCSMResolution:2048]]
[2019.02.26-11.31.01:341][  0]LogConfig: Setting CVar [[r.Shadow.RadiusThreshold:0.01]]
[2019.02.26-11.31.01:341][  0]LogConfig: Setting CVar [[r.Shadow.DistanceScale:1.0]]
[2019.02.26-11.31.01:341][  0]LogConfig: Setting CVar [[r.Shadow.CSM.TransitionScale:1.0]]
[2019.02.26-11.31.01:341][  0]LogConfig: Setting CVar [[r.Shadow.PreShadowResolutionFactor:1.0]]
[2019.02.26-11.31.01:341][  0]LogConfig: Setting CVar [[r.DistanceFieldShadowing:1]]
[2019.02.26-11.31.01:341][  0]LogConfig: Setting CVar [[r.DistanceFieldAO:1]]
[2019.02.26-11.31.01:341][  0]LogConfig: Setting CVar [[r.AOQuality:2]]
[2019.02.26-11.31.01:341][  0]LogConfig: Setting CVar [[r.VolumetricFog:1]]
[2019.02.26-11.31.01:341][  0]LogConfig: Setting CVar [[r.VolumetricFog.GridPixelSize:8]]
[2019.02.26-11.31.01:341][  0]LogConfig: Setting CVar [[r.VolumetricFog.GridSizeZ:128]]
[2019.02.26-11.31.01:341][  0]LogConfig: Setting CVar [[r.VolumetricFog.HistoryMissSupersampleCount:4]]
[2019.02.26-11.31.01:341][  0]LogConfig: Setting CVar [[r.LightMaxDrawDistanceScale:1]]
[2019.02.26-11.31.01:341][  0]LogConfig: Setting CVar [[r.CapsuleShadows:1]]
[2019.02.26-11.31.01:341][  0]LogConfig: Applying CVar settings from Section [PostProcessQuality@3] File [D:/humanStuff/MyProject3/Saved/Config/Windows/Scalability.ini]
[2019.02.26-11.31.01:341][  0]LogConfig: Setting CVar [[r.MotionBlurQuality:0]]
[2019.02.26-11.31.01:341][  0]LogConfig: Setting CVar [[r.AmbientOcclusionMipLevelFactor:0.4]]
[2019.02.26-11.31.01:341][  0]LogConfig: Setting CVar [[r.AmbientOcclusionMaxQuality:100]]
[2019.02.26-11.31.01:341][  0]LogConfig: Setting CVar [[r.AmbientOcclusionLevels:0]]
[2019.02.26-11.31.01:341][  0]LogConfig: Setting CVar [[r.AmbientOcclusionRadiusScale:1.0]]
[2019.02.26-11.31.01:341][  0]LogConfig: Setting CVar [[r.DepthOfFieldQuality:0]]
[2019.02.26-11.31.01:341][  0]LogConfig: Setting CVar [[r.RenderTargetPoolMin:400]]
[2019.02.26-11.31.01:341][  0]LogConfig: Setting CVar [[r.LensFlareQuality:0]]
[2019.02.26-11.31.01:341][  0]LogConfig: Setting CVar [[r.SceneColorFringeQuality:0]]
[2019.02.26-11.31.01:341][  0]LogConfig: Setting CVar [[r.EyeAdaptationQuality:2]]
[2019.02.26-11.31.01:341][  0]LogConfig: Setting CVar [[r.BloomQuality:1]]
[2019.02.26-11.31.01:341][  0]LogConfig: Setting CVar [[r.FastBlurThreshold:0]]
[2019.02.26-11.31.01:341][  0]LogConfig: Setting CVar [[r.Upscale.Quality:3]]
[2019.02.26-11.31.01:341][  0]LogConfig: Setting CVar [[r.Tonemapper.GrainQuantization:1]]
[2019.02.26-11.31.01:341][  0]LogConfig: Setting CVar [[r.LightShaftQuality:1]]
[2019.02.26-11.31.01:341][  0]LogConfig: Setting CVar [[r.Filter.SizeScale:1]]
[2019.02.26-11.31.01:341][  0]LogConfig: Setting CVar [[r.Tonemapper.Quality:5]]
[2019.02.26-11.31.01:341][  0]LogConfig: Setting CVar [[r.DOF.Gather.AccumulatorQuality:1        ; higher gathering accumulator quality]]
[2019.02.26-11.31.01:341][  0]LogConfig: Setting CVar [[r.DOF.Gather.PostfilterMethod:1          ; Median3x3 postfilering method]]
[2019.02.26-11.31.01:341][  0]LogConfig: Setting CVar [[r.DOF.Gather.EnableBokehSettings:0       ; no bokeh simulation when gathering]]
[2019.02.26-11.31.01:341][  0]LogConfig: Setting CVar [[r.DOF.Gather.RingCount:4                 ; medium number of samples when gathering]]
[2019.02.26-11.31.01:341][  0]LogConfig: Setting CVar [[r.DOF.Scatter.ForegroundCompositing:1    ; additive foreground scattering]]
[2019.02.26-11.31.01:341][  0]LogConfig: Setting CVar [[r.DOF.Scatter.BackgroundCompositing:2    ; additive background scattering]]
[2019.02.26-11.31.01:341][  0]LogConfig: Setting CVar [[r.DOF.Scatter.EnableBokehSettings:1      ; bokeh simulation when scattering]]
[2019.02.26-11.31.01:341][  0]LogConfig: Setting CVar [[r.DOF.Scatter.MaxSpriteRatio:0.1         ; only a maximum of 10% of scattered bokeh]]
[2019.02.26-11.31.01:341][  0]LogConfig: Setting CVar [[r.DOF.Recombine.Quality:1                ; cheap slight out of focus]]
[2019.02.26-11.31.01:341][  0]LogConfig: Setting CVar [[r.DOF.Recombine.EnableBokehSettings:0    ; no bokeh simulation on slight out of focus]]
[2019.02.26-11.31.01:341][  0]LogConfig: Setting CVar [[r.DOF.TemporalAAQuality:1                ; more stable temporal accumulation]]
[2019.02.26-11.31.01:341][  0]LogConfig: Setting CVar [[r.DOF.Kernel.MaxForegroundRadius:0.025]]
[2019.02.26-11.31.01:341][  0]LogConfig: Setting CVar [[r.DOF.Kernel.MaxBackgroundRadius:0.025]]
[2019.02.26-11.31.01:341][  0]LogConfig: Applying CVar settings from Section [TextureQuality@3] File [D:/humanStuff/MyProject3/Saved/Config/Windows/Scalability.ini]
[2019.02.26-11.31.01:341][  0]LogConfig: Setting CVar [[r.Streaming.MipBias:0]]
[2019.02.26-11.31.01:341][  0]LogConfig: Setting CVar [[r.Streaming.AmortizeCPUToGPUCopy:0]]
[2019.02.26-11.31.01:341][  0]LogConfig: Setting CVar [[r.Streaming.MaxNumTexturesToStreamPerFrame:0]]
[2019.02.26-11.31.01:341][  0]LogConfig: Setting CVar [[r.Streaming.Boost:1]]
[2019.02.26-11.31.01:341][  0]LogConfig: Setting CVar [[r.MaxAnisotropy:8]]
[2019.02.26-11.31.01:341][  0]LogConfig: Setting CVar [[r.Streaming.LimitPoolSizeToVRAM:0]]
[2019.02.26-11.31.01:341][  0]LogConfig: Setting CVar [[r.Streaming.PoolSize:1000]]
[2019.02.26-11.31.01:341][  0]LogConfig: Setting CVar [[r.Streaming.MaxEffectiveScreenSize:0]]
[2019.02.26-11.31.01:341][  0]LogConfig: Applying CVar settings from Section [EffectsQuality@3] File [D:/humanStuff/MyProject3/Saved/Config/Windows/Scalability.ini]
[2019.02.26-11.31.01:341][  0]LogConfig: Setting CVar [[r.TranslucencyLightingVolumeDim:4]]
[2019.02.26-11.31.01:341][  0]LogConfig: Setting CVar [[r.RefractionQuality:2]]
[2019.02.26-11.31.01:341][  0]LogConfig: Setting CVar [[r.SSR.Quality:0]]
[2019.02.26-11.31.01:341][  0]LogConfig: Setting CVar [[r.SceneColorFormat:2]]
[2019.02.26-11.31.01:341][  0]LogConfig: Setting CVar [[r.DetailMode:2]]
[2019.02.26-11.31.01:341][  0]LogConfig: Setting CVar [[r.TranslucencyVolumeBlur:0]]
[2019.02.26-11.31.01:341][  0]LogConfig: Setting CVar [[r.MaterialQualityLevel:1 ; High quality]]
[2019.02.26-11.31.01:341][  0]LogConfig: Setting CVar [[r.SSS.Scale:1]]
[2019.02.26-11.31.01:341][  0]LogConfig: Setting CVar [[r.SSS.SampleSet:2]]
[2019.02.26-11.31.01:341][  0]LogConfig: Setting CVar [[r.SSS.Quality:1]]
[2019.02.26-11.31.01:341][  0]LogConfig: Setting CVar [[r.SSS.HalfRes:1]]
[2019.02.26-11.31.01:341][  0]LogConfig: Setting CVar [[r.EmitterSpawnRateScale:1.0]]
[2019.02.26-11.31.01:341][  0]LogConfig: Setting CVar [[r.ParticleLightQuality:2]]
[2019.02.26-11.31.01:341][  0]LogConfig: Applying CVar settings from Section [FoliageQuality@3] File [D:/humanStuff/MyProject3/Saved/Config/Windows/Scalability.ini]
[2019.02.26-11.31.01:341][  0]LogConfig: Setting CVar [[foliage.DensityScale:1.0]]
[2019.02.26-11.31.01:342][  0]LogConfig: Setting CVar [[grass.DensityScale:1.0]]
[2019.02.26-11.31.01:342][  0]LogConfig: Applying CVar settings from Section [Startup] File [../../../Engine/Config/ConsoleVariables.ini]
[2019.02.26-11.31.01:342][  0]LogConfig: Setting CVar [[net.UseAdaptiveNetUpdateFrequency:0]]
[2019.02.26-11.31.01:342][  0]LogConfig: Applying CVar settings from Section [ConsoleVariables] File [D:/humanStuff/MyProject3/Saved/Config/Windows/Engine.ini]
[2019.02.26-11.31.01:344][  0]LogInit: Computer: MSI
[2019.02.26-11.31.01:344][  0]LogInit: User: Gretchen
[2019.02.26-11.31.01:344][  0]LogInit: CPU Page size=4096, Cores=6
[2019.02.26-11.31.01:344][  0]LogInit: High frequency timer resolution =2.156250 MHz
[2019.02.26-11.31.01:344][  0]LogMemory: Memory total: Physical=15.8GB (16GB approx)
[2019.02.26-11.31.01:344][  0]LogMemory: Platform Memory Stats for Windows
[2019.02.26-11.31.01:344][  0]LogMemory: Process Physical Memory: 109.11 MB used, 109.11 MB peak
[2019.02.26-11.31.01:344][  0]LogMemory: Process Virtual Memory: 108.55 MB used, 108.55 MB peak
[2019.02.26-11.31.01:344][  0]LogMemory: Physical Memory: 4421.75 MB used,  11808.49 MB free, 16230.24 MB total
[2019.02.26-11.31.01:344][  0]LogMemory: Virtual Memory: 4699.04 MB used,  134213032.00 MB free, 134217728.00 MB total
[2019.02.26-11.31.01:713][  0]LogInit: Using OS detected language (en-US).
[2019.02.26-11.31.01:713][  0]LogInit: Using OS detected locale (en-US).
[2019.02.26-11.31.01:717][  0]LogTextLocalizationManager: No specific localization for 'en-US' exists, so the 'en' localization will be used.
[2019.02.26-11.31.02:129][  0]LogStreaming: Display: Took  0.417s to InitEngineTextLocalization.
[2019.02.26-11.31.02:130][  0]LogInit: Setting process to per monitor DPI aware
[2019.02.26-11.31.02:204][  0]LogSlate: New Slate User Created.  User Index 0, Is Virtual User: 0
[2019.02.26-11.31.02:204][  0]LogSlate: Slate User Registered.  User Index 0, Is Virtual User: 0
[2019.02.26-11.31.02:664][  0]LogHMD: Failed to initialize OpenVR with code 126
[2019.02.26-11.31.02:664][  0]LogD3D11RHI: D3D11 adapters:
[2019.02.26-11.31.02:814][  0]LogD3D11RHI:    0. 'NVIDIA GeForce GTX 1060' (Feature Level 11_0)
[2019.02.26-11.31.02:814][  0]LogD3D11RHI:       6052/0/8115 MB DedicatedVideo/DedicatedSystem/SharedSystem, Outputs:1, VendorId:0x10de
[2019.02.26-11.31.02:827][  0]LogD3D11RHI:    1. 'Intel(R) UHD Graphics 630' (Feature Level 11_0)
[2019.02.26-11.31.02:827][  0]LogD3D11RHI:       128/0/8115 MB DedicatedVideo/DedicatedSystem/SharedSystem, Outputs:0, VendorId:0x8086
[2019.02.26-11.31.02:829][  0]LogD3D11RHI:    2. 'Microsoft Basic Render Driver' (Feature Level 11_0)
[2019.02.26-11.31.02:829][  0]LogD3D11RHI:       0/0/8115 MB DedicatedVideo/DedicatedSystem/SharedSystem, Outputs:0, VendorId:0x1414
[2019.02.26-11.31.02:829][  0]LogD3D11RHI: Chosen D3D11 Adapter: 0
[2019.02.26-11.31.02:855][  0]LogD3D11RHI: Creating new Direct3DDevice
[2019.02.26-11.31.02:855][  0]LogD3D11RHI:     GPU DeviceId: 0x1c20 (for the marketing name, search the web for "GPU Device Id")
[2019.02.26-11.31.02:855][  0]LogWindows: EnumDisplayDevices:
[2019.02.26-11.31.02:856][  0]LogWindows:    0. 'Intel(R) UHD Graphics 630' (P:1 D:1)
[2019.02.26-11.31.02:856][  0]LogWindows:    1. 'Intel(R) UHD Graphics 630' (P:0 D:0)
[2019.02.26-11.31.02:856][  0]LogWindows:    2. 'Intel(R) UHD Graphics 630' (P:0 D:0)
[2019.02.26-11.31.02:857][  0]LogWindows:    3. 'NVIDIA GeForce GTX 1060' (P:0 D:0)
[2019.02.26-11.31.02:857][  0]LogWindows:    4. 'NVIDIA GeForce GTX 1060' (P:0 D:0)
[2019.02.26-11.31.02:857][  0]LogWindows:    5. 'NVIDIA GeForce GTX 1060' (P:0 D:0)
[2019.02.26-11.31.02:857][  0]LogWindows:    6. 'NVIDIA GeForce GTX 1060' (P:0 D:0)
[2019.02.26-11.31.02:857][  0]LogWindows: DebugString: PrimaryIsNotTheChoosenAdapter PrimaryIsNotTheChoosenAdapter PrimaryIsNotTheChoosenAdapter FoundDriverCount:4 
[2019.02.26-11.31.02:857][  0]LogD3D11RHI:     Adapter Name: NVIDIA GeForce GTX 1060
[2019.02.26-11.31.02:858][  0]LogD3D11RHI:   Driver Version: 398.35 (internal:24.21.13.9835, unified:398.35)
[2019.02.26-11.31.02:858][  0]LogD3D11RHI:      Driver Date: 6-21-2018
[2019.02.26-11.31.02:858][  0]LogRHI: Texture pool is 4236 MB (70% of 6052 MB)
[2019.02.26-11.31.02:892][  0]LogD3D11RHI: Async texture creation enabled
[2019.02.26-11.31.02:933][  0]LogD3D11RHI: GPU Timing Frequency: 1000.000000 (Debug: 2 2)
[2019.02.26-11.31.03:258][  0]LogTemp: Display: Loaded TP AllDesktopTargetPlatform
[2019.02.26-11.31.03:271][  0]LogTemp: Display: Loaded TP MacClientTargetPlatform
[2019.02.26-11.31.03:285][  0]LogTemp: Display: Loaded TP MacNoEditorTargetPlatform
[2019.02.26-11.31.03:297][  0]LogTemp: Display: Loaded TP MacServerTargetPlatform
[2019.02.26-11.31.03:312][  0]LogTemp: Display: Loaded TP MacTargetPlatform
[2019.02.26-11.31.03:334][  0]LogTemp: Display: Loaded TP WindowsClientTargetPlatform
[2019.02.26-11.31.03:349][  0]LogTemp: Display: Loaded TP WindowsNoEditorTargetPlatform
[2019.02.26-11.31.03:369][  0]LogTemp: Display: Loaded TP WindowsServerTargetPlatform
[2019.02.26-11.31.03:380][  0]LogTemp: Display: Loaded TP WindowsTargetPlatform
[2019.02.26-11.31.03:445][  0]LogTemp: Display: Loaded TP AndroidTargetPlatform
[2019.02.26-11.31.03:445][  0]LogTemp: Display: Loaded TP AndroidTargetPlatform
[2019.02.26-11.31.03:445][  0]LogTemp: Display: Loaded TP AndroidTargetPlatform
[2019.02.26-11.31.03:445][  0]LogTemp: Display: Loaded TP AndroidTargetPlatform
[2019.02.26-11.31.03:445][  0]LogTemp: Display: Loaded TP AndroidTargetPlatform
[2019.02.26-11.31.03:445][  0]LogTemp: Display: Loaded TP AndroidTargetPlatform
[2019.02.26-11.31.03:445][  0]LogTemp: Display: Loaded TP AndroidTargetPlatform
[2019.02.26-11.31.03:445][  0]LogTemp: Display: Loaded TP AndroidTargetPlatform
[2019.02.26-11.31.03:445][  0]LogTemp: Display: Loaded TP AndroidTargetPlatform
[2019.02.26-11.31.03:445][  0]LogTemp: Display: Loaded TP AndroidTargetPlatform
[2019.02.26-11.31.03:445][  0]LogTemp: Display: Loaded TP AndroidTargetPlatform
[2019.02.26-11.31.03:445][  0]LogTemp: Display: Loaded TP AndroidTargetPlatform
[2019.02.26-11.31.03:445][  0]LogTemp: Display: Loaded TP AndroidTargetPlatform
[2019.02.26-11.31.03:445][  0]LogTemp: Display: Loaded TP AndroidTargetPlatform
[2019.02.26-11.31.03:445][  0]LogTemp: Display: Loaded TP AndroidTargetPlatform
[2019.02.26-11.31.03:445][  0]LogTemp: Display: Loaded TP AndroidTargetPlatform
[2019.02.26-11.31.03:445][  0]LogTemp: Display: Loaded TP AndroidTargetPlatform
[2019.02.26-11.31.03:445][  0]LogTemp: Display: Loaded TP AndroidTargetPlatform
[2019.02.26-11.31.03:449][  0]LogTemp: Display: Loaded TP HTML5TargetPlatform
[2019.02.26-11.31.03:516][  0]LogTemp: Display: Loaded TP IOSTargetPlatform
[2019.02.26-11.31.03:516][  0]LogTemp: Display: Loaded TP IOSTargetPlatform
[2019.02.26-11.31.03:537][  0]LogTemp: Display: Loaded TP TVOSTargetPlatform
[2019.02.26-11.31.03:537][  0]LogTemp: Display: Loaded TP TVOSTargetPlatform
[2019.02.26-11.31.03:554][  0]LogTemp: Display: Loaded TP LinuxClientTargetPlatform
[2019.02.26-11.31.03:699][  0]LogTemp: Display: Loaded TP LinuxNoEditorTargetPlatform
[2019.02.26-11.31.03:716][  0]LogTemp: Display: Loaded TP LinuxServerTargetPlatform
[2019.02.26-11.31.03:732][  0]LogTemp: Display: Loaded TP LinuxTargetPlatform
[2019.02.26-11.31.03:777][  0]LogTemp: Display: Loaded TP LuminTargetPlatform
[2019.02.26-11.31.03:777][  0]LogTemp: Display: Loaded TP LuminTargetPlatform
[2019.02.26-11.31.03:777][  0]LogTargetPlatformManager: Display: Building Assets For Windows
[2019.02.26-11.31.03:940][  0]LogShaderCompilers: Guid format shader working directory is 24 characters bigger than the processId version (D:/humanStuff/MyProject3/Intermediate/Shaders/WorkingDirectory/17012/).
[2019.02.26-11.31.03:940][  0]LogShaderCompilers: Cleaned the shader compiler working directory 'C:/Users/Gretchen/AppData/Local/Temp/UnrealShaderWorkingDir/D7903AC44CAA6D26A58CA1BB91BBC99F/'.
[2019.02.26-11.31.03:943][  0]LogXGEController: Cleaning working directory: C:/Users/Gretchen/AppData/Local/Temp/UnrealXGEWorkingDir/
[2019.02.26-11.31.03:944][  0]LogXGEController: Cannot use XGE Controller as Incredibuild is not installed on this machine.
[2019.02.26-11.31.03:944][  0]LogShaderCompilers: Cannot use XGE Shader Compiler as Incredibuild is not installed on this machine.
[2019.02.26-11.31.03:944][  0]LogShaderCompilers: Display: Using Local Shader Compiler.
[2019.02.26-11.31.04:655][  0]LogDerivedDataCache: Display: Max Cache Size: 512 MB
[2019.02.26-11.31.05:097][  0]LogDerivedDataCache: Loaded boot cache 0.44s 71MB C:/Users/Gretchen/AppData/Local/UnrealEngine/4.21/DerivedDataCache/Boot.ddc.
[2019.02.26-11.31.05:098][  0]LogDerivedDataCache: Display: Loaded Boot cache: C:/Users/Gretchen/AppData/Local/UnrealEngine/4.21/DerivedDataCache/Boot.ddc
[2019.02.26-11.31.05:098][  0]LogDerivedDataCache: FDerivedDataBackendGraph:  Pak pak cache file D:/humanStuff/MyProject3/DerivedDataCache/DDC.ddp not found, will not use a pak cache.
[2019.02.26-11.31.05:098][  0]LogDerivedDataCache: Unable to find inner node Pak for hierarchical cache Hierarchy.
[2019.02.26-11.31.05:098][  0]LogDerivedDataCache: FDerivedDataBackendGraph:  CompressedPak pak cache file D:/humanStuff/MyProject3/DerivedDataCache/Compressed.ddp not found, will not use a pak cache.
[2019.02.26-11.31.05:098][  0]LogDerivedDataCache: Unable to find inner node CompressedPak for hierarchical cache Hierarchy.
[2019.02.26-11.31.05:112][  0]LogDerivedDataCache: Display: Pak cache opened for reading ../../../Engine/DerivedDataCache/Compressed.ddp.
[2019.02.26-11.31.05:113][  0]LogDerivedDataCache: FDerivedDataBackendGraph:  EnterprisePak pak cache file ../../../Enterprise/DerivedDataCache/Compressed.ddp not found, will not use a pak cache.
[2019.02.26-11.31.05:113][  0]LogDerivedDataCache: Unable to find inner node EnterprisePak for hierarchical cache Hierarchy.
[2019.02.26-11.31.05:126][  0]LogDerivedDataCache: Using Local data cache path C:/Users/Gretchen/AppData/Local/UnrealEngine/Common/DerivedDataCache: Writable
[2019.02.26-11.31.05:126][  0]LogDerivedDataCache: Shared data cache path not found in *engine.ini, will not use an Shared cache.
[2019.02.26-11.31.05:126][  0]LogDerivedDataCache: Unable to find inner node Shared for hierarchical cache Hierarchy.
[2019.02.26-11.31.05:151][  0]LogMaterial: Verifying Global Shaders for PCD3D_SM5
[2019.02.26-11.31.05:167][  0]LogSlate: Using FreeType 2.6.0
[2019.02.26-11.31.05:175][  0]LogSlate: SlateFontServices - WITH_FREETYPE: 1, WITH_HARFBUZZ: 1
[2019.02.26-11.31.05:422][  0]LogAssetRegistry: FAssetRegistry took 0.0399 seconds to start up
[2019.02.26-11.31.05:982][  0]LogInit: Selected Device Profile: [Windows]
[2019.02.26-11.31.06:312][  0]LogSimplygon: Simplygon DLL not present - disabling.
[2019.02.26-11.31.06:350][  0]LogMeshReduction: Using SimplygonSwarm for distributed automatic mesh merging
[2019.02.26-11.31.06:351][  0]LogMeshReduction: Using ProxyLODMeshReduction for automatic mesh merging
[2019.02.26-11.31.06:353][  0]LogMeshReduction: Using QuadricMeshReduction for automatic static mesh reduction
[2019.02.26-11.31.06:353][  0]LogMeshReduction: No automatic skeletal mesh reduction module available
[2019.02.26-11.31.06:402][  0]LogNetVersion: HumanStuff 1.0.0, NetCL: 4541578, EngineNetVer: 5, GameNetVer: 0 (Checksum: 1645013271)
[2019.02.26-11.31.07:378][  0]LogPackageLocalizationCache: Processed 11 localized package path(s) for 2 prioritized culture(s) in 0.065890 seconds
[2019.02.26-11.31.07:383][  0]LogUObjectArray: 39775 objects as part of root set at end of initial load.
[2019.02.26-11.31.07:383][  0]LogUObjectAllocator: 6914656 out of 0 bytes used by permanent object pool.
[2019.02.26-11.31.07:383][  0]LogUObjectArray: CloseDisregardForGC: 0/0 objects in disregard for GC pool
[2019.02.26-11.31.09:546][  0]LogTcpMessaging: Initializing TcpMessaging bridge
[2019.02.26-11.31.09:568][  0]LogUdpMessaging: Initializing bridge on interface 0.0.0.0:0 to multicast group 230.0.0.1:6666.
[2019.02.26-11.31.10:445][  0]SourceControl: Source control is disabled
[2019.02.26-11.31.10:446][  0]SourceControl: Source control is disabled
[2019.02.26-11.31.10:464][  0]SourceControl: Source control is disabled
[2019.02.26-11.31.10:470][  0]SourceControl: Source control is disabled
[2019.02.26-11.31.10:857][  0]LogAndroidPermission: UAndroidPermissionCallbackProxy::GetInstance
[2019.02.26-11.31.11:334][  0]LogOcInput: OculusInput pre-init called
[2019.02.26-11.31.11:585][  0]LogEngine: Initializing Engine...
[2019.02.26-11.31.11:606][  0]LogHMD: Failed to initialize OpenVR with code 126
[2019.02.26-11.31.11:610][  0]LogStats: UGameplayTagsManager::ConstructGameplayTagTree: ImportINI prefixes -  0.001 s
[2019.02.26-11.31.11:610][  0]LogStats: UGameplayTagsManager::ConstructGameplayTagTree: Construct from data asset -  0.000 s
[2019.02.26-11.31.11:610][  0]LogStats: UGameplayTagsManager::ConstructGameplayTagTree: ImportINI -  0.000 s
[2019.02.26-11.31.11:611][  0]LogStats: UGameplayTagsManager::ConstructGameplayTagTree: GameplayTagTreeChangedEvent.Broadcast -  0.001 s
[2019.02.26-11.31.11:867][  0]LogInit: Initializing FReadOnlyCVARCache
[2019.02.26-11.31.11:933][  0]LogAIModule: Creating AISystem for world Untitled
[2019.02.26-11.31.11:956][  0]LogInit: XAudio2 using 'Speakers (2- Realtek(R) Audio)' : 6 channels at 48 kHz using 32 bits per sample (channel mask 0x3f)
[2019.02.26-11.31.12:173][  0]LogInit: FAudioDevice initialized.
[2019.02.26-11.31.12:174][  0]LogNetVersion: Set ProjectVersion to 1.0.0.0. Version Checksum will be recalculated on next use.
[2019.02.26-11.31.12:306][  0]LogDerivedDataCache: Saved boot cache 0.13s 71MB C:/Users/Gretchen/AppData/Local/UnrealEngine/4.21/DerivedDataCache/Boot.ddc.
[2019.02.26-11.31.12:315][  0]LogInit: Texture streaming: Enabled
[2019.02.26-11.31.12:345][  0]LogEngineSessionManager: EngineSessionManager initialized
[2019.02.26-11.31.12:367][  0]LogInit: Transaction tracking system initialized
[2019.02.26-11.31.12:433][  0]BlueprintLog: New page: Editor Load
[2019.02.26-11.31.12:728][  0]LocalizationService: Localization service is disabled
[2019.02.26-11.31.13:366][  0]LogFileCache: Scanning file cache for directory 'D:/humanStuff/MyProject3/Content/' took 0.01s
[2019.02.26-11.31.13:366][  0]LogCook: Display: Max memory allowance for cook 16384mb min free memory 0mb
[2019.02.26-11.31.13:366][  0]LogCook: Display: Mobile HDR setting 1
[2019.02.26-11.31.13:366][  0]LogGameplayTags: Display: UGameplayTagsManager::DoneAddingNativeTags. DelegateIsBound: 0
[2019.02.26-11.31.13:366][  0]LogStats: UGameplayTagsManager::ConstructGameplayTagTree: ImportINI prefixes -  0.000 s
[2019.02.26-11.31.13:366][  0]LogStats: UGameplayTagsManager::ConstructGameplayTagTree: Construct from data asset -  0.000 s
[2019.02.26-11.31.13:366][  0]LogStats: UGameplayTagsManager::ConstructGameplayTagTree: ImportINI -  0.000 s
[2019.02.26-11.31.13:366][  0]LogStats: UGameplayTagsManager::ConstructGameplayTagTree: GameplayTagTreeChangedEvent.Broadcast -  0.000 s
[2019.02.26-11.31.13:688][  0]SourceControl: Source control is disabled
[2019.02.26-11.31.13:690][  0]Cmd: MAP LOAD FILE="D:/humanStuff/MyProject3/Content/StarterContent/Maps/Minimal_Default_2.umap" TEMPLATE=0 SHOWPROGRESS=1 FEATURELEVEL=3
[2019.02.26-11.31.13:692][  0]LightingResults: New page: Lighting Build
[2019.02.26-11.31.13:707][  0]MapCheck: New page: Map Check
[2019.02.26-11.31.13:707][  0]LightingResults: New page: Lighting Build
[2019.02.26-11.31.17:718][  0]LogTexture: Display: Building textures: hs_legTexture (AutoDXT, 1024X1024)
[2019.02.26-11.31.17:718][  0]LogTexture: Display: Building textures: hs_alienBombTexture (AutoDXT, 1024X1024)
[2019.02.26-11.31.17:718][  0]LogTexture: Display: Building textures: hs_vaseTexture (AutoDXT, 1024X1024)
[2019.02.26-11.31.17:718][  0]LogTexture: Display: Building textures: HQ_Lightmap0_3 (AutoDXT, 64X64)
[2019.02.26-11.31.17:718][  0]LogTexture: Display: Building textures: LQ_Lightmap_0_3 (DXT1, 64X64)
[2019.02.26-11.31.17:718][  0]LogTexture: Display: Building textures: SkyOcclusion0_3 (AutoDXT, 64X32)
[2019.02.26-11.31.17:718][  0]LogTexture: Display: Building textures: ShadowMapTexture2D_1 (G8, 64X64)
[2019.02.26-11.31.17:718][  0]LogTexture: Display: Building textures: ShadowMapTexture2D_2 (G8, 32X32)
[2019.02.26-11.31.17:718][  0]LogTexture: Display: Building textures: ShadowMapTexture2D_0 (G8, 1024X1024)
[2019.02.26-11.31.17:719][  0]LogTexture: Display: Building textures: SkyOcclusion1_2 (AutoDXT, 1024X512)
[2019.02.26-11.31.17:719][  0]LogTexture: Display: Building textures: SkyOcclusion1_1 (AutoDXT, 1024X512)
[2019.02.26-11.31.17:719][  0]LogTexture: Display: Building textures: HQ_Lightmap1_2 (AutoDXT, 1024X1024)
[2019.02.26-11.31.17:719][  0]LogTexture: Display: Building textures: LQ_Lightmap_1_2 (DXT1, 1024X1024)
[2019.02.26-11.31.17:719][  0]LogTexture: Display: Building textures: HQ_Lightmap1_1 (AutoDXT, 1024X1024)
[2019.02.26-11.31.17:719][  0]LogTexture: Display: Building textures: LQ_Lightmap_1_1 (DXT1, 1024X1024)
[2019.02.26-11.31.17:728][  0]LogStaticMesh: Building static mesh hs_vase...
[2019.02.26-11.31.17:748][  0]LogStaticMesh: Built static mesh [0.02s] /Game/Geometry/Objects/hs_vase.hs_vase
[2019.02.26-11.31.17:748][  0]LoadErrors: Warning: hs_vase Min LOD value of 1 is out of range 0..0 and has been adjusted to 0. Please verify and resave the asset.
[2019.02.26-11.31.17:771][  0]LogMaterial: Display: Missing cached shader map for material hs_froggyLeg, compiling. 
[2019.02.26-11.31.17:821][  0]LogStaticMesh: Building static mesh hs_leg...
[2019.02.26-11.31.17:844][  0]LogShaderCompilers: Display: Shaders left to compile 22
[2019.02.26-11.31.17:845][  0]LogShaderCompilers: Display: Shaders left to compile 12
[2019.02.26-11.31.17:845][  0]LogShaderCompilers: Display: Shaders left to compile 2
[2019.02.26-11.31.17:845][  0]LogStaticMesh: Built static mesh [0.02s] /Game/Geometry/Objects/hs_leg.hs_leg
[2019.02.26-11.31.17:845][  0]LoadErrors: Warning: hs_leg Min LOD value of 1 is out of range 0..0 and has been adjusted to 0. Please verify and resave the asset.
[2019.02.26-11.31.17:855][  0]LogStaticMesh: Building static mesh hs_diamond...
[2019.02.26-11.31.17:859][  0]LogStaticMesh: Built static mesh [0.00s] /Game/Geometry/Objects/hs_diamond.hs_diamond
[2019.02.26-11.31.17:859][  0]LoadErrors: Warning: hs_diamond Min LOD value of 1 is out of range 0..0 and has been adjusted to 0. Please verify and resave the asset.
[2019.02.26-11.31.17:862][  0]LoadErrors: Warning: hs_cake Min LOD value of 1 is out of range 0..0 and has been adjusted to 0. Please verify and resave the asset.
[2019.02.26-11.31.17:873][  0]LoadErrors: Warning: hs_bomb Min LOD value of 1 is out of range 0..0 and has been adjusted to 0. Please verify and resave the asset.
[2019.02.26-11.31.17:885][  0]LogStaticMesh: Building static mesh hs_alienBomb...
[2019.02.26-11.31.17:915][  0]LogStaticMesh: Built static mesh [0.03s] /Game/Geometry/Objects/hs_alienBomb.hs_alienBomb
[2019.02.26-11.31.17:916][  0]LoadErrors: Warning: hs_alienBomb Min LOD value of 1 is out of range 0..0 and has been adjusted to 0. Please verify and resave the asset.
[2019.02.26-11.31.17:925][  0]LogMaterial: Display: Missing cached shader map for material hs_alienBombTexture_Mat, compiling. 
[2019.02.26-11.31.17:953][  0]LogShaderCompilers: Display: Shaders left to compile 22
[2019.02.26-11.31.17:953][  0]LogShaderCompilers: Display: Shaders left to compile 12
[2019.02.26-11.31.17:953][  0]LogShaderCompilers: Display: Shaders left to compile 2
[2019.02.26-11.31.17:953][  0]LogMaterial: Display: Missing cached shader map for material mat_vase, compiling. 
[2019.02.26-11.31.18:029][  0]LogShaderCompilers: Display: Shaders left to compile 22
[2019.02.26-11.31.18:029][  0]LogShaderCompilers: Display: Shaders left to compile 12
[2019.02.26-11.31.18:029][  0]LogShaderCompilers: Display: Shaders left to compile 2
[2019.02.26-11.31.18:029][  0]LogMaterial: Display: Missing cached shader map for material mat_cake, compiling. 
[2019.02.26-11.31.18:085][  0]LogMaterial: Display: Missing cached shader map for material hs_diamond, compiling. 
[2019.02.26-11.31.18:239][  0]LoadErrors: Warning: hs_concreteBumper Min LOD value of 1 is out of range 0..0 and has been adjusted to 0. Please verify and resave the asset.
[2019.02.26-11.31.18:246][  0]LoadErrors: Warning: hs_groundPlane Min LOD value of 1 is out of range 0..0 and has been adjusted to 0. Please verify and resave the asset.
[2019.02.26-11.31.18:250][  0]LoadErrors: Warning: hs_lampTree Min LOD value of 1 is out of range 0..0 and has been adjusted to 0. Please verify and resave the asset.
[2019.02.26-11.31.18:254][  0]LoadErrors: Warning: hs_parkingMedian Min LOD value of 1 is out of range 0..0 and has been adjusted to 0. Please verify and resave the asset.
[2019.02.26-11.31.18:267][  0]LoadErrors: Warning: shelves Min LOD value of 1 is out of range 0..0 and has been adjusted to 0. Please verify and resave the asset.
[2019.02.26-11.31.18:270][  0]LoadErrors: Warning: skybox2 Min LOD value of 1 is out of range 0..0 and has been adjusted to 0. Please verify and resave the asset.
[2019.02.26-11.31.18:740][  0]LogAIModule: Creating AISystem for world Minimal_Default_2
[2019.02.26-11.31.18:776][  0]LogSlate: New Slate User Created.  User Index 8, Is Virtual User: 1
[2019.02.26-11.31.18:776][  0]LogSlate: Slate User Registered.  User Index 8, Is Virtual User: 1
[2019.02.26-11.31.18:811][  0]LogShaderCompilers: Display: Shaders left to compile 53
[2019.02.26-11.31.18:811][  0]LogEditorServer: Finished looking for orphan Actors (0.000 secs)
[2019.02.26-11.31.18:863][  0]Cmd: MAP CHECKDEP NOCLEARLOG
[2019.02.26-11.31.18:866][  0]MapCheck: Map check complete: 0 Error(s), 0 Warning(s), took 0.448ms to complete.
[2019.02.26-11.31.18:866][  0]LogFileHelpers: Loading map 'Minimal_Default_2' took 5.177
[2019.02.26-11.31.18:959][  0]LogShaderCompilers: Display: Shaders left to compile 43
[2019.02.26-11.31.18:959][  0]LogShaderCompilers: Display: Shaders left to compile 33
[2019.02.26-11.31.19:064][  0]LogSlate: Updating window title bar state: overlay mode, drag disabled, window buttons hidden, title bar hidden
[2019.02.26-11.31.19:077][  0]LogSlate: Updating window title bar state: overlay mode, drag disabled, window buttons hidden, title bar hidden
[2019.02.26-11.31.19:087][  0]LogSlate: Updating window title bar state: overlay mode, drag disabled, window buttons hidden, title bar hidden
[2019.02.26-11.31.19:099][  0]LogSlate: Updating window title bar state: overlay mode, drag disabled, window buttons hidden, title bar hidden
[2019.02.26-11.31.19:121][  0]LogCollectionManager: Loaded 0 collections in 0.002920 seconds
[2019.02.26-11.31.19:188][  0]LogFileCache: Scanning file cache for directory 'D:/humanStuff/MyProject3/Saved/Collections/' took 0.01s
[2019.02.26-11.31.19:188][  0]LogFileCache: Scanning file cache for directory 'D:/humanStuff/MyProject3/Content/Developers/Gretchen/Collections/' took 0.01s
[2019.02.26-11.31.19:188][  0]LogFileCache: Scanning file cache for directory 'D:/humanStuff/MyProject3/Content/Collections/' took 0.01s
[2019.02.26-11.31.19:188][  0]LogCollectionManager: Rebuilt the GUID cache for 0 collections in 0.000001 seconds
[2019.02.26-11.31.19:203][  0]LogContentBrowser: Native class hierarchy populated in 0.0129 seconds. Added 2660 classes and 625 folders.
[2019.02.26-11.31.19:225][  0]LogContentBrowser: Native class hierarchy updated for 'WidgetCarousel' in 0.0004 seconds. Added 0 classes and 0 folders.
[2019.02.26-11.31.19:234][  0]LogPakFile: Registered encryption key '00000000000000000000000000000000': 0 pak files mounted, 0 remain pending
[2019.02.26-11.31.19:241][  0]LogPakFile: Registered encryption key '00000000000000000000000000000000': 0 pak files mounted, 0 remain pending
[2019.02.26-11.31.19:243][  0]LogPakFile: Registered encryption key '00000000000000000000000000000000': 0 pak files mounted, 0 remain pending
[2019.02.26-11.31.19:245][  0]LogPakFile: Registered encryption key '00000000000000000000000000000000': 0 pak files mounted, 0 remain pending
[2019.02.26-11.31.19:248][  0]LogPakFile: Registered encryption key '00000000000000000000000000000000': 0 pak files mounted, 0 remain pending
[2019.02.26-11.31.19:250][  0]LogPakFile: Registered encryption key '00000000000000000000000000000000': 0 pak files mounted, 0 remain pending
[2019.02.26-11.31.19:252][  0]LogPakFile: Registered encryption key '00000000000000000000000000000000': 0 pak files mounted, 0 remain pending
[2019.02.26-11.31.19:255][  0]LogPakFile: Registered encryption key '00000000000000000000000000000000': 0 pak files mounted, 0 remain pending
[2019.02.26-11.31.19:258][  0]LogPakFile: Registered encryption key '00000000000000000000000000000000': 0 pak files mounted, 0 remain pending
[2019.02.26-11.31.19:260][  0]LogPakFile: Registered encryption key '00000000000000000000000000000000': 0 pak files mounted, 0 remain pending
[2019.02.26-11.31.19:262][  0]LogPakFile: Registered encryption key '00000000000000000000000000000000': 0 pak files mounted, 0 remain pending
[2019.02.26-11.31.19:265][  0]LogPakFile: Registered encryption key '00000000000000000000000000000000': 0 pak files mounted, 0 remain pending
[2019.02.26-11.31.19:267][  0]LogPakFile: Registered encryption key '00000000000000000000000000000000': 0 pak files mounted, 0 remain pending
[2019.02.26-11.31.19:269][  0]LogPakFile: Registered encryption key '00000000000000000000000000000000': 0 pak files mounted, 0 remain pending
[2019.02.26-11.31.19:271][  0]LogPakFile: Registered encryption key '00000000000000000000000000000000': 0 pak files mounted, 0 remain pending
[2019.02.26-11.31.19:273][  0]LogPakFile: Registered encryption key '00000000000000000000000000000000': 0 pak files mounted, 0 remain pending
[2019.02.26-11.31.19:276][  0]LogPakFile: Registered encryption key '00000000000000000000000000000000': 0 pak files mounted, 0 remain pending
[2019.02.26-11.31.19:278][  0]LogPakFile: Registered encryption key '00000000000000000000000000000000': 0 pak files mounted, 0 remain pending
[2019.02.26-11.31.19:280][  0]LogPakFile: Registered encryption key '00000000000000000000000000000000': 0 pak files mounted, 0 remain pending
[2019.02.26-11.31.19:282][  0]LogPakFile: Registered encryption key '00000000000000000000000000000000': 0 pak files mounted, 0 remain pending
[2019.02.26-11.31.19:285][  0]LogPakFile: Registered encryption key '00000000000000000000000000000000': 0 pak files mounted, 0 remain pending
[2019.02.26-11.31.19:287][  0]LogPakFile: Registered encryption key '00000000000000000000000000000000': 0 pak files mounted, 0 remain pending
[2019.02.26-11.31.19:290][  0]LogPakFile: Registered encryption key '00000000000000000000000000000000': 0 pak files mounted, 0 remain pending
[2019.02.26-11.31.19:292][  0]LogPakFile: Registered encryption key '00000000000000000000000000000000': 0 pak files mounted, 0 remain pending
[2019.02.26-11.31.19:294][  0]LogPakFile: Registered encryption key '00000000000000000000000000000000': 0 pak files mounted, 0 remain pending
[2019.02.26-11.31.19:297][  0]LogPakFile: Registered encryption key '00000000000000000000000000000000': 0 pak files mounted, 0 remain pending
[2019.02.26-11.31.19:436][  0]LogContentBrowser: Native class hierarchy updated for 'AddContentDialog' in 0.0004 seconds. Added 0 classes and 0 folders.
[2019.02.26-11.31.19:454][  0]LogContentBrowser: Native class hierarchy updated for 'SceneOutliner' in 0.0005 seconds. Added 1 classes and 2 folders.
[2019.02.26-11.31.19:534][  0]LogSlate: Took 0.002114 seconds to synchronously load lazily loaded font '../../../Engine/Content/Slate/Fonts/Roboto-Regular.ttf' (155K)
[2019.02.26-11.31.19:539][  0]LogSlate: Took 0.002218 seconds to synchronously load lazily loaded font '../../../Engine/Content/Slate/Fonts/Roboto-Bold.ttf' (160K)
[2019.02.26-11.31.19:552][  0]LogSlate: Took 0.001313 seconds to synchronously load lazily loaded font '../../../Engine/Content/Editor/Slate/Fonts/FontAwesome.ttf' (139K)
[2019.02.26-11.31.19:709][  0]LogRenderer: Reallocating scene render targets to support 836x436 Format 26 NumSamples 1 (Frame:1).
[2019.02.26-11.31.19:957][  0]LogContentBrowser: Native class hierarchy updated for 'HierarchicalLODOutliner' in 0.0005 seconds. Added 0 classes and 0 folders.
[2019.02.26-11.31.19:957][  0]LogLoad: (Engine Initialization) Total time: 23.59 seconds
[2019.02.26-11.31.19:958][  0]LogLoad: (Engine Initialization) Total Blueprint compile time: 0.00 seconds
[2019.02.26-11.31.19:978][  0]LogWindowsTextInputMethodSystem: Display: IME system now deactivated.
[2019.02.26-11.31.20:042][  0]LogContentStreaming: Texture pool size now 1000 MB
[2019.02.26-11.31.20:046][  0]LogSlate: FSceneViewport::OnFocusLost() reason 2
[2019.02.26-11.31.20:094][  0]LogSlate: Took 0.002305 seconds to synchronously load lazily loaded font '../../../Engine/Content/Slate/Fonts/Roboto-Light.ttf' (167K)
[2019.02.26-11.31.20:653][  5]LogShaderCompilers: Display: Shaders left to compile 23
[2019.02.26-11.31.20:653][  5]LogShaderCompilers: Display: Shaders left to compile 13
[2019.02.26-11.31.20:653][  5]LogShaderCompilers: Display: Shaders left to compile 3
[2019.02.26-11.31.20:950][  8]LogAssetRegistry: Asset discovery search completed in 15.5527 seconds
[2019.02.26-11.31.20:954][  8]LogCollectionManager: Rebuilt the object cache for 0 collections in 0.000001 seconds (found 0 objects)
[2019.02.26-11.31.20:954][  8]LogCollectionManager: Fixed up redirectors for 0 collections in 0.000112 seconds (updated 0 objects)
[2019.02.26-11.31.21:050][ 10]LogSlate: Took 0.000317 seconds to synchronously load lazily loaded font '../../../Engine/Content/Slate/Fonts/Roboto-Light.ttf' (167K)
[2019.02.26-11.31.25:702][266]LogSlate: FSceneViewport::OnFocusLost() reason 2
[2019.02.26-11.31.27:742][387]LogBlueprintUserMessages: Early PlayInEditor Detection: Level '/Game/StarterContent/Maps/Minimal_Default_2.Minimal_Default_2:PersistentLevel' has LevelScriptBlueprint '/Game/StarterContent/Maps/Minimal_Default_2.Minimal_Default_2:PersistentLevel.Minimal_Default_2' with GeneratedClass '/Game/StarterContent/Maps/Minimal_Default_2.Minimal_Default_2_C' with ClassGeneratedBy '/Game/StarterContent/Maps/Minimal_Default_2.Minimal_Default_2:PersistentLevel.Minimal_Default_2'
[2019.02.26-11.31.27:742][387]LogPlayLevel: PlayLevel: No blueprints needed recompiling
[2019.02.26-11.31.27:744][387]PIE: New page: SIE session: Minimal_Default_2 (Feb 26, 2019, 1:31:27 AM)
[2019.02.26-11.31.27:758][387]LogPlayLevel: Creating play world package: /Game/StarterContent/Maps/UEDPIE_0_Minimal_Default_2
[2019.02.26-11.31.27:775][387]LogPlayLevel: PIE: StaticDuplicateObject took: (0.016446s)
[2019.02.26-11.31.27:775][387]LogAIModule: Creating AISystem for world Minimal_Default_2
[2019.02.26-11.31.27:775][387]LogPlayLevel: PIE: World Init took: (0.000510s)
[2019.02.26-11.31.27:775][387]LogPlayLevel: PIE: Created PIE world by copying editor world from /Game/StarterContent/Maps/Minimal_Default_2.Minimal_Default_2 to /Game/StarterContent/Maps/UEDPIE_0_Minimal_Default_2.Minimal_Default_2 (0.017180s)
[2019.02.26-11.31.27:807][387]LogInit: XAudio2 using 'Speakers (2- Realtek(R) Audio)' : 6 channels at 48 kHz using 32 bits per sample (channel mask 0x3f)
[2019.02.26-11.31.27:889][387]LogInit: FAudioDevice initialized.
[2019.02.26-11.31.27:889][387]LogSlate: FSceneViewport::OnFocusLost() reason 2
[2019.02.26-11.31.27:943][387]LogLoad: Game class is 'GameModeBase'
[2019.02.26-11.31.27:950][387]LogWorld: Bringing World /Game/StarterContent/Maps/UEDPIE_0_Minimal_Default_2.Minimal_Default_2 up for play (max tick rate 60) at 2019.02.26-06.31.27
[2019.02.26-11.31.27:954][387]LogWorld: Bringing up level for play took: 0.007589
[2019.02.26-11.31.27:970][387]LogGameMode: FindPlayerStart: PATHS NOT DEFINED or NO PLAYERSTART with positive rating
[2019.02.26-11.31.27:979][387]LogContentBrowser: Native class hierarchy updated for 'MovieSceneCapture' in 0.0003 seconds. Added 20 classes and 0 folders.
[2019.02.26-11.31.27:982][387]LogBlueprintUserMessages: Warning: SetTimer passed a bad function (TimeFunctionTick) or object (MotionControllerPawn_2)
[2019.02.26-11.31.27:985][387]LogBlueprintUserMessages: [MotionControllerPawn_2] 















Make_Hands
[2019.02.26-11.31.27:997][387]LogBlueprintUserMessages: [MotionControllerPawn_2] 









Left
[2019.02.26-11.31.27:998][387]LogBlueprintUserMessages: [MotionControllerPawn_2] 











Right
[2019.02.26-11.31.27:999][387]PIE: Play in editor start time for /Game/StarterContent/Maps/UEDPIE_0_Minimal_Default_2 1.115
[2019.02.26-11.31.28:023][387]LogBlueprintUserMessages: Late PlayInEditor Detection: Level '/Game/StarterContent/Maps/Minimal_Default_2.Minimal_Default_2:PersistentLevel' has LevelScriptBlueprint '/Game/StarterContent/Maps/Minimal_Default_2.Minimal_Default_2:PersistentLevel.Minimal_Default_2' with GeneratedClass '/Game/StarterContent/Maps/Minimal_Default_2.Minimal_Default_2_C' with ClassGeneratedBy '/Game/StarterContent/Maps/Minimal_Default_2.Minimal_Default_2:PersistentLevel.Minimal_Default_2'
[2019.02.26-11.31.28:707][424]LogBlueprintUserMessages: [MotionControllerPawn_2] 109
[2019.02.26-11.31.28:724][425]LogScript: Warning: Accessed None trying to read property ScanVar
	Spawner_C /Game/StarterContent/Maps/UEDPIE_0_Minimal_Default_2.Minimal_Default_2:PersistentLevel.Spawner_2
	Function /Game/Blueprints/Spawner.Spawner_C:ExecuteUbergraph_Spawner:1087
[2019.02.26-11.31.28:724][425]PIE: Error: Blueprint Runtime Error: "Accessed None trying to read property ScanVar". Blueprint:  Spawner Function:  Execute Ubergraph Spawner Graph:  EventGraph Node:  Branch
[2019.02.26-11.31.29:935][496]LogBlueprintUserMessages: [MotionControllerPawn_2] 108
[2019.02.26-11.31.31:135][568]LogBlueprintUserMessages: [MotionControllerPawn_2] 107
[2019.02.26-11.31.32:334][640]LogBlueprintUserMessages: [MotionControllerPawn_2] 106
[2019.02.26-11.31.33:534][712]LogBlueprintUserMessages: [MotionControllerPawn_2] 105
[2019.02.26-11.31.34:734][784]LogBlueprintUserMessages: [MotionControllerPawn_2] 104
[2019.02.26-11.31.35:940][855]LogBlueprintUserMessages: [MotionControllerPawn_2] 103
[2019.02.26-11.31.37:321][920]LogBlueprintUserMessages: [MotionControllerPawn_2] 102
[2019.02.26-11.31.37:889][954]LogSlate: FSceneViewport::OnFocusLost() reason 0
[2019.02.26-11.31.38:580][995]LogBlueprintUserMessages: [MotionControllerPawn_2] 101
[2019.02.26-11.31.39:463][ 48]LogSlate: Window 'Message Log' being destroyed
[2019.02.26-11.31.39:468][ 48]LogSlate: Window 'Message Log' being destroyed
[2019.02.26-11.31.39:847][ 71]LogBlueprintUserMessages: [MotionControllerPawn_2] 100
[2019.02.26-11.31.41:046][143]LogBlueprintUserMessages: [MotionControllerPawn_2] 99
[2019.02.26-11.31.42:245][215]LogBlueprintUserMessages: [MotionControllerPawn_2] 98
[2019.02.26-11.31.43:446][287]LogBlueprintUserMessages: [MotionControllerPawn_2] 97
[2019.02.26-11.31.44:657][359]LogBlueprintUserMessages: [MotionControllerPawn_2] 96
[2019.02.26-11.31.45:858][431]LogBlueprintUserMessages: [MotionControllerPawn_2] 95
[2019.02.26-11.31.47:057][503]LogBlueprintUserMessages: [MotionControllerPawn_2] 94
[2019.02.26-11.31.48:257][575]LogBlueprintUserMessages: [MotionControllerPawn_2] 93
[2019.02.26-11.31.49:458][647]LogBlueprintUserMessages: [MotionControllerPawn_2] 92
[2019.02.26-11.31.50:658][719]LogBlueprintUserMessages: [MotionControllerPawn_2] 91
[2019.02.26-11.31.51:858][791]LogBlueprintUserMessages: [MotionControllerPawn_2] 90
[2019.02.26-11.31.53:058][863]LogBlueprintUserMessages: [MotionControllerPawn_2] 89
[2019.02.26-11.31.54:257][935]LogBlueprintUserMessages: [MotionControllerPawn_2] 88
[2019.02.26-11.31.55:458][  7]LogBlueprintUserMessages: [MotionControllerPawn_2] 87
[2019.02.26-11.31.56:657][ 79]LogBlueprintUserMessages: [MotionControllerPawn_2] 86
[2019.02.26-11.31.57:858][151]LogBlueprintUserMessages: [MotionControllerPawn_2] 85
[2019.02.26-11.31.59:058][223]LogBlueprintUserMessages: [MotionControllerPawn_2] 84
[2019.02.26-11.32.01:987][270]LogScript: Warning: Runaway loop detected (over 1,000,000 iterations) - see log for stack trace
	BabyCarts_C /Game/StarterContent/Maps/UEDPIE_0_Minimal_Default_2.Minimal_Default_2:PersistentLevel.BabyCarts_C_0
	Function /Game/Blueprints/BabyCarts.BabyCarts_C:ExecuteUbergraph_BabyCarts:0022
[2019.02.26-11.32.01:987][270]PIE: Error: Infinite loop detected. Blueprint:  BabyCarts Function:  Play Sound at Location Call Stack:  Show
[2019.02.26-11.32.04:183][270]LogScript: Warning: Runaway loop detected (over 1,000,000 iterations) - see log for stack trace
	BabyCarts_C /Game/StarterContent/Maps/UEDPIE_0_Minimal_Default_2.Minimal_Default_2:PersistentLevel.BabyCarts_C_1
	Function /Game/Blueprints/BabyCarts.BabyCarts_C:ExecuteUbergraph_BabyCarts:0022
[2019.02.26-11.32.04:183][270]PIE: Error: Infinite loop detected. Blueprint:  BabyCarts Function:  Play Sound at Location Call Stack:  Show
[2019.02.26-11.32.06:385][270]LogScript: Warning: Runaway loop detected (over 1,000,000 iterations) - see log for stack trace
	BabyCarts_C /Game/StarterContent/Maps/UEDPIE_0_Minimal_Default_2.Minimal_Default_2:PersistentLevel.BabyCarts_C_2
	Function /Game/Blueprints/BabyCarts.BabyCarts_C:ExecuteUbergraph_BabyCarts:0022
[2019.02.26-11.32.06:385][270]PIE: Error: Infinite loop detected. Blueprint:  BabyCarts Function:  Play Sound at Location Call Stack:  Show
[2019.02.26-11.32.08:566][270]LogScript: Warning: Runaway loop detected (over 1,000,000 iterations) - see log for stack trace
	BabyCarts_C /Game/StarterContent/Maps/UEDPIE_0_Minimal_Default_2.Minimal_Default_2:PersistentLevel.BabyCarts_C_3
	Function /Game/Blueprints/BabyCarts.BabyCarts_C:ExecuteUbergraph_BabyCarts:0022
[2019.02.26-11.32.08:566][270]PIE: Error: Infinite loop detected. Blueprint:  BabyCarts Function:  Play Sound at Location Call Stack:  Show
