Log file open, 02/26/19 08:44:07
LogWindows: Failed to load 'aqProf.dll' (GetLastError=126)
LogWindows: File 'aqProf.dll' does not exist
LogWindows: Failed to load 'VtuneApi.dll' (GetLastError=126)
LogWindows: File 'VtuneApi.dll' does not exist
LogWindows: Failed to load 'VtuneApi32e.dll' (GetLastError=126)
LogWindows: File 'VtuneApi32e.dll' does not exist
LogConsoleResponse: Display: Failed to find resolution value strings in scalability ini. Falling back to default.
LogInit: Display: Running engine for game: MyProject3
LogPakFile: Registered encryption key '00000000000000000000000000000000': 0 pak files mounted, 0 remain pending
LogPlatformFile: Not using cached read wrapper
LogTaskGraph: Started task graph with 5 named threads and 35 total threads with 3 sets of task threads.
LogStats: Stats thread started at 0.408898
LogD3D11RHI: Loaded GFSDK_Aftermath_Lib.x64.dll
LogICUInternationalization: ICU TimeZone Detection - Raw Offset: -5:00, Platform Override: ''
LogPluginManager: Mounting plugin Paper2D
LogPluginManager: Mounting plugin AISupport
LogPluginManager: Mounting plugin LightPropagationVolume
LogPluginManager: Mounting plugin ActorLayerUtilities
LogPluginManager: Mounting plugin CLionSourceCodeAccess
LogPluginManager: Mounting plugin CodeLiteSourceCodeAccess
LogPluginManager: Mounting plugin GitSourceControl
LogPluginManager: Mounting plugin KDevelopSourceCodeAccess
LogPluginManager: Mounting plugin NullSourceCodeAccess
LogPluginManager: Mounting plugin PerforceSourceControl
LogPluginManager: Mounting plugin SubversionSourceControl
LogPluginManager: Mounting plugin UObjectPlugin
LogPluginManager: Mounting plugin VisualStudioCodeSourceCodeAccess
LogPluginManager: Mounting plugin VisualStudioSourceCodeAccess
LogPluginManager: Mounting plugin XCodeSourceCodeAccess
LogPluginManager: Mounting plugin AssetManagerEditor
LogPluginManager: Mounting plugin CryptoKeys
LogPluginManager: Mounting plugin DataValidation
LogPluginManager: Mounting plugin FacialAnimation
LogPluginManager: Mounting plugin GameplayTagsEditor
LogPluginManager: Mounting plugin MacGraphicsSwitching
LogPluginManager: Mounting plugin MeshEditor
LogPluginManager: Mounting plugin MobileLauncherProfileWizard
LogPluginManager: Mounting plugin PluginBrowser
LogPluginManager: Mounting plugin SpeedTreeImporter
LogPluginManager: Mounting plugin DatasmithContent
LogPluginManager: Mounting plugin VariantManagerContent
LogPluginManager: Mounting plugin AlembicImporter
LogPluginManager: Mounting plugin AppleImageUtils
LogPluginManager: Mounting plugin AppleVision
LogPluginManager: Mounting plugin BackChannel
LogPluginManager: Mounting plugin CharacterAI
LogPluginManager: Mounting plugin GeometryCache
LogPluginManager: Mounting plugin HTML5Networking
LogPluginManager: Mounting plugin ProxyLODPlugin
LogPluginManager: Mounting plugin MagicLeap
LogPluginManager: Mounting plugin MagicLeapMedia
LogPluginManager: Mounting plugin AndroidMedia
LogPluginManager: Mounting plugin AvfMedia
LogPluginManager: Mounting plugin ImgMedia
LogPluginManager: Mounting plugin LinearTimecode
LogPluginManager: Mounting plugin MediaCompositing
LogPluginManager: Mounting plugin MediaPlayerEditor
LogPluginManager: Mounting plugin WebMMedia
LogPluginManager: Mounting plugin WmfMedia
LogPluginManager: Mounting plugin TcpMessaging
LogPluginManager: Mounting plugin UdpMessaging
LogPluginManager: Mounting plugin ActorSequence
LogPluginManager: Mounting plugin LevelSequenceEditor
LogPluginManager: Mounting plugin MatineeToLevelSequence
LogPluginManager: Mounting plugin NetcodeUnitTest
LogPluginManager: Mounting plugin NUTUnrealEngine4
LogPluginManager: Mounting plugin OnlineSubsystemGooglePlay
LogPluginManager: Mounting plugin OnlineSubsystemIOS
LogPluginManager: Mounting plugin OnlineSubsystem
LogPluginManager: Mounting plugin OnlineSubsystemNull
LogPluginManager: Mounting plugin OnlineSubsystemUtils
LogPluginManager: Mounting plugin LauncherChunkInstaller
LogPluginManager: Mounting plugin AndroidDeviceProfileSelector
LogPluginManager: Mounting plugin AndroidMoviePlayer
LogPluginManager: Mounting plugin AndroidPermission
LogPluginManager: Mounting plugin AppleMoviePlayer
LogPluginManager: Mounting plugin ArchVisCharacter
LogPluginManager: Mounting plugin AudioCapture
LogPluginManager: Mounting plugin CableComponent
LogPluginManager: Mounting plugin CustomMeshComponent
LogPluginManager: Mounting plugin EditableMesh
LogPluginManager: Mounting plugin ExampleDeviceProfileSelector
LogPluginManager: Mounting plugin Firebase
LogPluginManager: Mounting plugin GoogleCloudMessaging
LogPluginManager: Mounting plugin IOSDeviceProfileSelector
LogPluginManager: Mounting plugin LinuxDeviceProfileSelector
LogPluginManager: Mounting plugin LocationServicesBPLibrary
LogPluginManager: Mounting plugin MobilePatchingUtils
LogPluginManager: Mounting plugin OculusVR
LogPluginManager: Mounting plugin PhysXVehicles
LogPluginManager: Mounting plugin ProceduralMeshComponent
LogPluginManager: Mounting plugin RuntimePhysXCooking
LogPluginManager: Mounting plugin SteamVR
LogPluginManager: Mounting plugin WebMMoviePlayer
LogPluginManager: Mounting plugin WindowsMoviePlayer
LogStreaming: Display: Took  0.086s to configure plugins.
LogInit: Using libcurl 7.55.1-DEV
LogInit:  - built for x86_64-pc-win32
LogInit:  - supports SSL with OpenSSL/1.0.2h
LogInit:  - supports HTTP deflate (compression) using libz 1.2.8
LogInit:  - other features:
LogInit:      CURL_VERSION_SSL
LogInit:      CURL_VERSION_LIBZ
LogInit:      CURL_VERSION_IPV6
LogInit:      CURL_VERSION_ASYNCHDNS
LogInit:      CURL_VERSION_LARGEFILE
LogInit:      CURL_VERSION_IDN
LogInit:  CurlRequestOptions (configurable via config and command line):
LogInit:  - bVerifyPeer = true  - Libcurl will verify peer certificate
LogInit:  - bUseHttpProxy = false  - Libcurl will NOT use HTTP proxy
LogInit:  - bDontReuseConnections = false  - Libcurl will reuse connections
LogInit:  - MaxHostConnections = 16  - Libcurl will limit the number of connections to a host
LogInit:  - LocalHostAddr = Default
LogInit:  - BufferSize = 65536
LogInit: WinSock: version 1.1 (2.2), MaxSocks=32767, MaxUdp=65467
LogInit: Build: ++UE4+Release-4.21-CL-4753647
LogInit: Engine Version: 4.21.2-4753647+++UE4+Release-4.21
LogInit: Compatible Engine Version: 4.21.0-4541578+++UE4+Release-4.21
LogInit: Net CL: 4541578
LogInit: OS: Windows 10 (), CPU: Intel(R) Core(TM) i7-8750H CPU @ 2.20GHz, GPU: Intel(R) UHD Graphics 630
LogInit: Compiled (64-bit): Jan 19 2019 02:07:31
LogInit: Compiled with Visual C++: 19.13.26129.00
LogInit: Build Configuration: Development
LogInit: Branch Name: ++UE4+Release-4.21
LogInit: Command Line: 
LogInit: Base Directory: C:/Program Files/Epic Games/UE_4.21/Engine/Binaries/Win64/
LogInit: Installed Engine Build: 1
LogDevObjectVersion: Number of dev versions registered: 22
LogDevObjectVersion:   Dev-Blueprints (B0D832E4-1F89-4F0D-ACCF-7EB736FD4AA2): 10
LogDevObjectVersion:   Dev-Build (E1C64328-A22C-4D53-A36C-8E866417BD8C): 0
LogDevObjectVersion:   Dev-Core (375EC13C-06E4-48FB-B500-84F0262A717E): 2
LogDevObjectVersion:   Dev-Editor (E4B068ED-F494-42E9-A231-DA0B2E46BB41): 26
LogDevObjectVersion:   Dev-Framework (CFFC743F-43B0-4480-9391-14DF171D2073): 34
LogDevObjectVersion:   Dev-Mobile (B02B49B5-BB20-44E9-A304-32B752E40360): 2
LogDevObjectVersion:   Dev-Networking (A4E4105C-59A1-49B5-A7C5-40C4547EDFEE): 0
LogDevObjectVersion:   Dev-Online (39C831C9-5AE6-47DC-9A44-9C173E1C8E7C): 0
LogDevObjectVersion:   Dev-Physics (78F01B33-EBEA-4F98-B9B4-84EACCB95AA2): 0
LogDevObjectVersion:   Dev-Platform (6631380F-2D4D-43E0-8009-CF276956A95A): 0
LogDevObjectVersion:   Dev-Rendering (12F88B9F-8875-4AFC-A67C-D90C383ABD29): 27
LogDevObjectVersion:   Dev-Sequencer (7B5AE74C-D270-4C10-A958-57980B212A5A): 9
LogDevObjectVersion:   Dev-VR (D7296918-1DD6-4BDD-9DE2-64A83CC13884): 2
LogDevObjectVersion:   Dev-LoadTimes (C2A15278-BFE7-4AFE-6C17-90FF531DF755): 1
LogDevObjectVersion:   Private-Geometry (6EACA3D4-40EC-4CC1-B786-8BED09428FC5): 3
LogDevObjectVersion:   Dev-AnimPhys (29E575DD-E0A3-4627-9D10-D276232CDCEA): 17
LogDevObjectVersion:   Dev-Anim (AF43A65D-7FD3-4947-9873-3E8ED9C1BB05): 2
LogDevObjectVersion:   Dev-ReflectionCapture (6B266CEC-1EC7-4B8F-A30B-E4D90942FC07): 1
LogDevObjectVersion:   Dev-Automation (0DF73D61-A23F-47EA-B727-89E90C41499A): 1
LogDevObjectVersion:   FortniteMain (601D1886-AC64-4F84-AA16-D3DE0DEAC7D6): 17
LogDevObjectVersion:   Dev-Enterprise (9DFFBCD6-494F-0158-E221-12823C92A888): 4
LogDevObjectVersion:   Dev-Niagara (F2AED0AC-9AFE-416F-8664-AA7FFA26D6FC): 1
LogStreaming: Display: Took  0.002s to delete old logs.
LogInit: Presizing for max 8388607 objects, including 0 objects not considered by GC, pre-allocating 0 bytes for permanent pool.
LogInit: Object subsystem initialized
LogConfig: Setting CVar [[con.DebugEarlyDefault:1]]
LogConfig: Setting CVar [[r.setres:1280x720]]
[2019.02.26-13.44.07:627][  0]LogConfig: Setting CVar [[r.VSync:0]]
[2019.02.26-13.44.07:627][  0]LogConfig: Setting CVar [[r.RHICmdBypass:0]]
[2019.02.26-13.44.07:627][  0]LogConfig: Applying CVar settings from Section [/Script/Engine.RendererSettings] File [D:/humanStuff/MyProject3/Saved/Config/Windows/Engine.ini]
[2019.02.26-13.44.07:627][  0]LogConfig: Setting CVar [[r.GPUCrashDebugging:0]]
[2019.02.26-13.44.07:627][  0]LogConfig: Applying CVar settings from Section [/Script/Engine.RendererOverrideSettings] File [D:/humanStuff/MyProject3/Saved/Config/Windows/Engine.ini]
[2019.02.26-13.44.07:627][  0]LogConfig: Applying CVar settings from Section [/Script/Engine.StreamingSettings] File [D:/humanStuff/MyProject3/Saved/Config/Windows/Engine.ini]
[2019.02.26-13.44.07:627][  0]LogConfig: Setting CVar [[s.MinBulkDataSizeForAsyncLoading:131072]]
[2019.02.26-13.44.07:627][  0]LogConfig: Setting CVar [[s.AsyncLoadingThreadEnabled:0]]
[2019.02.26-13.44.07:627][  0]LogConfig: Setting CVar [[s.EventDrivenLoaderEnabled:1]]
[2019.02.26-13.44.07:627][  0]LogConfig: Setting CVar [[s.WarnIfTimeLimitExceeded:0]]
[2019.02.26-13.44.07:627][  0]LogConfig: Setting CVar [[s.TimeLimitExceededMultiplier:1.5]]
[2019.02.26-13.44.07:627][  0]LogConfig: Setting CVar [[s.TimeLimitExceededMinTime:0.005]]
[2019.02.26-13.44.07:627][  0]LogConfig: Setting CVar [[s.UseBackgroundLevelStreaming:1]]
[2019.02.26-13.44.07:627][  0]LogConfig: Setting CVar [[s.PriorityAsyncLoadingExtraTime:15.0]]
[2019.02.26-13.44.07:627][  0]LogConfig: Setting CVar [[s.LevelStreamingActorsUpdateTimeLimit:5.0]]
[2019.02.26-13.44.07:627][  0]LogConfig: Setting CVar [[s.PriorityLevelStreamingActorsUpdateExtraTime:5.0]]
[2019.02.26-13.44.07:627][  0]LogConfig: Setting CVar [[s.LevelStreamingComponentsRegistrationGranularity:10]]
[2019.02.26-13.44.07:627][  0]LogConfig: Setting CVar [[s.UnregisterComponentsTimeLimit:1.0]]
[2019.02.26-13.44.07:627][  0]LogConfig: Setting CVar [[s.LevelStreamingComponentsUnregistrationGranularity:5]]
[2019.02.26-13.44.07:627][  0]LogConfig: Applying CVar settings from Section [/Script/Engine.GarbageCollectionSettings] File [D:/humanStuff/MyProject3/Saved/Config/Windows/Engine.ini]
[2019.02.26-13.44.07:627][  0]LogConfig: Setting CVar [[gc.MaxObjectsNotConsideredByGC:1]]
[2019.02.26-13.44.07:627][  0]LogConfig: Setting CVar [[gc.SizeOfPermanentObjectPool:0]]
[2019.02.26-13.44.07:627][  0]LogConfig: Setting CVar [[gc.FlushStreamingOnGC:0]]
[2019.02.26-13.44.07:627][  0]LogConfig: Setting CVar [[gc.NumRetriesBeforeForcingGC:10]]
[2019.02.26-13.44.07:627][  0]LogConfig: Setting CVar [[gc.AllowParallelGC:1]]
[2019.02.26-13.44.07:627][  0]LogConfig: Setting CVar [[gc.TimeBetweenPurgingPendingKillObjects:61.1]]
[2019.02.26-13.44.07:627][  0]LogConfig: Setting CVar [[gc.MaxObjectsInEditor:8388607]]
[2019.02.26-13.44.07:627][  0]LogConfig: Setting CVar [[gc.IncrementalBeginDestroyEnabled:1]]
[2019.02.26-13.44.07:627][  0]LogConfig: Setting CVar [[gc.CreateGCClusters:1]]
[2019.02.26-13.44.07:627][  0]LogConfig: Setting CVar [[gc.MergeGCClusters:0]]
[2019.02.26-13.44.07:627][  0]LogConfig: Setting CVar [[gc.MinGCClusterSize:5]]
[2019.02.26-13.44.07:627][  0]LogConfig: Setting CVar [[gc.ActorClusteringEnabled:0]]
[2019.02.26-13.44.07:627][  0]LogConfig: Setting CVar [[gc.BlueprintClusteringEnabled:0]]
[2019.02.26-13.44.07:627][  0]LogConfig: Setting CVar [[gc.UseDisregardForGCOnDedicatedServers:0]]
[2019.02.26-13.44.07:627][  0]LogConfig: Applying CVar settings from Section [/Script/Engine.NetworkSettings] File [D:/humanStuff/MyProject3/Saved/Config/Windows/Engine.ini]
[2019.02.26-13.44.07:627][  0]LogConfig: Applying CVar settings from Section [/Script/UnrealEd.CookerSettings] File [D:/humanStuff/MyProject3/Saved/Config/Windows/Engine.ini]
[2019.02.26-13.44.07:629][  0]LogConfig: Applying CVar settings from Section [ViewDistanceQuality@3] File [D:/humanStuff/MyProject3/Saved/Config/Windows/Scalability.ini]
[2019.02.26-13.44.07:629][  0]LogConfig: Setting CVar [[r.SkeletalMeshLODBias:0]]
[2019.02.26-13.44.07:629][  0]LogConfig: Setting CVar [[r.ViewDistanceScale:1.0]]
[2019.02.26-13.44.07:629][  0]LogConfig: Applying CVar settings from Section [AntiAliasingQuality@3] File [D:/humanStuff/MyProject3/Saved/Config/Windows/Scalability.ini]
[2019.02.26-13.44.07:629][  0]LogConfig: Setting CVar [[r.PostProcessAAQuality:3]]
[2019.02.26-13.44.07:629][  0]LogConfig: Applying CVar settings from Section [ShadowQuality@3] File [D:/humanStuff/MyProject3/Saved/Config/Windows/Scalability.ini]
[2019.02.26-13.44.07:629][  0]LogConfig: Setting CVar [[r.LightFunctionQuality:1]]
[2019.02.26-13.44.07:629][  0]LogConfig: Setting CVar [[r.ShadowQuality:5]]
[2019.02.26-13.44.07:629][  0]LogConfig: Setting CVar [[r.Shadow.CSM.MaxCascades:10]]
[2019.02.26-13.44.07:629][  0]LogConfig: Setting CVar [[r.Shadow.MaxResolution:2048]]
[2019.02.26-13.44.07:629][  0]LogConfig: Setting CVar [[r.Shadow.MaxCSMResolution:2048]]
[2019.02.26-13.44.07:629][  0]LogConfig: Setting CVar [[r.Shadow.RadiusThreshold:0.01]]
[2019.02.26-13.44.07:629][  0]LogConfig: Setting CVar [[r.Shadow.DistanceScale:1.0]]
[2019.02.26-13.44.07:629][  0]LogConfig: Setting CVar [[r.Shadow.CSM.TransitionScale:1.0]]
[2019.02.26-13.44.07:629][  0]LogConfig: Setting CVar [[r.Shadow.PreShadowResolutionFactor:1.0]]
[2019.02.26-13.44.07:629][  0]LogConfig: Setting CVar [[r.DistanceFieldShadowing:1]]
[2019.02.26-13.44.07:629][  0]LogConfig: Setting CVar [[r.DistanceFieldAO:1]]
[2019.02.26-13.44.07:629][  0]LogConfig: Setting CVar [[r.AOQuality:2]]
[2019.02.26-13.44.07:629][  0]LogConfig: Setting CVar [[r.VolumetricFog:1]]
[2019.02.26-13.44.07:629][  0]LogConfig: Setting CVar [[r.VolumetricFog.GridPixelSize:8]]
[2019.02.26-13.44.07:629][  0]LogConfig: Setting CVar [[r.VolumetricFog.GridSizeZ:128]]
[2019.02.26-13.44.07:629][  0]LogConfig: Setting CVar [[r.VolumetricFog.HistoryMissSupersampleCount:4]]
[2019.02.26-13.44.07:629][  0]LogConfig: Setting CVar [[r.LightMaxDrawDistanceScale:1]]
[2019.02.26-13.44.07:629][  0]LogConfig: Setting CVar [[r.CapsuleShadows:1]]
[2019.02.26-13.44.07:629][  0]LogConfig: Applying CVar settings from Section [PostProcessQuality@3] File [D:/humanStuff/MyProject3/Saved/Config/Windows/Scalability.ini]
[2019.02.26-13.44.07:629][  0]LogConfig: Setting CVar [[r.MotionBlurQuality:0]]
[2019.02.26-13.44.07:629][  0]LogConfig: Setting CVar [[r.AmbientOcclusionMipLevelFactor:0.4]]
[2019.02.26-13.44.07:629][  0]LogConfig: Setting CVar [[r.AmbientOcclusionMaxQuality:100]]
[2019.02.26-13.44.07:629][  0]LogConfig: Setting CVar [[r.AmbientOcclusionLevels:0]]
[2019.02.26-13.44.07:629][  0]LogConfig: Setting CVar [[r.AmbientOcclusionRadiusScale:1.0]]
[2019.02.26-13.44.07:629][  0]LogConfig: Setting CVar [[r.DepthOfFieldQuality:0]]
[2019.02.26-13.44.07:629][  0]LogConfig: Setting CVar [[r.RenderTargetPoolMin:400]]
[2019.02.26-13.44.07:629][  0]LogConfig: Setting CVar [[r.LensFlareQuality:0]]
[2019.02.26-13.44.07:629][  0]LogConfig: Setting CVar [[r.SceneColorFringeQuality:0]]
[2019.02.26-13.44.07:629][  0]LogConfig: Setting CVar [[r.EyeAdaptationQuality:2]]
[2019.02.26-13.44.07:629][  0]LogConfig: Setting CVar [[r.BloomQuality:1]]
[2019.02.26-13.44.07:629][  0]LogConfig: Setting CVar [[r.FastBlurThreshold:0]]
[2019.02.26-13.44.07:629][  0]LogConfig: Setting CVar [[r.Upscale.Quality:3]]
[2019.02.26-13.44.07:629][  0]LogConfig: Setting CVar [[r.Tonemapper.GrainQuantization:1]]
[2019.02.26-13.44.07:629][  0]LogConfig: Setting CVar [[r.LightShaftQuality:1]]
[2019.02.26-13.44.07:629][  0]LogConfig: Setting CVar [[r.Filter.SizeScale:1]]
[2019.02.26-13.44.07:629][  0]LogConfig: Setting CVar [[r.Tonemapper.Quality:5]]
[2019.02.26-13.44.07:629][  0]LogConfig: Setting CVar [[r.DOF.Gather.AccumulatorQuality:1        ; higher gathering accumulator quality]]
[2019.02.26-13.44.07:629][  0]LogConfig: Setting CVar [[r.DOF.Gather.PostfilterMethod:1          ; Median3x3 postfilering method]]
[2019.02.26-13.44.07:629][  0]LogConfig: Setting CVar [[r.DOF.Gather.EnableBokehSettings:0       ; no bokeh simulation when gathering]]
[2019.02.26-13.44.07:629][  0]LogConfig: Setting CVar [[r.DOF.Gather.RingCount:4                 ; medium number of samples when gathering]]
[2019.02.26-13.44.07:629][  0]LogConfig: Setting CVar [[r.DOF.Scatter.ForegroundCompositing:1    ; additive foreground scattering]]
[2019.02.26-13.44.07:629][  0]LogConfig: Setting CVar [[r.DOF.Scatter.BackgroundCompositing:2    ; additive background scattering]]
[2019.02.26-13.44.07:629][  0]LogConfig: Setting CVar [[r.DOF.Scatter.EnableBokehSettings:1      ; bokeh simulation when scattering]]
[2019.02.26-13.44.07:629][  0]LogConfig: Setting CVar [[r.DOF.Scatter.MaxSpriteRatio:0.1         ; only a maximum of 10% of scattered bokeh]]
[2019.02.26-13.44.07:629][  0]LogConfig: Setting CVar [[r.DOF.Recombine.Quality:1                ; cheap slight out of focus]]
[2019.02.26-13.44.07:629][  0]LogConfig: Setting CVar [[r.DOF.Recombine.EnableBokehSettings:0    ; no bokeh simulation on slight out of focus]]
[2019.02.26-13.44.07:629][  0]LogConfig: Setting CVar [[r.DOF.TemporalAAQuality:1                ; more stable temporal accumulation]]
[2019.02.26-13.44.07:629][  0]LogConfig: Setting CVar [[r.DOF.Kernel.MaxForegroundRadius:0.025]]
[2019.02.26-13.44.07:629][  0]LogConfig: Setting CVar [[r.DOF.Kernel.MaxBackgroundRadius:0.025]]
[2019.02.26-13.44.07:629][  0]LogConfig: Applying CVar settings from Section [TextureQuality@3] File [D:/humanStuff/MyProject3/Saved/Config/Windows/Scalability.ini]
[2019.02.26-13.44.07:629][  0]LogConfig: Setting CVar [[r.Streaming.MipBias:0]]
[2019.02.26-13.44.07:629][  0]LogConfig: Setting CVar [[r.Streaming.AmortizeCPUToGPUCopy:0]]
[2019.02.26-13.44.07:629][  0]LogConfig: Setting CVar [[r.Streaming.MaxNumTexturesToStreamPerFrame:0]]
[2019.02.26-13.44.07:629][  0]LogConfig: Setting CVar [[r.Streaming.Boost:1]]
[2019.02.26-13.44.07:629][  0]LogConfig: Setting CVar [[r.MaxAnisotropy:8]]
[2019.02.26-13.44.07:629][  0]LogConfig: Setting CVar [[r.Streaming.LimitPoolSizeToVRAM:0]]
[2019.02.26-13.44.07:629][  0]LogConfig: Setting CVar [[r.Streaming.PoolSize:1000]]
[2019.02.26-13.44.07:629][  0]LogConfig: Setting CVar [[r.Streaming.MaxEffectiveScreenSize:0]]
[2019.02.26-13.44.07:629][  0]LogConfig: Applying CVar settings from Section [EffectsQuality@3] File [D:/humanStuff/MyProject3/Saved/Config/Windows/Scalability.ini]
[2019.02.26-13.44.07:629][  0]LogConfig: Setting CVar [[r.TranslucencyLightingVolumeDim:4]]
[2019.02.26-13.44.07:629][  0]LogConfig: Setting CVar [[r.RefractionQuality:2]]
[2019.02.26-13.44.07:629][  0]LogConfig: Setting CVar [[r.SSR.Quality:0]]
[2019.02.26-13.44.07:629][  0]LogConfig: Setting CVar [[r.SceneColorFormat:2]]
[2019.02.26-13.44.07:629][  0]LogConfig: Setting CVar [[r.DetailMode:2]]
[2019.02.26-13.44.07:629][  0]LogConfig: Setting CVar [[r.TranslucencyVolumeBlur:0]]
[2019.02.26-13.44.07:629][  0]LogConfig: Setting CVar [[r.MaterialQualityLevel:1 ; High quality]]
[2019.02.26-13.44.07:629][  0]LogConfig: Setting CVar [[r.SSS.Scale:1]]
[2019.02.26-13.44.07:629][  0]LogConfig: Setting CVar [[r.SSS.SampleSet:2]]
[2019.02.26-13.44.07:629][  0]LogConfig: Setting CVar [[r.SSS.Quality:1]]
[2019.02.26-13.44.07:629][  0]LogConfig: Setting CVar [[r.SSS.HalfRes:1]]
[2019.02.26-13.44.07:629][  0]LogConfig: Setting CVar [[r.EmitterSpawnRateScale:1.0]]
[2019.02.26-13.44.07:629][  0]LogConfig: Setting CVar [[r.ParticleLightQuality:2]]
[2019.02.26-13.44.07:629][  0]LogConfig: Applying CVar settings from Section [FoliageQuality@3] File [D:/humanStuff/MyProject3/Saved/Config/Windows/Scalability.ini]
[2019.02.26-13.44.07:629][  0]LogConfig: Setting CVar [[foliage.DensityScale:1.0]]
[2019.02.26-13.44.07:629][  0]LogConfig: Setting CVar [[grass.DensityScale:1.0]]
[2019.02.26-13.44.07:630][  0]LogInit: Selected Device Profile: [Windows]
[2019.02.26-13.44.07:630][  0]LogInit: Applying CVar settings loaded from the selected device profile: [Windows]
[2019.02.26-13.44.07:636][  0]LogHAL: Display: Platform has ~ 16 GB [17018638336 / 17179869184 / 16], which maps to Larger [LargestMinGB=32, LargerMinGB=12, DefaultMinGB=8, SmallerMinGB=6, SmallestMinGB=0)
[2019.02.26-13.44.07:636][  0]LogConfig: Setting CVar [[r.Vulkan.UseRealUBs:1]]
[2019.02.26-13.44.07:636][  0]LogInit: Going up to parent DeviceProfile []
[2019.02.26-13.44.07:636][  0]LogConfig: Applying CVar settings from Section [ViewDistanceQuality@3] File [D:/humanStuff/MyProject3/Saved/Config/Windows/Scalability.ini]
[2019.02.26-13.44.07:636][  0]LogConfig: Setting CVar [[r.SkeletalMeshLODBias:0]]
[2019.02.26-13.44.07:636][  0]LogConfig: Setting CVar [[r.ViewDistanceScale:1.0]]
[2019.02.26-13.44.07:636][  0]LogConfig: Applying CVar settings from Section [AntiAliasingQuality@3] File [D:/humanStuff/MyProject3/Saved/Config/Windows/Scalability.ini]
[2019.02.26-13.44.07:636][  0]LogConfig: Setting CVar [[r.PostProcessAAQuality:3]]
[2019.02.26-13.44.07:636][  0]LogConfig: Applying CVar settings from Section [ShadowQuality@3] File [D:/humanStuff/MyProject3/Saved/Config/Windows/Scalability.ini]
[2019.02.26-13.44.07:636][  0]LogConfig: Setting CVar [[r.LightFunctionQuality:1]]
[2019.02.26-13.44.07:636][  0]LogConfig: Setting CVar [[r.ShadowQuality:5]]
[2019.02.26-13.44.07:636][  0]LogConfig: Setting CVar [[r.Shadow.CSM.MaxCascades:10]]
[2019.02.26-13.44.07:636][  0]LogConfig: Setting CVar [[r.Shadow.MaxResolution:2048]]
[2019.02.26-13.44.07:636][  0]LogConfig: Setting CVar [[r.Shadow.MaxCSMResolution:2048]]
[2019.02.26-13.44.07:636][  0]LogConfig: Setting CVar [[r.Shadow.RadiusThreshold:0.01]]
[2019.02.26-13.44.07:636][  0]LogConfig: Setting CVar [[r.Shadow.DistanceScale:1.0]]
[2019.02.26-13.44.07:636][  0]LogConfig: Setting CVar [[r.Shadow.CSM.TransitionScale:1.0]]
[2019.02.26-13.44.07:636][  0]LogConfig: Setting CVar [[r.Shadow.PreShadowResolutionFactor:1.0]]
[2019.02.26-13.44.07:636][  0]LogConfig: Setting CVar [[r.DistanceFieldShadowing:1]]
[2019.02.26-13.44.07:636][  0]LogConfig: Setting CVar [[r.DistanceFieldAO:1]]
[2019.02.26-13.44.07:636][  0]LogConfig: Setting CVar [[r.AOQuality:2]]
[2019.02.26-13.44.07:636][  0]LogConfig: Setting CVar [[r.VolumetricFog:1]]
[2019.02.26-13.44.07:636][  0]LogConfig: Setting CVar [[r.VolumetricFog.GridPixelSize:8]]
[2019.02.26-13.44.07:636][  0]LogConfig: Setting CVar [[r.VolumetricFog.GridSizeZ:128]]
[2019.02.26-13.44.07:636][  0]LogConfig: Setting CVar [[r.VolumetricFog.HistoryMissSupersampleCount:4]]
[2019.02.26-13.44.07:636][  0]LogConfig: Setting CVar [[r.LightMaxDrawDistanceScale:1]]
[2019.02.26-13.44.07:636][  0]LogConfig: Setting CVar [[r.CapsuleShadows:1]]
[2019.02.26-13.44.07:636][  0]LogConfig: Applying CVar settings from Section [PostProcessQuality@3] File [D:/humanStuff/MyProject3/Saved/Config/Windows/Scalability.ini]
[2019.02.26-13.44.07:636][  0]LogConfig: Setting CVar [[r.MotionBlurQuality:0]]
[2019.02.26-13.44.07:636][  0]LogConfig: Setting CVar [[r.AmbientOcclusionMipLevelFactor:0.4]]
[2019.02.26-13.44.07:636][  0]LogConfig: Setting CVar [[r.AmbientOcclusionMaxQuality:100]]
[2019.02.26-13.44.07:636][  0]LogConfig: Setting CVar [[r.AmbientOcclusionLevels:0]]
[2019.02.26-13.44.07:636][  0]LogConfig: Setting CVar [[r.AmbientOcclusionRadiusScale:1.0]]
[2019.02.26-13.44.07:636][  0]LogConfig: Setting CVar [[r.DepthOfFieldQuality:0]]
[2019.02.26-13.44.07:636][  0]LogConfig: Setting CVar [[r.RenderTargetPoolMin:400]]
[2019.02.26-13.44.07:636][  0]LogConfig: Setting CVar [[r.LensFlareQuality:0]]
[2019.02.26-13.44.07:636][  0]LogConfig: Setting CVar [[r.SceneColorFringeQuality:0]]
[2019.02.26-13.44.07:636][  0]LogConfig: Setting CVar [[r.EyeAdaptationQuality:2]]
[2019.02.26-13.44.07:636][  0]LogConfig: Setting CVar [[r.BloomQuality:1]]
[2019.02.26-13.44.07:636][  0]LogConfig: Setting CVar [[r.FastBlurThreshold:0]]
[2019.02.26-13.44.07:636][  0]LogConfig: Setting CVar [[r.Upscale.Quality:3]]
[2019.02.26-13.44.07:636][  0]LogConfig: Setting CVar [[r.Tonemapper.GrainQuantization:1]]
[2019.02.26-13.44.07:636][  0]LogConfig: Setting CVar [[r.LightShaftQuality:1]]
[2019.02.26-13.44.07:637][  0]LogConfig: Setting CVar [[r.Filter.SizeScale:1]]
[2019.02.26-13.44.07:637][  0]LogConfig: Setting CVar [[r.Tonemapper.Quality:5]]
[2019.02.26-13.44.07:637][  0]LogConfig: Setting CVar [[r.DOF.Gather.AccumulatorQuality:1        ; higher gathering accumulator quality]]
[2019.02.26-13.44.07:637][  0]LogConfig: Setting CVar [[r.DOF.Gather.PostfilterMethod:1          ; Median3x3 postfilering method]]
[2019.02.26-13.44.07:637][  0]LogConfig: Setting CVar [[r.DOF.Gather.EnableBokehSettings:0       ; no bokeh simulation when gathering]]
[2019.02.26-13.44.07:637][  0]LogConfig: Setting CVar [[r.DOF.Gather.RingCount:4                 ; medium number of samples when gathering]]
[2019.02.26-13.44.07:637][  0]LogConfig: Setting CVar [[r.DOF.Scatter.ForegroundCompositing:1    ; additive foreground scattering]]
[2019.02.26-13.44.07:637][  0]LogConfig: Setting CVar [[r.DOF.Scatter.BackgroundCompositing:2    ; additive background scattering]]
[2019.02.26-13.44.07:637][  0]LogConfig: Setting CVar [[r.DOF.Scatter.EnableBokehSettings:1      ; bokeh simulation when scattering]]
[2019.02.26-13.44.07:637][  0]LogConfig: Setting CVar [[r.DOF.Scatter.MaxSpriteRatio:0.1         ; only a maximum of 10% of scattered bokeh]]
[2019.02.26-13.44.07:637][  0]LogConfig: Setting CVar [[r.DOF.Recombine.Quality:1                ; cheap slight out of focus]]
[2019.02.26-13.44.07:637][  0]LogConfig: Setting CVar [[r.DOF.Recombine.EnableBokehSettings:0    ; no bokeh simulation on slight out of focus]]
[2019.02.26-13.44.07:637][  0]LogConfig: Setting CVar [[r.DOF.TemporalAAQuality:1                ; more stable temporal accumulation]]
[2019.02.26-13.44.07:637][  0]LogConfig: Setting CVar [[r.DOF.Kernel.MaxForegroundRadius:0.025]]
[2019.02.26-13.44.07:637][  0]LogConfig: Setting CVar [[r.DOF.Kernel.MaxBackgroundRadius:0.025]]
[2019.02.26-13.44.07:637][  0]LogConfig: Applying CVar settings from Section [TextureQuality@3] File [D:/humanStuff/MyProject3/Saved/Config/Windows/Scalability.ini]
[2019.02.26-13.44.07:637][  0]LogConfig: Setting CVar [[r.Streaming.MipBias:0]]
[2019.02.26-13.44.07:637][  0]LogConfig: Setting CVar [[r.Streaming.AmortizeCPUToGPUCopy:0]]
[2019.02.26-13.44.07:637][  0]LogConfig: Setting CVar [[r.Streaming.MaxNumTexturesToStreamPerFrame:0]]
[2019.02.26-13.44.07:637][  0]LogConfig: Setting CVar [[r.Streaming.Boost:1]]
[2019.02.26-13.44.07:637][  0]LogConfig: Setting CVar [[r.MaxAnisotropy:8]]
[2019.02.26-13.44.07:637][  0]LogConfig: Setting CVar [[r.Streaming.LimitPoolSizeToVRAM:0]]
[2019.02.26-13.44.07:637][  0]LogConfig: Setting CVar [[r.Streaming.PoolSize:1000]]
[2019.02.26-13.44.07:637][  0]LogConfig: Setting CVar [[r.Streaming.MaxEffectiveScreenSize:0]]
[2019.02.26-13.44.07:637][  0]LogConfig: Applying CVar settings from Section [EffectsQuality@3] File [D:/humanStuff/MyProject3/Saved/Config/Windows/Scalability.ini]
[2019.02.26-13.44.07:637][  0]LogConfig: Setting CVar [[r.TranslucencyLightingVolumeDim:4]]
[2019.02.26-13.44.07:637][  0]LogConfig: Setting CVar [[r.RefractionQuality:2]]
[2019.02.26-13.44.07:637][  0]LogConfig: Setting CVar [[r.SSR.Quality:0]]
[2019.02.26-13.44.07:637][  0]LogConfig: Setting CVar [[r.SceneColorFormat:2]]
[2019.02.26-13.44.07:637][  0]LogConfig: Setting CVar [[r.DetailMode:2]]
[2019.02.26-13.44.07:637][  0]LogConfig: Setting CVar [[r.TranslucencyVolumeBlur:0]]
[2019.02.26-13.44.07:637][  0]LogConfig: Setting CVar [[r.MaterialQualityLevel:1 ; High quality]]
[2019.02.26-13.44.07:637][  0]LogConfig: Setting CVar [[r.SSS.Scale:1]]
[2019.02.26-13.44.07:637][  0]LogConfig: Setting CVar [[r.SSS.SampleSet:2]]
[2019.02.26-13.44.07:637][  0]LogConfig: Setting CVar [[r.SSS.Quality:1]]
[2019.02.26-13.44.07:637][  0]LogConfig: Setting CVar [[r.SSS.HalfRes:1]]
[2019.02.26-13.44.07:637][  0]LogConfig: Setting CVar [[r.EmitterSpawnRateScale:1.0]]
[2019.02.26-13.44.07:637][  0]LogConfig: Setting CVar [[r.ParticleLightQuality:2]]
[2019.02.26-13.44.07:637][  0]LogConfig: Applying CVar settings from Section [FoliageQuality@3] File [D:/humanStuff/MyProject3/Saved/Config/Windows/Scalability.ini]
[2019.02.26-13.44.07:637][  0]LogConfig: Setting CVar [[foliage.DensityScale:1.0]]
[2019.02.26-13.44.07:637][  0]LogConfig: Setting CVar [[grass.DensityScale:1.0]]
[2019.02.26-13.44.07:637][  0]LogConfig: Applying CVar settings from Section [Startup] File [../../../Engine/Config/ConsoleVariables.ini]
[2019.02.26-13.44.07:637][  0]LogConfig: Setting CVar [[net.UseAdaptiveNetUpdateFrequency:0]]
[2019.02.26-13.44.07:637][  0]LogConfig: Applying CVar settings from Section [ConsoleVariables] File [D:/humanStuff/MyProject3/Saved/Config/Windows/Engine.ini]
[2019.02.26-13.44.07:637][  0]LogInit: Computer: MSI
[2019.02.26-13.44.07:637][  0]LogInit: User: Gretchen
[2019.02.26-13.44.07:637][  0]LogInit: CPU Page size=4096, Cores=6
[2019.02.26-13.44.07:637][  0]LogInit: High frequency timer resolution =2.156250 MHz
[2019.02.26-13.44.07:638][  0]LogMemory: Memory total: Physical=15.8GB (16GB approx)
[2019.02.26-13.44.07:638][  0]LogMemory: Platform Memory Stats for Windows
[2019.02.26-13.44.07:638][  0]LogMemory: Process Physical Memory: 111.32 MB used, 111.32 MB peak
[2019.02.26-13.44.07:638][  0]LogMemory: Process Virtual Memory: 110.94 MB used, 110.94 MB peak
[2019.02.26-13.44.07:638][  0]LogMemory: Physical Memory: 5302.95 MB used,  10927.29 MB free, 16230.24 MB total
[2019.02.26-13.44.07:638][  0]LogMemory: Virtual Memory: 4704.11 MB used,  134213024.00 MB free, 134217728.00 MB total
[2019.02.26-13.44.07:847][  0]LogInit: Using OS detected language (en-US).
[2019.02.26-13.44.07:847][  0]LogInit: Using OS detected locale (en-US).
[2019.02.26-13.44.07:848][  0]LogTextLocalizationManager: No specific localization for 'en-US' exists, so the 'en' localization will be used.
[2019.02.26-13.44.08:150][  0]LogStreaming: Display: Took  0.303s to InitEngineTextLocalization.
[2019.02.26-13.44.08:150][  0]LogInit: Setting process to per monitor DPI aware
[2019.02.26-13.44.08:176][  0]LogSlate: New Slate User Created.  User Index 0, Is Virtual User: 0
[2019.02.26-13.44.08:176][  0]LogSlate: Slate User Registered.  User Index 0, Is Virtual User: 0
[2019.02.26-13.44.08:360][  0]LogD3D11RHI: D3D11 adapters:
[2019.02.26-13.44.08:430][  0]LogD3D11RHI:    0. 'NVIDIA GeForce GTX 1060' (Feature Level 11_0)
[2019.02.26-13.44.08:430][  0]LogD3D11RHI:       6052/0/8115 MB DedicatedVideo/DedicatedSystem/SharedSystem, Outputs:1, VendorId:0x10de
[2019.02.26-13.44.08:443][  0]LogD3D11RHI:    1. 'Intel(R) UHD Graphics 630' (Feature Level 11_0)
[2019.02.26-13.44.08:443][  0]LogD3D11RHI:       128/0/8115 MB DedicatedVideo/DedicatedSystem/SharedSystem, Outputs:0, VendorId:0x8086
[2019.02.26-13.44.08:445][  0]LogD3D11RHI:    2. 'Microsoft Basic Render Driver' (Feature Level 11_0)
[2019.02.26-13.44.08:445][  0]LogD3D11RHI:       0/0/8115 MB DedicatedVideo/DedicatedSystem/SharedSystem, Outputs:0, VendorId:0x1414
[2019.02.26-13.44.08:445][  0]LogD3D11RHI: Chosen D3D11 Adapter: 0
[2019.02.26-13.44.08:469][  0]LogD3D11RHI: Creating new Direct3DDevice
[2019.02.26-13.44.08:469][  0]LogD3D11RHI:     GPU DeviceId: 0x1c20 (for the marketing name, search the web for "GPU Device Id")
[2019.02.26-13.44.08:469][  0]LogWindows: EnumDisplayDevices:
[2019.02.26-13.44.08:469][  0]LogWindows:    0. 'Intel(R) UHD Graphics 630' (P:1 D:1)
[2019.02.26-13.44.08:470][  0]LogWindows:    1. 'Intel(R) UHD Graphics 630' (P:0 D:0)
[2019.02.26-13.44.08:470][  0]LogWindows:    2. 'Intel(R) UHD Graphics 630' (P:0 D:0)
[2019.02.26-13.44.08:470][  0]LogWindows:    3. 'NVIDIA GeForce GTX 1060' (P:0 D:0)
[2019.02.26-13.44.08:470][  0]LogWindows:    4. 'NVIDIA GeForce GTX 1060' (P:0 D:0)
[2019.02.26-13.44.08:470][  0]LogWindows:    5. 'NVIDIA GeForce GTX 1060' (P:0 D:0)
[2019.02.26-13.44.08:470][  0]LogWindows:    6. 'NVIDIA GeForce GTX 1060' (P:0 D:0)
[2019.02.26-13.44.08:471][  0]LogWindows: DebugString: PrimaryIsNotTheChoosenAdapter PrimaryIsNotTheChoosenAdapter PrimaryIsNotTheChoosenAdapter FoundDriverCount:4 
[2019.02.26-13.44.08:471][  0]LogD3D11RHI:     Adapter Name: NVIDIA GeForce GTX 1060
[2019.02.26-13.44.08:471][  0]LogD3D11RHI:   Driver Version: 398.35 (internal:24.21.13.9835, unified:398.35)
[2019.02.26-13.44.08:471][  0]LogD3D11RHI:      Driver Date: 6-21-2018
[2019.02.26-13.44.08:471][  0]LogRHI: Texture pool is 4236 MB (70% of 6052 MB)
[2019.02.26-13.44.08:507][  0]LogD3D11RHI: Async texture creation enabled
[2019.02.26-13.44.08:523][  0]LogD3D11RHI: GPU Timing Frequency: 1000.000000 (Debug: 2 2)
[2019.02.26-13.44.08:980][  0]LogTemp: Display: Loaded TP AllDesktopTargetPlatform
[2019.02.26-13.44.08:991][  0]LogTemp: Display: Loaded TP MacClientTargetPlatform
[2019.02.26-13.44.09:002][  0]LogTemp: Display: Loaded TP MacNoEditorTargetPlatform
[2019.02.26-13.44.09:013][  0]LogTemp: Display: Loaded TP MacServerTargetPlatform
[2019.02.26-13.44.09:025][  0]LogTemp: Display: Loaded TP MacTargetPlatform
[2019.02.26-13.44.09:036][  0]LogTemp: Display: Loaded TP WindowsClientTargetPlatform
[2019.02.26-13.44.09:048][  0]LogTemp: Display: Loaded TP WindowsNoEditorTargetPlatform
[2019.02.26-13.44.09:059][  0]LogTemp: Display: Loaded TP WindowsServerTargetPlatform
[2019.02.26-13.44.09:064][  0]LogTemp: Display: Loaded TP WindowsTargetPlatform
[2019.02.26-13.44.09:123][  0]LogTemp: Display: Loaded TP AndroidTargetPlatform
[2019.02.26-13.44.09:123][  0]LogTemp: Display: Loaded TP AndroidTargetPlatform
[2019.02.26-13.44.09:123][  0]LogTemp: Display: Loaded TP AndroidTargetPlatform
[2019.02.26-13.44.09:123][  0]LogTemp: Display: Loaded TP AndroidTargetPlatform
[2019.02.26-13.44.09:123][  0]LogTemp: Display: Loaded TP AndroidTargetPlatform
[2019.02.26-13.44.09:123][  0]LogTemp: Display: Loaded TP AndroidTargetPlatform
[2019.02.26-13.44.09:123][  0]LogTemp: Display: Loaded TP AndroidTargetPlatform
[2019.02.26-13.44.09:123][  0]LogTemp: Display: Loaded TP AndroidTargetPlatform
[2019.02.26-13.44.09:123][  0]LogTemp: Display: Loaded TP AndroidTargetPlatform
[2019.02.26-13.44.09:123][  0]LogTemp: Display: Loaded TP AndroidTargetPlatform
[2019.02.26-13.44.09:123][  0]LogTemp: Display: Loaded TP AndroidTargetPlatform
[2019.02.26-13.44.09:123][  0]LogTemp: Display: Loaded TP AndroidTargetPlatform
[2019.02.26-13.44.09:123][  0]LogTemp: Display: Loaded TP AndroidTargetPlatform
[2019.02.26-13.44.09:123][  0]LogTemp: Display: Loaded TP AndroidTargetPlatform
[2019.02.26-13.44.09:123][  0]LogTemp: Display: Loaded TP AndroidTargetPlatform
[2019.02.26-13.44.09:123][  0]LogTemp: Display: Loaded TP AndroidTargetPlatform
[2019.02.26-13.44.09:123][  0]LogTemp: Display: Loaded TP AndroidTargetPlatform
[2019.02.26-13.44.09:123][  0]LogTemp: Display: Loaded TP AndroidTargetPlatform
[2019.02.26-13.44.09:125][  0]LogTemp: Display: Loaded TP HTML5TargetPlatform
[2019.02.26-13.44.09:181][  0]LogTemp: Display: Loaded TP IOSTargetPlatform
[2019.02.26-13.44.09:181][  0]LogTemp: Display: Loaded TP IOSTargetPlatform
[2019.02.26-13.44.09:200][  0]LogTemp: Display: Loaded TP TVOSTargetPlatform
[2019.02.26-13.44.09:200][  0]LogTemp: Display: Loaded TP TVOSTargetPlatform
[2019.02.26-13.44.09:210][  0]LogTemp: Display: Loaded TP LinuxClientTargetPlatform
[2019.02.26-13.44.09:220][  0]LogTemp: Display: Loaded TP LinuxNoEditorTargetPlatform
[2019.02.26-13.44.09:230][  0]LogTemp: Display: Loaded TP LinuxServerTargetPlatform
[2019.02.26-13.44.09:241][  0]LogTemp: Display: Loaded TP LinuxTargetPlatform
[2019.02.26-13.44.09:277][  0]LogTemp: Display: Loaded TP LuminTargetPlatform
[2019.02.26-13.44.09:277][  0]LogTemp: Display: Loaded TP LuminTargetPlatform
[2019.02.26-13.44.09:277][  0]LogTargetPlatformManager: Display: Building Assets For Windows
[2019.02.26-13.44.09:330][  0]LogShaderCompilers: Guid format shader working directory is 24 characters bigger than the processId version (D:/humanStuff/MyProject3/Intermediate/Shaders/WorkingDirectory/16436/).
[2019.02.26-13.44.09:330][  0]LogShaderCompilers: Cleaned the shader compiler working directory 'C:/Users/Gretchen/AppData/Local/Temp/UnrealShaderWorkingDir/02C0822F40828A83BCE6658559744B64/'.
[2019.02.26-13.44.09:332][  0]LogXGEController: Cleaning working directory: C:/Users/Gretchen/AppData/Local/Temp/UnrealXGEWorkingDir/
[2019.02.26-13.44.09:332][  0]LogXGEController: Cannot use XGE Controller as Incredibuild is not installed on this machine.
[2019.02.26-13.44.09:332][  0]LogShaderCompilers: Cannot use XGE Shader Compiler as Incredibuild is not installed on this machine.
[2019.02.26-13.44.09:332][  0]LogShaderCompilers: Display: Using Local Shader Compiler.
[2019.02.26-13.44.09:767][  0]LogDerivedDataCache: Display: Max Cache Size: 512 MB
[2019.02.26-13.44.09:807][  0]LogDerivedDataCache: Loaded boot cache 0.04s 71MB C:/Users/Gretchen/AppData/Local/UnrealEngine/4.21/DerivedDataCache/Boot.ddc.
[2019.02.26-13.44.09:807][  0]LogDerivedDataCache: Display: Loaded Boot cache: C:/Users/Gretchen/AppData/Local/UnrealEngine/4.21/DerivedDataCache/Boot.ddc
[2019.02.26-13.44.09:807][  0]LogDerivedDataCache: FDerivedDataBackendGraph:  Pak pak cache file D:/humanStuff/MyProject3/DerivedDataCache/DDC.ddp not found, will not use a pak cache.
[2019.02.26-13.44.09:807][  0]LogDerivedDataCache: Unable to find inner node Pak for hierarchical cache Hierarchy.
[2019.02.26-13.44.09:808][  0]LogDerivedDataCache: FDerivedDataBackendGraph:  CompressedPak pak cache file D:/humanStuff/MyProject3/DerivedDataCache/Compressed.ddp not found, will not use a pak cache.
[2019.02.26-13.44.09:808][  0]LogDerivedDataCache: Unable to find inner node CompressedPak for hierarchical cache Hierarchy.
[2019.02.26-13.44.09:819][  0]LogDerivedDataCache: Display: Pak cache opened for reading ../../../Engine/DerivedDataCache/Compressed.ddp.
[2019.02.26-13.44.09:819][  0]LogDerivedDataCache: FDerivedDataBackendGraph:  EnterprisePak pak cache file ../../../Enterprise/DerivedDataCache/Compressed.ddp not found, will not use a pak cache.
[2019.02.26-13.44.09:819][  0]LogDerivedDataCache: Unable to find inner node EnterprisePak for hierarchical cache Hierarchy.
[2019.02.26-13.44.09:832][  0]LogDerivedDataCache: Using Local data cache path C:/Users/Gretchen/AppData/Local/UnrealEngine/Common/DerivedDataCache: Writable
[2019.02.26-13.44.09:832][  0]LogDerivedDataCache: Shared data cache path not found in *engine.ini, will not use an Shared cache.
[2019.02.26-13.44.09:832][  0]LogDerivedDataCache: Unable to find inner node Shared for hierarchical cache Hierarchy.
[2019.02.26-13.44.09:851][  0]LogMaterial: Verifying Global Shaders for PCD3D_SM5
[2019.02.26-13.44.09:852][  0]LogSlate: Using FreeType 2.6.0
[2019.02.26-13.44.09:853][  0]LogSlate: SlateFontServices - WITH_FREETYPE: 1, WITH_HARFBUZZ: 1
[2019.02.26-13.44.09:929][  0]LogAssetRegistry: FAssetRegistry took 0.0310 seconds to start up
[2019.02.26-13.44.10:177][  0]LogInit: Selected Device Profile: [Windows]
[2019.02.26-13.44.10:310][  0]LogSimplygon: Simplygon DLL not present - disabling.
[2019.02.26-13.44.10:313][  0]LogMeshReduction: Using SimplygonSwarm for distributed automatic mesh merging
[2019.02.26-13.44.10:313][  0]LogMeshReduction: Using ProxyLODMeshReduction for automatic mesh merging
[2019.02.26-13.44.10:313][  0]LogMeshReduction: Using QuadricMeshReduction for automatic static mesh reduction
[2019.02.26-13.44.10:313][  0]LogMeshReduction: No automatic skeletal mesh reduction module available
[2019.02.26-13.44.10:323][  0]LogNetVersion: MyProject3 1.0.0, NetCL: 4541578, EngineNetVer: 5, GameNetVer: 0 (Checksum: 2916331349)
[2019.02.26-13.44.10:734][  0]LogPackageLocalizationCache: Processed 11 localized package path(s) for 2 prioritized culture(s) in 0.061308 seconds
[2019.02.26-13.44.10:739][  0]LogUObjectArray: 39775 objects as part of root set at end of initial load.
[2019.02.26-13.44.10:739][  0]LogUObjectAllocator: 6914656 out of 0 bytes used by permanent object pool.
[2019.02.26-13.44.10:739][  0]LogUObjectArray: CloseDisregardForGC: 0/0 objects in disregard for GC pool
[2019.02.26-13.44.11:497][  0]LogTcpMessaging: Initializing TcpMessaging bridge
[2019.02.26-13.44.11:510][  0]LogUdpMessaging: Initializing bridge on interface 0.0.0.0:0 to multicast group 230.0.0.1:6666.
[2019.02.26-13.44.12:344][  0]SourceControl: Source control is disabled
[2019.02.26-13.44.12:344][  0]SourceControl: Source control is disabled
[2019.02.26-13.44.12:345][  0]SourceControl: Source control is disabled
[2019.02.26-13.44.12:346][  0]SourceControl: Source control is disabled
[2019.02.26-13.44.12:500][  0]LogAndroidPermission: UAndroidPermissionCallbackProxy::GetInstance
[2019.02.26-13.44.12:750][  0]LogOcInput: OculusInput pre-init called
[2019.02.26-13.44.12:880][  0]LogEngine: Initializing Engine...
[2019.02.26-13.44.12:880][  0]LogHMD: Oculus plugin initialized. Version: 4.21.2-4753647+++UE4+Release-4.21, OVRPlugin: 1.28.0
[2019.02.26-13.44.12:882][  0]LogStats: UGameplayTagsManager::ConstructGameplayTagTree: ImportINI prefixes -  0.000 s
[2019.02.26-13.44.12:882][  0]LogStats: UGameplayTagsManager::ConstructGameplayTagTree: Construct from data asset -  0.000 s
[2019.02.26-13.44.12:882][  0]LogStats: UGameplayTagsManager::ConstructGameplayTagTree: ImportINI -  0.000 s
[2019.02.26-13.44.12:882][  0]LogStats: UGameplayTagsManager::ConstructGameplayTagTree: GameplayTagTreeChangedEvent.Broadcast -  0.000 s
[2019.02.26-13.44.13:081][  0]LogInit: Initializing FReadOnlyCVARCache
[2019.02.26-13.44.13:093][  0]LogAIModule: Creating AISystem for world Untitled
[2019.02.26-13.44.13:107][  0]LogInit: XAudio2 using 'Speakers (2- Realtek(R) Audio)' : 6 channels at 48 kHz using 32 bits per sample (channel mask 0x3f)
[2019.02.26-13.44.13:273][  0]LogInit: FAudioDevice initialized.
[2019.02.26-13.44.13:273][  0]LogNetVersion: Set ProjectVersion to 1.0.0.0. Version Checksum will be recalculated on next use.
[2019.02.26-13.44.13:405][  0]LogDerivedDataCache: Saved boot cache 0.13s 71MB C:/Users/Gretchen/AppData/Local/UnrealEngine/4.21/DerivedDataCache/Boot.ddc.
[2019.02.26-13.44.13:413][  0]LogInit: Texture streaming: Enabled
[2019.02.26-13.44.13:432][  0]LogEngineSessionManager: EngineSessionManager initialized
[2019.02.26-13.44.13:432][  0]LogEngineSessionManager: EngineSessionManager sent abnormal shutdown report. Type=Crashed, SessionId={6514A110-470C-A4D8-73E3-D3AB22BCF33A}
[2019.02.26-13.44.13:443][  0]LogInit: Transaction tracking system initialized
[2019.02.26-13.44.13:465][  0]BlueprintLog: New page: Editor Load
[2019.02.26-13.44.13:537][  0]LocalizationService: Localization service is disabled
[2019.02.26-13.44.13:900][  0]LogFileCache: Scanning file cache for directory 'D:/humanStuff/MyProject3/Content/' took 0.01s
[2019.02.26-13.44.13:900][  0]LogCook: Display: Max memory allowance for cook 16384mb min free memory 0mb
[2019.02.26-13.44.13:900][  0]LogCook: Display: Mobile HDR setting 1
[2019.02.26-13.44.13:900][  0]LogGameplayTags: Display: UGameplayTagsManager::DoneAddingNativeTags. DelegateIsBound: 0
[2019.02.26-13.44.13:900][  0]LogStats: UGameplayTagsManager::ConstructGameplayTagTree: ImportINI prefixes -  0.000 s
[2019.02.26-13.44.13:900][  0]LogStats: UGameplayTagsManager::ConstructGameplayTagTree: Construct from data asset -  0.000 s
[2019.02.26-13.44.13:900][  0]LogStats: UGameplayTagsManager::ConstructGameplayTagTree: ImportINI -  0.000 s
[2019.02.26-13.44.13:900][  0]LogStats: UGameplayTagsManager::ConstructGameplayTagTree: GameplayTagTreeChangedEvent.Broadcast -  0.000 s
[2019.02.26-13.44.14:015][  0]SourceControl: Source control is disabled
[2019.02.26-13.44.14:015][  0]Cmd: MAP LOAD FILE="D:/humanStuff/MyProject3/Content/StarterContent/Maps/Minimal_Default_2.umap" TEMPLATE=0 SHOWPROGRESS=1 FEATURELEVEL=3
[2019.02.26-13.44.14:015][  0]LightingResults: New page: Lighting Build
[2019.02.26-13.44.14:017][  0]MapCheck: New page: Map Check
[2019.02.26-13.44.14:017][  0]LightingResults: New page: Lighting Build
[2019.02.26-13.44.14:713][  0]LoadErrors: Warning: hs_parkingMedian Min LOD value of 1 is out of range 0..0 and has been adjusted to 0. Please verify and resave the asset.
[2019.02.26-13.44.14:723][  0]LoadErrors: Warning: hs_lampTree Min LOD value of 1 is out of range 0..0 and has been adjusted to 0. Please verify and resave the asset.
[2019.02.26-13.44.14:733][  0]LoadErrors: Warning: hs_groundPlane Min LOD value of 1 is out of range 0..0 and has been adjusted to 0. Please verify and resave the asset.
[2019.02.26-13.44.14:749][  0]LoadErrors: Warning: hs_concreteBumper Min LOD value of 1 is out of range 0..0 and has been adjusted to 0. Please verify and resave the asset.
[2019.02.26-13.44.14:781][  0]LoadErrors: Warning: hs_leg Min LOD value of 1 is out of range 0..0 and has been adjusted to 0. Please verify and resave the asset.
[2019.02.26-13.44.14:980][  0]LoadErrors: Warning: hs_vase Min LOD value of 1 is out of range 0..0 and has been adjusted to 0. Please verify and resave the asset.
[2019.02.26-13.44.15:072][  0]LoadErrors: Warning: skybox2 Min LOD value of 1 is out of range 0..0 and has been adjusted to 0. Please verify and resave the asset.
[2019.02.26-13.44.15:078][  0]LoadErrors: Warning: shelves Min LOD value of 1 is out of range 0..0 and has been adjusted to 0. Please verify and resave the asset.
[2019.02.26-13.44.15:190][  0]LoadErrors: Warning: hs_diamond Min LOD value of 1 is out of range 0..0 and has been adjusted to 0. Please verify and resave the asset.
[2019.02.26-13.44.15:191][  0]LoadErrors: Warning: hs_cake Min LOD value of 1 is out of range 0..0 and has been adjusted to 0. Please verify and resave the asset.
[2019.02.26-13.44.15:191][  0]LoadErrors: Warning: hs_boombox Min LOD value of 1 is out of range 0..0 and has been adjusted to 0. Please verify and resave the asset.
[2019.02.26-13.44.15:193][  0]LoadErrors: Warning: hs_alienBomb Min LOD value of 1 is out of range 0..0 and has been adjusted to 0. Please verify and resave the asset.
[2019.02.26-13.44.15:204][  0]LogAIModule: Creating AISystem for world Minimal_Default_2
[2019.02.26-13.44.15:215][  0]LogSlate: New Slate User Created.  User Index 8, Is Virtual User: 1
[2019.02.26-13.44.15:215][  0]LogSlate: Slate User Registered.  User Index 8, Is Virtual User: 1
[2019.02.26-13.44.15:225][  0]LogEditorServer: Finished looking for orphan Actors (0.000 secs)
[2019.02.26-13.44.15:254][  0]Cmd: MAP CHECKDEP NOCLEARLOG
[2019.02.26-13.44.15:254][  0]MapCheck: Map check complete: 0 Error(s), 0 Warning(s), took 0.102ms to complete.
[2019.02.26-13.44.15:254][  0]LogFileHelpers: Loading map 'Minimal_Default_2' took 1.239
[2019.02.26-13.44.15:330][  0]LogSlate: Updating window title bar state: overlay mode, drag disabled, window buttons hidden, title bar hidden
[2019.02.26-13.44.15:336][  0]LogSlate: Updating window title bar state: overlay mode, drag disabled, window buttons hidden, title bar hidden
[2019.02.26-13.44.15:341][  0]LogSlate: Updating window title bar state: overlay mode, drag disabled, window buttons hidden, title bar hidden
[2019.02.26-13.44.15:347][  0]LogSlate: Updating window title bar state: overlay mode, drag disabled, window buttons hidden, title bar hidden
[2019.02.26-13.44.15:353][  0]LogCollectionManager: Loaded 0 collections in 0.001565 seconds
[2019.02.26-13.44.15:380][  0]LogFileCache: Scanning file cache for directory 'D:/humanStuff/MyProject3/Saved/Collections/' took 0.01s
[2019.02.26-13.44.15:380][  0]LogFileCache: Scanning file cache for directory 'D:/humanStuff/MyProject3/Content/Developers/Gretchen/Collections/' took 0.00s
[2019.02.26-13.44.15:380][  0]LogFileCache: Scanning file cache for directory 'D:/humanStuff/MyProject3/Content/Collections/' took 0.01s
[2019.02.26-13.44.15:380][  0]LogCollectionManager: Rebuilt the GUID cache for 0 collections in 0.000000 seconds
[2019.02.26-13.44.15:386][  0]LogContentBrowser: Native class hierarchy populated in 0.0064 seconds. Added 2651 classes and 620 folders.
[2019.02.26-13.44.15:391][  0]LogContentBrowser: Native class hierarchy updated for 'WidgetCarousel' in 0.0002 seconds. Added 0 classes and 0 folders.
[2019.02.26-13.44.15:393][  0]LogPakFile: Registered encryption key '00000000000000000000000000000000': 0 pak files mounted, 0 remain pending
[2019.02.26-13.44.15:393][  0]LogPakFile: Registered encryption key '00000000000000000000000000000000': 0 pak files mounted, 0 remain pending
[2019.02.26-13.44.15:394][  0]LogPakFile: Registered encryption key '00000000000000000000000000000000': 0 pak files mounted, 0 remain pending
[2019.02.26-13.44.15:394][  0]LogPakFile: Registered encryption key '00000000000000000000000000000000': 0 pak files mounted, 0 remain pending
[2019.02.26-13.44.15:394][  0]LogPakFile: Registered encryption key '00000000000000000000000000000000': 0 pak files mounted, 0 remain pending
[2019.02.26-13.44.15:395][  0]LogPakFile: Registered encryption key '00000000000000000000000000000000': 0 pak files mounted, 0 remain pending
[2019.02.26-13.44.15:395][  0]LogPakFile: Registered encryption key '00000000000000000000000000000000': 0 pak files mounted, 0 remain pending
[2019.02.26-13.44.15:395][  0]LogPakFile: Registered encryption key '00000000000000000000000000000000': 0 pak files mounted, 0 remain pending
[2019.02.26-13.44.15:396][  0]LogPakFile: Registered encryption key '00000000000000000000000000000000': 0 pak files mounted, 0 remain pending
[2019.02.26-13.44.15:396][  0]LogPakFile: Registered encryption key '00000000000000000000000000000000': 0 pak files mounted, 0 remain pending
[2019.02.26-13.44.15:396][  0]LogPakFile: Registered encryption key '00000000000000000000000000000000': 0 pak files mounted, 0 remain pending
[2019.02.26-13.44.15:397][  0]LogPakFile: Registered encryption key '00000000000000000000000000000000': 0 pak files mounted, 0 remain pending
[2019.02.26-13.44.15:397][  0]LogPakFile: Registered encryption key '00000000000000000000000000000000': 0 pak files mounted, 0 remain pending
[2019.02.26-13.44.15:397][  0]LogPakFile: Registered encryption key '00000000000000000000000000000000': 0 pak files mounted, 0 remain pending
[2019.02.26-13.44.15:398][  0]LogPakFile: Registered encryption key '00000000000000000000000000000000': 0 pak files mounted, 0 remain pending
[2019.02.26-13.44.15:398][  0]LogPakFile: Registered encryption key '00000000000000000000000000000000': 0 pak files mounted, 0 remain pending
[2019.02.26-13.44.15:399][  0]LogPakFile: Registered encryption key '00000000000000000000000000000000': 0 pak files mounted, 0 remain pending
[2019.02.26-13.44.15:399][  0]LogPakFile: Registered encryption key '00000000000000000000000000000000': 0 pak files mounted, 0 remain pending
[2019.02.26-13.44.15:399][  0]LogPakFile: Registered encryption key '00000000000000000000000000000000': 0 pak files mounted, 0 remain pending
[2019.02.26-13.44.15:400][  0]LogPakFile: Registered encryption key '00000000000000000000000000000000': 0 pak files mounted, 0 remain pending
[2019.02.26-13.44.15:400][  0]LogPakFile: Registered encryption key '00000000000000000000000000000000': 0 pak files mounted, 0 remain pending
[2019.02.26-13.44.15:400][  0]LogPakFile: Registered encryption key '00000000000000000000000000000000': 0 pak files mounted, 0 remain pending
[2019.02.26-13.44.15:401][  0]LogPakFile: Registered encryption key '00000000000000000000000000000000': 0 pak files mounted, 0 remain pending
[2019.02.26-13.44.15:401][  0]LogPakFile: Registered encryption key '00000000000000000000000000000000': 0 pak files mounted, 0 remain pending
[2019.02.26-13.44.15:402][  0]LogPakFile: Registered encryption key '00000000000000000000000000000000': 0 pak files mounted, 0 remain pending
[2019.02.26-13.44.15:402][  0]LogPakFile: Registered encryption key '00000000000000000000000000000000': 0 pak files mounted, 0 remain pending
[2019.02.26-13.44.15:434][  0]LogContentBrowser: Native class hierarchy updated for 'AddContentDialog' in 0.0002 seconds. Added 0 classes and 0 folders.
[2019.02.26-13.44.15:439][  0]LogContentBrowser: Native class hierarchy updated for 'SceneOutliner' in 0.0002 seconds. Added 1 classes and 2 folders.
[2019.02.26-13.44.15:452][  0]LogSlate: Took 0.000126 seconds to synchronously load lazily loaded font '../../../Engine/Content/Slate/Fonts/Roboto-Regular.ttf' (155K)
[2019.02.26-13.44.15:453][  0]LogSlate: Took 0.000111 seconds to synchronously load lazily loaded font '../../../Engine/Content/Slate/Fonts/Roboto-Bold.ttf' (160K)
[2019.02.26-13.44.15:458][  0]LogSlate: Took 0.000170 seconds to synchronously load lazily loaded font '../../../Engine/Content/Editor/Slate/Fonts/FontAwesome.ttf' (139K)
[2019.02.26-13.44.15:522][  0]LogRenderer: Reallocating scene render targets to support 836x436 Format 26 NumSamples 1 (Frame:1).
[2019.02.26-13.44.15:631][  0]LogContentBrowser: Native class hierarchy updated for 'HierarchicalLODOutliner' in 0.0002 seconds. Added 0 classes and 0 folders.
[2019.02.26-13.44.15:631][  0]LogLoad: (Engine Initialization) Total time: 9.95 seconds
[2019.02.26-13.44.15:631][  0]LogLoad: (Engine Initialization) Total Blueprint compile time: 0.00 seconds
[2019.02.26-13.44.15:657][  0]LogOcInput: OculusInput is initialized
[2019.02.26-13.44.15:710][  0]LogContentStreaming: Texture pool size now 1000 MB
[2019.02.26-13.44.15:712][  0]LogSlate: FSceneViewport::OnFocusLost() reason 2
[2019.02.26-13.44.15:743][  0]LogSlate: Took 0.000155 seconds to synchronously load lazily loaded font '../../../Engine/Content/Slate/Fonts/Roboto-Light.ttf' (167K)
[2019.02.26-13.44.16:062][  4]LogAssetRegistry: Asset discovery search completed in 6.1545 seconds
[2019.02.26-13.44.16:064][  4]LogCollectionManager: Rebuilt the object cache for 0 collections in 0.000000 seconds (found 0 objects)
[2019.02.26-13.44.16:064][  4]LogCollectionManager: Fixed up redirectors for 0 collections in 0.000034 seconds (updated 0 objects)
[2019.02.26-13.44.19:126][152]LogEditorViewport: Clicking on Actor (LMB): StaticMeshActor (hs_window4)
[2019.02.26-13.44.21:903][316]LogSlate: FSceneViewport::OnFocusLost() reason 0
[2019.02.26-13.44.52:259][137]LogEditorViewport: Clicking on Actor (LMB): MotionControllerPawn_C (MotionControllerPawn)
[2019.02.26-13.44.53:460][206]LogSlate: FSceneViewport::OnFocusLost() reason 0
[2019.02.26-13.44.53:545][211]LogSlate: Took 0.000153 seconds to synchronously load lazily loaded font '../../../Engine/Content/Slate/Fonts/Roboto-Light.ttf' (167K)
[2019.02.26-13.44.53:551][211]LogAssetEditorManager: Opening Asset editor for Blueprint /Game/VirtualRealityBP/Blueprints/MotionControllerPawn.MotionControllerPawn
[2019.02.26-13.44.53:880][211]LogClass: Warning: Enum '/Game/VR_Essential_Kit/Blueprints/ENUM_InteractableActorType.ENUM_InteractableActorType' was upgraded to use FText to store its display name data. Please re-save this asset to avoid issues with localization and determinstic cooking.
[2019.02.26-13.44.53:882][211]LogClass: Warning: Enum '/Game/VR_Essential_Kit/Blueprints/ENUM_PickupObjectType.ENUM_PickupObjectType' was upgraded to use FText to store its display name data. Please re-save this asset to avoid issues with localization and determinstic cooking.
[2019.02.26-13.44.53:900][211]LogContentBrowser: Native class hierarchy updated for 'BlueprintGraph' in 0.0005 seconds. Added 117 classes and 0 folders.
[2019.02.26-13.44.54:529][211]LogSlate: Took 0.000160 seconds to synchronously load lazily loaded font '../../../Engine/Content/Slate/Fonts/Roboto-BoldCondensed.ttf' (158K)
[2019.02.26-13.44.54:803][212]LogSlate: Took 0.000161 seconds to synchronously load lazily loaded font '../../../Engine/Content/Slate/Fonts/Roboto-Italic.ttf' (157K)
[2019.02.26-13.45.01:285][582]LogSlate: Took 0.002188 seconds to synchronously load lazily loaded font '../../../Engine/Content/Slate/Fonts/Roboto-BoldCondensedItalic.ttf' (160K)
[2019.02.26-13.45.08:295][989]BlueprintLog: New page: Compile MotionControllerPawn
[2019.02.26-13.45.14:970][355]LogEditorViewport: Clicking on Actor (LMB): StaticMeshActor (SuperGrid_Box30)
[2019.02.26-13.45.17:181][433]LogSlate: FSceneViewport::OnFocusLost() reason 2
[2019.02.26-13.45.33:516][413]LogEditorViewport: Clicking on Actor (LMB): MotionControllerPawn_C (MotionControllerPawn)
[2019.02.26-13.45.34:961][497]LogSlate: FSceneViewport::OnFocusLost() reason 0
[2019.02.26-13.45.51:202][457]BlueprintLog: New page: Compile MotionControllerPawn
[2019.02.26-13.46.07:487][402]LogEditorViewport: Clicking on Actor (LMB): Scanner_C (Scanner)
[2019.02.26-13.46.11:846][649]LogSlate: FSceneViewport::OnFocusLost() reason 2
[2019.02.26-13.46.24:310][385]LogEditorTransaction: Undo Change Vector Pin Value
[2019.02.26-13.46.24:619][390]LogEditorTransaction: Undo Change Vector Pin Value
[2019.02.26-13.46.31:897][808]LogEditorViewport: Clicking on Actor (LMB): MotionControllerPawn_C (MotionControllerPawn)
[2019.02.26-13.46.34:066][920]LogSlate: FSceneViewport::OnFocusLost() reason 2
[2019.02.26-13.46.39:783][258]BlueprintLog: New page: Compile MotionControllerPawn
[2019.02.26-13.46.46:421][622]Cmd: CAMERA ALIGN ACTIVEVIEWPORTONLY
[2019.02.26-13.46.48:945][773]LogSlate: FSceneViewport::OnFocusLost() reason 0
[2019.02.26-13.46.49:026][778]LogTemp: Repeating last play command: VR Preview
[2019.02.26-13.46.49:054][778]LogBlueprintUserMessages: Early PlayInEditor Detection: Level '/Game/StarterContent/Maps/Minimal_Default_2.Minimal_Default_2:PersistentLevel' has LevelScriptBlueprint '/Game/StarterContent/Maps/Minimal_Default_2.Minimal_Default_2:PersistentLevel.Minimal_Default_2' with GeneratedClass '/Game/StarterContent/Maps/Minimal_Default_2.Minimal_Default_2_C' with ClassGeneratedBy '/Game/StarterContent/Maps/Minimal_Default_2.Minimal_Default_2:PersistentLevel.Minimal_Default_2'
[2019.02.26-13.46.49:054][778]LogPlayLevel: PlayLevel: No blueprints needed recompiling
[2019.02.26-13.46.49:054][778]LogHMD: Initializing OVRPlugin session
[2019.02.26-13.46.49:318][778]PIE: New page: PIE session: Minimal_Default_2 (Feb 26, 2019, 3:46:49 AM)
[2019.02.26-13.46.49:331][778]LogPlayLevel: Creating play world package: /Game/StarterContent/Maps/UEDPIE_0_Minimal_Default_2
[2019.02.26-13.46.49:347][778]LogPlayLevel: PIE: StaticDuplicateObject took: (0.016354s)
[2019.02.26-13.46.49:347][778]LogAIModule: Creating AISystem for world Minimal_Default_2
[2019.02.26-13.46.49:347][778]LogPlayLevel: PIE: World Init took: (0.000494s)
[2019.02.26-13.46.49:347][778]LogPlayLevel: PIE: Created PIE world by copying editor world from /Game/StarterContent/Maps/Minimal_Default_2.Minimal_Default_2 to /Game/StarterContent/Maps/UEDPIE_0_Minimal_Default_2.Minimal_Default_2 (0.017078s)
[2019.02.26-13.46.49:386][778]LogInit: XAudio2 using 'Headphones (2- Rift Audio)' : 2 channels at 48 kHz using 16 bits per sample (channel mask 0x3)
[2019.02.26-13.46.49:398][778]LogInit: FAudioDevice initialized.
[2019.02.26-13.46.49:403][778]LogSlate: Updating window title bar state: overlay mode, drag disabled, window buttons hidden, title bar hidden
[2019.02.26-13.46.49:473][778]LogHMD: Allocating Oculus 2656 x 1584 rendertarget swapchain
[2019.02.26-13.46.49:512][778]LogLoad: Game class is 'GameModeBase'
[2019.02.26-13.46.49:517][778]LogWorld: Bringing World /Game/StarterContent/Maps/UEDPIE_0_Minimal_Default_2.Minimal_Default_2 up for play (max tick rate 0) at 2019.02.26-08.46.49
[2019.02.26-13.46.49:518][778]LogWorld: Bringing up level for play took: 0.004909
[2019.02.26-13.46.49:542][778]LogContentBrowser: Native class hierarchy updated for 'MovieSceneCapture' in 0.0003 seconds. Added 20 classes and 0 folders.
[2019.02.26-13.46.49:543][778]LogBlueprintUserMessages: Warning: SetTimer passed a bad function (TimeFunctionTick) or object (MotionControllerPawn_2)
[2019.02.26-13.46.49:543][778]LogBlueprintUserMessages: [MotionControllerPawn_2] 















Make_Hands
[2019.02.26-13.46.49:544][778]LogBlueprintUserMessages: [MotionControllerPawn_2] 









Left
[2019.02.26-13.46.49:545][778]LogBlueprintUserMessages: [MotionControllerPawn_2] 











Right
[2019.02.26-13.46.49:548][778]PIE: Play in editor start time for /Game/StarterContent/Maps/UEDPIE_0_Minimal_Default_2 0.918
[2019.02.26-13.46.49:548][778]LogBlueprintUserMessages: Late PlayInEditor Detection: Level '/Game/StarterContent/Maps/Minimal_Default_2.Minimal_Default_2:PersistentLevel' has LevelScriptBlueprint '/Game/StarterContent/Maps/Minimal_Default_2.Minimal_Default_2:PersistentLevel.Minimal_Default_2' with GeneratedClass '/Game/StarterContent/Maps/Minimal_Default_2.Minimal_Default_2_C' with ClassGeneratedBy '/Game/StarterContent/Maps/Minimal_Default_2.Minimal_Default_2:PersistentLevel.Minimal_Default_2'
[2019.02.26-13.46.49:549][778]LogEngine: Changing dynamic resolution state.
[2019.02.26-13.46.49:565][778]LogRenderer: Releasing previous depth to switch default clear from depth: 0.000000 stencil: 0 to depth: 0.000000 stencil: 0
[2019.02.26-13.46.49:565][778]LogRenderer: Releasing previous depth to switch default clear from depth: 0.000000 stencil: 0 to depth: 0.000000 stencil: 0
[2019.02.26-13.46.49:565][778]LogRenderer: Releasing previous depth to switch default clear from depth: 0.000000 stencil: 0 to depth: 0.000000 stencil: 0
[2019.02.26-13.46.49:565][778]LogRenderer: Releasing previous depth to switch default clear from depth: 0.000000 stencil: 0 to depth: 0.000000 stencil: 0
[2019.02.26-13.46.49:565][778]LogRenderer: Releasing previous depth to switch default clear from depth: 0.000000 stencil: 0 to depth: 0.000000 stencil: 0
[2019.02.26-13.46.49:565][778]LogRenderer: Releasing previous depth to switch default clear from depth: 0.000000 stencil: 0 to depth: 0.000000 stencil: 0
[2019.02.26-13.46.49:565][778]LogRenderer: Reallocating scene render targets to support 2656x1584 Format 26 NumSamples 1 (Frame:1).
[2019.02.26-13.46.49:565][778]LogHMD: Allocating Oculus 2656 x 1584 depth rendertarget swapchain
[2019.02.26-13.46.49:593][780]LogProfilingDebugging: Allocated a 1024 x 1024 texture for HMD canvas layer
[2019.02.26-13.46.50:178][844]LogBlueprintUserMessages: [MotionControllerPawn_2] 109
[2019.02.26-13.46.50:196][846]LogScript: Warning: Accessed None trying to read property ScanVar
	Spawner_C /Game/StarterContent/Maps/UEDPIE_0_Minimal_Default_2.Minimal_Default_2:PersistentLevel.Spawner_2
	Function /Game/Blueprints/Spawner.Spawner_C:ExecuteUbergraph_Spawner:11D9
[2019.02.26-13.46.50:196][846]PIE: Error: Blueprint Runtime Error: "Accessed None trying to read property ScanVar". Blueprint:  Spawner Function:  Execute Ubergraph Spawner Graph:  EventGraph Node:  Branch
[2019.02.26-13.46.51:386][976]LogBlueprintUserMessages: [MotionControllerPawn_2] 108
[2019.02.26-13.46.52:597][105]LogBlueprintUserMessages: [MotionControllerPawn_2] 107
[2019.02.26-13.46.53:809][227]LogBlueprintUserMessages: [MotionControllerPawn_2] 106
[2019.02.26-13.46.55:016][343]LogBlueprintUserMessages: [MotionControllerPawn_2] 105
[2019.02.26-13.46.55:982][442]LogBlueprintUserMessages: Early EndPlayMap Detection: Level '/Game/StarterContent/Maps/Minimal_Default_2.Minimal_Default_2:PersistentLevel' has LevelScriptBlueprint '/Game/StarterContent/Maps/Minimal_Default_2.Minimal_Default_2:PersistentLevel.Minimal_Default_2' with GeneratedClass '/Game/StarterContent/Maps/Minimal_Default_2.Minimal_Default_2_C' with ClassGeneratedBy '/Game/StarterContent/Maps/Minimal_Default_2.Minimal_Default_2:PersistentLevel.Minimal_Default_2'
[2019.02.26-13.46.56:045][442]LogSlate: Updating window title bar state: overlay mode, drag disabled, window buttons hidden, title bar hidden
[2019.02.26-13.46.56:090][442]LogSlate: Window 'MyProject3 Game Preview Standalone (64-bit/PCD3D_SM5)' being destroyed
[2019.02.26-13.46.56:130][442]LogPlayLevel: Display: Shutting down PIE online subsystems
[2019.02.26-13.46.56:130][442]LogBlueprintUserMessages: Late EndPlayMap Detection: Level '/Game/StarterContent/Maps/Minimal_Default_2.Minimal_Default_2:PersistentLevel' has LevelScriptBlueprint '/Game/StarterContent/Maps/Minimal_Default_2.Minimal_Default_2:PersistentLevel.Minimal_Default_2' with GeneratedClass '/Game/StarterContent/Maps/Minimal_Default_2.Minimal_Default_2_C' with ClassGeneratedBy '/Game/StarterContent/Maps/Minimal_Default_2.Minimal_Default_2:PersistentLevel.Minimal_Default_2'
[2019.02.26-13.46.56:194][443]LogPlayLevel: Display: Destroying online subsystem :Context_6
[2019.02.26-13.46.56:194][443]LogEngine: Changing dynamic resolution state.
[2019.02.26-13.46.57:888][543]LogSlate: Window 'Message Log' being destroyed
[2019.02.26-13.46.57:891][543]LogSlate: Window 'Message Log' being destroyed
[2019.02.26-13.47.00:456][695]LogSlate: FSceneViewport::OnFocusLost() reason 2
[2019.02.26-13.47.00:477][695]Cmd: OBJ SAVEPACKAGE PACKAGE="/Game/StarterContent/Maps/Minimal_Default_2" FILE="D:/humanStuff/MyProject3/Content/StarterContent/Maps/Minimal_Default_2.umap" SILENT=true AUTOSAVING=false KEEPDIRTY=false
[2019.02.26-13.47.00:836][695]LogSavePackage: Moving 'D:/humanStuff/MyProject3/Saved/Minimal_Default_22EB389204017C69EB9627684ACEFAC86.tmp' to 'D:/humanStuff/MyProject3/Content/StarterContent/Maps/Minimal_Default_2.umap'
[2019.02.26-13.47.00:864][695]LogFileHelpers: Saving map 'Minimal_Default_2' took 0.388
[2019.02.26-13.47.00:873][695]Cmd: OBJ SAVEPACKAGE PACKAGE="/Game/VirtualRealityBP/Blueprints/MotionControllerPawn" FILE="D:/humanStuff/MyProject3/Content/VirtualRealityBP/Blueprints/MotionControllerPawn.uasset" SILENT=true
[2019.02.26-13.47.00:982][695]LogSavePackage: Moving 'D:/humanStuff/MyProject3/Saved/MotionControllerPawnF2F552C445603DEFBCDFEA9FE27A1318.tmp' to 'D:/humanStuff/MyProject3/Content/VirtualRealityBP/Blueprints/MotionControllerPawn.uasset'
[2019.02.26-13.47.01:655][735]LogSlate: FSceneViewport::OnFocusLost() reason 0
[2019.02.26-13.47.18:850][750]LogEditorViewport: Clicking on Actor (LMB): StaticMeshActor (hs_window4)
[2019.02.26-13.47.19:392][780]LogEditorViewport: Clicking on Actor (LMB): StaticMeshActor (hs_window4)
[2019.02.26-13.47.19:782][803]LogEditorViewport: Clicking on Component (LMB): StaticMeshComponent (StaticMeshComponent0)
[2019.02.26-13.47.21:170][885]LogSlate: FSceneViewport::OnFocusLost() reason 0
[2019.02.26-13.47.23:631][ 32]Cmd: CAMERA ALIGN ACTIVEVIEWPORTONLY
[2019.02.26-13.47.30:439][438]LogD3D11RHI: Error: SwapChain->ResizeBuffers(1, SizeX, SizeY, RenderTargetFormat, DXGI_SWAP_CHAIN_FLAG_ALLOW_MODE_SWITCH) failed 
 at D:\Build\++UE4\Sync\Engine\Source\Runtime\Windows\D3D11RHI\Private\D3D11Viewport.cpp:257 
 with error DXGI_ERROR_INVALID_CALL, 
 Size=881x256 Format=DXGI_FORMAT_R10G10B10A2_UNORM(0x00000018)
[2019.02.26-13.47.30:439][438]LogOutputDevice: Warning: 

Script Stack (0 frames):

[2019.02.26-13.47.30:439][438]LogWindows: Windows GetLastError: The operation completed successfully. (0)
[2019.02.26-13.47.31:286][438]LogWindows: Error: === Critical error: ===
[2019.02.26-13.47.31:286][438]LogWindows: Error: 
[2019.02.26-13.47.31:286][438]LogWindows: Error: Fatal error: [File:D:\Build\++UE4\Sync\Engine\Source\Runtime\Windows\D3D11RHI\Private\D3D11Util.cpp] [Line: 363] 
[2019.02.26-13.47.31:286][438]LogWindows: Error: SwapChain->ResizeBuffers(1, SizeX, SizeY, RenderTargetFormat, DXGI_SWAP_CHAIN_FLAG_ALLOW_MODE_SWITCH) failed 
[2019.02.26-13.47.31:286][438]LogWindows: Error:  at D:\Build\++UE4\Sync\Engine\Source\Runtime\Windows\D3D11RHI\Private\D3D11Viewport.cpp:257 
[2019.02.26-13.47.31:286][438]LogWindows: Error:  with error DXGI_ERROR_INVALID_CALL, 
[2019.02.26-13.47.31:286][438]LogWindows: Error:  Size=881x256 Format=DXGI_FORMAT_R10G10B10A2_UNORM(0x00000018)
[2019.02.26-13.47.31:286][438]LogWindows: Error: 
[2019.02.26-13.47.31:286][438]LogWindows: Error: 
[2019.02.26-13.47.31:286][438]LogWindows: Error: [Callstack] 0x00007ffa2a6ca388 KERNELBASE.dll!UnknownFunction []
[2019.02.26-13.47.31:286][438]LogWindows: Error: [Callstack] 0x00007ff9c30ccd1a UE4Editor-Core.dll!UnknownFunction []
[2019.02.26-13.47.31:286][438]LogWindows: Error: [Callstack] 0x00007ff9c2eaa967 UE4Editor-Core.dll!UnknownFunction []
[2019.02.26-13.47.31:286][438]LogWindows: Error: [Callstack] 0x00007ff9c2de0df7 UE4Editor-Core.dll!UnknownFunction []
[2019.02.26-13.47.31:286][438]LogWindows: Error: [Callstack] 0x00007ff9b5e60b7f UE4Editor-D3D11RHI.dll!UnknownFunction []
[2019.02.26-13.47.31:286][438]LogWindows: Error: [Callstack] 0x00007ff9b5e590a2 UE4Editor-D3D11RHI.dll!UnknownFunction []
[2019.02.26-13.47.31:286][438]LogWindows: Error: [Callstack] 0x00007ff9b5e50141 UE4Editor-D3D11RHI.dll!UnknownFunction []
[2019.02.26-13.47.31:286][438]LogWindows: Error: [Callstack] 0x00007ff9b5949b87 UE4Editor-SlateRHIRenderer.dll!UnknownFunction []
[2019.02.26-13.47.31:286][438]LogWindows: Error: [Callstack] 0x00007ff9b5962c68 UE4Editor-SlateRHIRenderer.dll!UnknownFunction []
[2019.02.26-13.47.31:286][438]LogWindows: Error: [Callstack] 0x00007ff9c20841e0 UE4Editor-Slate.dll!UnknownFunction []
[2019.02.26-13.47.31:286][438]LogWindows: Error: [Callstack] 0x00007ff9c204e222 UE4Editor-Slate.dll!UnknownFunction []
[2019.02.26-13.47.31:286][438]LogWindows: Error: [Callstack] 0x00007ff9c20af5a6 UE4Editor-Slate.dll!UnknownFunction []
[2019.02.26-13.47.31:286][438]LogWindows: Error: [Callstack] 0x00007ff9c20ae483 UE4Editor-Slate.dll!UnknownFunction []
[2019.02.26-13.47.31:286][438]LogWindows: Error: [Callstack] 0x00007ff7cb397094 UE4Editor.exe!UnknownFunction []
[2019.02.26-13.47.31:286][438]LogWindows: Error: [Callstack] 0x00007ff7cb3a596c UE4Editor.exe!UnknownFunction []
[2019.02.26-13.47.31:286][438]LogWindows: Error: [Callstack] 0x00007ff7cb3a59ea UE4Editor.exe!UnknownFunction []
[2019.02.26-13.47.31:286][438]LogWindows: Error: [Callstack] 0x00007ff7cb3b48da UE4Editor.exe!UnknownFunction []
[2019.02.26-13.47.31:286][438]LogWindows: Error: [Callstack] 0x00007ff7cb3b659a UE4Editor.exe!UnknownFunction []
[2019.02.26-13.47.31:286][438]LogWindows: Error: [Callstack] 0x00007ffa2beb3dc4 KERNEL32.DLL!UnknownFunction []
[2019.02.26-13.47.31:286][438]LogWindows: Error: [Callstack] 0x00007ffa2e333691 ntdll.dll!UnknownFunction []
[2019.02.26-13.47.31:286][438]LogWindows: Error: 
[2019.02.26-13.47.31:302][438]LogExit: Executing StaticShutdownAfterError
[2019.02.26-13.47.31:304][438]LogWindows: FPlatformMisc::RequestExit(1)
[2019.02.26-13.47.31:308][438]Log file closed, 02/26/19 08:47:31
