Log file open, 02/28/19 14:26:22
LogWindows: Failed to load 'aqProf.dll' (GetLastError=126)
LogWindows: File 'aqProf.dll' does not exist
LogWindows: Failed to load 'VtuneApi.dll' (GetLastError=126)
LogWindows: File 'VtuneApi.dll' does not exist
LogWindows: Failed to load 'VtuneApi32e.dll' (GetLastError=126)
LogWindows: File 'VtuneApi32e.dll' does not exist
LogConsoleResponse: Display: Failed to find resolution value strings in scalability ini. Falling back to default.
LogInit: Display: Running engine for game: MyProject3
LogPakFile: Registered encryption key '00000000000000000000000000000000': 0 pak files mounted, 0 remain pending
LogPlatformFile: Not using cached read wrapper
LogTaskGraph: Started task graph with 5 named threads and 35 total threads with 3 sets of task threads.
LogStats: Stats thread started at 0.411462
LogD3D11RHI: Loaded GFSDK_Aftermath_Lib.x64.dll
LogICUInternationalization: ICU TimeZone Detection - Raw Offset: -5:00, Platform Override: ''
LogPluginManager: Mounting plugin Paper2D
LogPluginManager: Mounting plugin AISupport
LogPluginManager: Mounting plugin LightPropagationVolume
LogPluginManager: Mounting plugin ActorLayerUtilities
LogPluginManager: Mounting plugin CLionSourceCodeAccess
LogPluginManager: Mounting plugin CodeLiteSourceCodeAccess
LogPluginManager: Mounting plugin GitSourceControl
LogPluginManager: Mounting plugin KDevelopSourceCodeAccess
LogPluginManager: Mounting plugin NullSourceCodeAccess
LogPluginManager: Mounting plugin PerforceSourceControl
LogPluginManager: Mounting plugin SubversionSourceControl
LogPluginManager: Mounting plugin UObjectPlugin
LogPluginManager: Mounting plugin VisualStudioCodeSourceCodeAccess
LogPluginManager: Mounting plugin VisualStudioSourceCodeAccess
LogPluginManager: Mounting plugin XCodeSourceCodeAccess
LogPluginManager: Mounting plugin AssetManagerEditor
LogPluginManager: Mounting plugin CryptoKeys
LogPluginManager: Mounting plugin DataValidation
LogPluginManager: Mounting plugin FacialAnimation
LogPluginManager: Mounting plugin GameplayTagsEditor
LogPluginManager: Mounting plugin MacGraphicsSwitching
LogPluginManager: Mounting plugin MeshEditor
LogPluginManager: Mounting plugin MobileLauncherProfileWizard
LogPluginManager: Mounting plugin PluginBrowser
LogPluginManager: Mounting plugin SpeedTreeImporter
LogPluginManager: Mounting plugin DatasmithContent
LogPluginManager: Mounting plugin VariantManagerContent
LogPluginManager: Mounting plugin AlembicImporter
LogPluginManager: Mounting plugin AppleImageUtils
LogPluginManager: Mounting plugin AppleVision
LogPluginManager: Mounting plugin BackChannel
LogPluginManager: Mounting plugin CharacterAI
LogPluginManager: Mounting plugin GeometryCache
LogPluginManager: Mounting plugin HTML5Networking
LogPluginManager: Mounting plugin ProxyLODPlugin
LogPluginManager: Mounting plugin MagicLeap
LogPluginManager: Mounting plugin MagicLeapMedia
LogPluginManager: Mounting plugin AndroidMedia
LogPluginManager: Mounting plugin AvfMedia
LogPluginManager: Mounting plugin ImgMedia
LogPluginManager: Mounting plugin LinearTimecode
LogPluginManager: Mounting plugin MediaCompositing
LogPluginManager: Mounting plugin MediaPlayerEditor
LogPluginManager: Mounting plugin WebMMedia
LogPluginManager: Mounting plugin WmfMedia
LogPluginManager: Mounting plugin TcpMessaging
LogPluginManager: Mounting plugin UdpMessaging
LogPluginManager: Mounting plugin ActorSequence
LogPluginManager: Mounting plugin LevelSequenceEditor
LogPluginManager: Mounting plugin MatineeToLevelSequence
LogPluginManager: Mounting plugin NetcodeUnitTest
LogPluginManager: Mounting plugin NUTUnrealEngine4
LogPluginManager: Mounting plugin OnlineSubsystemGooglePlay
LogPluginManager: Mounting plugin OnlineSubsystemIOS
LogPluginManager: Mounting plugin OnlineSubsystem
LogPluginManager: Mounting plugin OnlineSubsystemNull
LogPluginManager: Mounting plugin OnlineSubsystemUtils
LogPluginManager: Mounting plugin LauncherChunkInstaller
LogPluginManager: Mounting plugin AndroidDeviceProfileSelector
LogPluginManager: Mounting plugin AndroidMoviePlayer
LogPluginManager: Mounting plugin AndroidPermission
LogPluginManager: Mounting plugin AppleMoviePlayer
LogPluginManager: Mounting plugin ArchVisCharacter
LogPluginManager: Mounting plugin AudioCapture
LogPluginManager: Mounting plugin CableComponent
LogPluginManager: Mounting plugin CustomMeshComponent
LogPluginManager: Mounting plugin EditableMesh
LogPluginManager: Mounting plugin ExampleDeviceProfileSelector
LogPluginManager: Mounting plugin Firebase
LogPluginManager: Mounting plugin GoogleCloudMessaging
LogPluginManager: Mounting plugin IOSDeviceProfileSelector
LogPluginManager: Mounting plugin LinuxDeviceProfileSelector
LogPluginManager: Mounting plugin LocationServicesBPLibrary
LogPluginManager: Mounting plugin MobilePatchingUtils
LogPluginManager: Mounting plugin OculusVR
LogPluginManager: Mounting plugin PhysXVehicles
LogPluginManager: Mounting plugin ProceduralMeshComponent
LogPluginManager: Mounting plugin RuntimePhysXCooking
LogPluginManager: Mounting plugin SteamVR
LogPluginManager: Mounting plugin WebMMoviePlayer
LogPluginManager: Mounting plugin WindowsMoviePlayer
LogStreaming: Display: Took  0.083s to configure plugins.
LogInit: Using libcurl 7.55.1-DEV
LogInit:  - built for x86_64-pc-win32
LogInit:  - supports SSL with OpenSSL/1.0.2h
LogInit:  - supports HTTP deflate (compression) using libz 1.2.8
LogInit:  - other features:
LogInit:      CURL_VERSION_SSL
LogInit:      CURL_VERSION_LIBZ
LogInit:      CURL_VERSION_IPV6
LogInit:      CURL_VERSION_ASYNCHDNS
LogInit:      CURL_VERSION_LARGEFILE
LogInit:      CURL_VERSION_IDN
LogInit:  CurlRequestOptions (configurable via config and command line):
LogInit:  - bVerifyPeer = true  - Libcurl will verify peer certificate
LogInit:  - bUseHttpProxy = false  - Libcurl will NOT use HTTP proxy
LogInit:  - bDontReuseConnections = false  - Libcurl will reuse connections
LogInit:  - MaxHostConnections = 16  - Libcurl will limit the number of connections to a host
LogInit:  - LocalHostAddr = Default
LogInit:  - BufferSize = 65536
LogInit: WinSock: version 1.1 (2.2), MaxSocks=32767, MaxUdp=65467
LogInit: Build: ++UE4+Release-4.21-CL-4753647
LogInit: Engine Version: 4.21.2-4753647+++UE4+Release-4.21
LogInit: Compatible Engine Version: 4.21.0-4541578+++UE4+Release-4.21
LogInit: Net CL: 4541578
LogInit: OS: Windows 10 (), CPU: Intel(R) Core(TM) i7-8750H CPU @ 2.20GHz, GPU: Intel(R) UHD Graphics 630
LogInit: Compiled (64-bit): Jan 19 2019 02:07:31
LogInit: Compiled with Visual C++: 19.13.26129.00
LogInit: Build Configuration: Development
LogInit: Branch Name: ++UE4+Release-4.21
LogInit: Command Line: 
LogInit: Base Directory: C:/Program Files/Epic Games/UE_4.21/Engine/Binaries/Win64/
LogInit: Installed Engine Build: 1
LogDevObjectVersion: Number of dev versions registered: 22
LogDevObjectVersion:   Dev-Blueprints (B0D832E4-1F89-4F0D-ACCF-7EB736FD4AA2): 10
LogDevObjectVersion:   Dev-Build (E1C64328-A22C-4D53-A36C-8E866417BD8C): 0
LogDevObjectVersion:   Dev-Core (375EC13C-06E4-48FB-B500-84F0262A717E): 2
LogDevObjectVersion:   Dev-Editor (E4B068ED-F494-42E9-A231-DA0B2E46BB41): 26
LogDevObjectVersion:   Dev-Framework (CFFC743F-43B0-4480-9391-14DF171D2073): 34
LogDevObjectVersion:   Dev-Mobile (B02B49B5-BB20-44E9-A304-32B752E40360): 2
LogDevObjectVersion:   Dev-Networking (A4E4105C-59A1-49B5-A7C5-40C4547EDFEE): 0
LogDevObjectVersion:   Dev-Online (39C831C9-5AE6-47DC-9A44-9C173E1C8E7C): 0
LogDevObjectVersion:   Dev-Physics (78F01B33-EBEA-4F98-B9B4-84EACCB95AA2): 0
LogDevObjectVersion:   Dev-Platform (6631380F-2D4D-43E0-8009-CF276956A95A): 0
LogDevObjectVersion:   Dev-Rendering (12F88B9F-8875-4AFC-A67C-D90C383ABD29): 27
LogDevObjectVersion:   Dev-Sequencer (7B5AE74C-D270-4C10-A958-57980B212A5A): 9
LogDevObjectVersion:   Dev-VR (D7296918-1DD6-4BDD-9DE2-64A83CC13884): 2
LogDevObjectVersion:   Dev-LoadTimes (C2A15278-BFE7-4AFE-6C17-90FF531DF755): 1
LogDevObjectVersion:   Private-Geometry (6EACA3D4-40EC-4CC1-B786-8BED09428FC5): 3
LogDevObjectVersion:   Dev-AnimPhys (29E575DD-E0A3-4627-9D10-D276232CDCEA): 17
LogDevObjectVersion:   Dev-Anim (AF43A65D-7FD3-4947-9873-3E8ED9C1BB05): 2
LogDevObjectVersion:   Dev-ReflectionCapture (6B266CEC-1EC7-4B8F-A30B-E4D90942FC07): 1
LogDevObjectVersion:   Dev-Automation (0DF73D61-A23F-47EA-B727-89E90C41499A): 1
LogDevObjectVersion:   FortniteMain (601D1886-AC64-4F84-AA16-D3DE0DEAC7D6): 17
LogDevObjectVersion:   Dev-Enterprise (9DFFBCD6-494F-0158-E221-12823C92A888): 4
LogDevObjectVersion:   Dev-Niagara (F2AED0AC-9AFE-416F-8664-AA7FFA26D6FC): 1
LogStreaming: Display: Took  0.002s to delete old logs.
LogInit: Presizing for max 8388607 objects, including 0 objects not considered by GC, pre-allocating 0 bytes for permanent pool.
LogInit: Object subsystem initialized
LogConfig: Setting CVar [[con.DebugEarlyDefault:1]]
LogConfig: Setting CVar [[r.setres:1280x720]]
[2019.02.28-19.26.22:678][  0]LogConfig: Setting CVar [[r.VSync:0]]
[2019.02.28-19.26.22:678][  0]LogConfig: Setting CVar [[r.RHICmdBypass:0]]
[2019.02.28-19.26.22:678][  0]LogConfig: Applying CVar settings from Section [/Script/Engine.RendererSettings] File [D:/humanStuff2/MyProject3/Saved/Config/Windows/Engine.ini]
[2019.02.28-19.26.22:678][  0]LogConfig: Setting CVar [[r.GPUCrashDebugging:0]]
[2019.02.28-19.26.22:678][  0]LogConfig: Applying CVar settings from Section [/Script/Engine.RendererOverrideSettings] File [D:/humanStuff2/MyProject3/Saved/Config/Windows/Engine.ini]
[2019.02.28-19.26.22:678][  0]LogConfig: Applying CVar settings from Section [/Script/Engine.StreamingSettings] File [D:/humanStuff2/MyProject3/Saved/Config/Windows/Engine.ini]
[2019.02.28-19.26.22:678][  0]LogConfig: Setting CVar [[s.MinBulkDataSizeForAsyncLoading:131072]]
[2019.02.28-19.26.22:678][  0]LogConfig: Setting CVar [[s.AsyncLoadingThreadEnabled:0]]
[2019.02.28-19.26.22:678][  0]LogConfig: Setting CVar [[s.EventDrivenLoaderEnabled:1]]
[2019.02.28-19.26.22:678][  0]LogConfig: Setting CVar [[s.WarnIfTimeLimitExceeded:0]]
[2019.02.28-19.26.22:678][  0]LogConfig: Setting CVar [[s.TimeLimitExceededMultiplier:1.5]]
[2019.02.28-19.26.22:678][  0]LogConfig: Setting CVar [[s.TimeLimitExceededMinTime:0.005]]
[2019.02.28-19.26.22:678][  0]LogConfig: Setting CVar [[s.UseBackgroundLevelStreaming:1]]
[2019.02.28-19.26.22:678][  0]LogConfig: Setting CVar [[s.PriorityAsyncLoadingExtraTime:15.0]]
[2019.02.28-19.26.22:678][  0]LogConfig: Setting CVar [[s.LevelStreamingActorsUpdateTimeLimit:5.0]]
[2019.02.28-19.26.22:678][  0]LogConfig: Setting CVar [[s.PriorityLevelStreamingActorsUpdateExtraTime:5.0]]
[2019.02.28-19.26.22:678][  0]LogConfig: Setting CVar [[s.LevelStreamingComponentsRegistrationGranularity:10]]
[2019.02.28-19.26.22:678][  0]LogConfig: Setting CVar [[s.UnregisterComponentsTimeLimit:1.0]]
[2019.02.28-19.26.22:678][  0]LogConfig: Setting CVar [[s.LevelStreamingComponentsUnregistrationGranularity:5]]
[2019.02.28-19.26.22:678][  0]LogConfig: Applying CVar settings from Section [/Script/Engine.GarbageCollectionSettings] File [D:/humanStuff2/MyProject3/Saved/Config/Windows/Engine.ini]
[2019.02.28-19.26.22:678][  0]LogConfig: Setting CVar [[gc.MaxObjectsNotConsideredByGC:1]]
[2019.02.28-19.26.22:678][  0]LogConfig: Setting CVar [[gc.SizeOfPermanentObjectPool:0]]
[2019.02.28-19.26.22:678][  0]LogConfig: Setting CVar [[gc.FlushStreamingOnGC:0]]
[2019.02.28-19.26.22:678][  0]LogConfig: Setting CVar [[gc.NumRetriesBeforeForcingGC:10]]
[2019.02.28-19.26.22:678][  0]LogConfig: Setting CVar [[gc.AllowParallelGC:1]]
[2019.02.28-19.26.22:678][  0]LogConfig: Setting CVar [[gc.TimeBetweenPurgingPendingKillObjects:61.1]]
[2019.02.28-19.26.22:678][  0]LogConfig: Setting CVar [[gc.MaxObjectsInEditor:8388607]]
[2019.02.28-19.26.22:678][  0]LogConfig: Setting CVar [[gc.IncrementalBeginDestroyEnabled:1]]
[2019.02.28-19.26.22:678][  0]LogConfig: Setting CVar [[gc.CreateGCClusters:1]]
[2019.02.28-19.26.22:678][  0]LogConfig: Setting CVar [[gc.MergeGCClusters:0]]
[2019.02.28-19.26.22:678][  0]LogConfig: Setting CVar [[gc.MinGCClusterSize:5]]
[2019.02.28-19.26.22:678][  0]LogConfig: Setting CVar [[gc.ActorClusteringEnabled:0]]
[2019.02.28-19.26.22:678][  0]LogConfig: Setting CVar [[gc.BlueprintClusteringEnabled:0]]
[2019.02.28-19.26.22:679][  0]LogConfig: Setting CVar [[gc.UseDisregardForGCOnDedicatedServers:0]]
[2019.02.28-19.26.22:679][  0]LogConfig: Applying CVar settings from Section [/Script/Engine.NetworkSettings] File [D:/humanStuff2/MyProject3/Saved/Config/Windows/Engine.ini]
[2019.02.28-19.26.22:679][  0]LogConfig: Applying CVar settings from Section [/Script/UnrealEd.CookerSettings] File [D:/humanStuff2/MyProject3/Saved/Config/Windows/Engine.ini]
[2019.02.28-19.26.22:680][  0]LogConfig: Applying CVar settings from Section [ViewDistanceQuality@3] File [D:/humanStuff2/MyProject3/Saved/Config/Windows/Scalability.ini]
[2019.02.28-19.26.22:680][  0]LogConfig: Setting CVar [[r.SkeletalMeshLODBias:0]]
[2019.02.28-19.26.22:680][  0]LogConfig: Setting CVar [[r.ViewDistanceScale:1.0]]
[2019.02.28-19.26.22:680][  0]LogConfig: Applying CVar settings from Section [AntiAliasingQuality@3] File [D:/humanStuff2/MyProject3/Saved/Config/Windows/Scalability.ini]
[2019.02.28-19.26.22:680][  0]LogConfig: Setting CVar [[r.PostProcessAAQuality:3]]
[2019.02.28-19.26.22:680][  0]LogConfig: Applying CVar settings from Section [ShadowQuality@3] File [D:/humanStuff2/MyProject3/Saved/Config/Windows/Scalability.ini]
[2019.02.28-19.26.22:680][  0]LogConfig: Setting CVar [[r.LightFunctionQuality:1]]
[2019.02.28-19.26.22:680][  0]LogConfig: Setting CVar [[r.ShadowQuality:5]]
[2019.02.28-19.26.22:680][  0]LogConfig: Setting CVar [[r.Shadow.CSM.MaxCascades:10]]
[2019.02.28-19.26.22:680][  0]LogConfig: Setting CVar [[r.Shadow.MaxResolution:2048]]
[2019.02.28-19.26.22:680][  0]LogConfig: Setting CVar [[r.Shadow.MaxCSMResolution:2048]]
[2019.02.28-19.26.22:680][  0]LogConfig: Setting CVar [[r.Shadow.RadiusThreshold:0.01]]
[2019.02.28-19.26.22:680][  0]LogConfig: Setting CVar [[r.Shadow.DistanceScale:1.0]]
[2019.02.28-19.26.22:680][  0]LogConfig: Setting CVar [[r.Shadow.CSM.TransitionScale:1.0]]
[2019.02.28-19.26.22:680][  0]LogConfig: Setting CVar [[r.Shadow.PreShadowResolutionFactor:1.0]]
[2019.02.28-19.26.22:680][  0]LogConfig: Setting CVar [[r.DistanceFieldShadowing:1]]
[2019.02.28-19.26.22:680][  0]LogConfig: Setting CVar [[r.DistanceFieldAO:1]]
[2019.02.28-19.26.22:680][  0]LogConfig: Setting CVar [[r.AOQuality:2]]
[2019.02.28-19.26.22:680][  0]LogConfig: Setting CVar [[r.VolumetricFog:1]]
[2019.02.28-19.26.22:680][  0]LogConfig: Setting CVar [[r.VolumetricFog.GridPixelSize:8]]
[2019.02.28-19.26.22:680][  0]LogConfig: Setting CVar [[r.VolumetricFog.GridSizeZ:128]]
[2019.02.28-19.26.22:680][  0]LogConfig: Setting CVar [[r.VolumetricFog.HistoryMissSupersampleCount:4]]
[2019.02.28-19.26.22:680][  0]LogConfig: Setting CVar [[r.LightMaxDrawDistanceScale:1]]
[2019.02.28-19.26.22:680][  0]LogConfig: Setting CVar [[r.CapsuleShadows:1]]
[2019.02.28-19.26.22:680][  0]LogConfig: Applying CVar settings from Section [PostProcessQuality@3] File [D:/humanStuff2/MyProject3/Saved/Config/Windows/Scalability.ini]
[2019.02.28-19.26.22:680][  0]LogConfig: Setting CVar [[r.MotionBlurQuality:0]]
[2019.02.28-19.26.22:680][  0]LogConfig: Setting CVar [[r.AmbientOcclusionMipLevelFactor:0.4]]
[2019.02.28-19.26.22:680][  0]LogConfig: Setting CVar [[r.AmbientOcclusionMaxQuality:100]]
[2019.02.28-19.26.22:680][  0]LogConfig: Setting CVar [[r.AmbientOcclusionLevels:0]]
[2019.02.28-19.26.22:680][  0]LogConfig: Setting CVar [[r.AmbientOcclusionRadiusScale:1.0]]
[2019.02.28-19.26.22:680][  0]LogConfig: Setting CVar [[r.DepthOfFieldQuality:0]]
[2019.02.28-19.26.22:680][  0]LogConfig: Setting CVar [[r.RenderTargetPoolMin:400]]
[2019.02.28-19.26.22:680][  0]LogConfig: Setting CVar [[r.LensFlareQuality:0]]
[2019.02.28-19.26.22:680][  0]LogConfig: Setting CVar [[r.SceneColorFringeQuality:0]]
[2019.02.28-19.26.22:680][  0]LogConfig: Setting CVar [[r.EyeAdaptationQuality:2]]
[2019.02.28-19.26.22:680][  0]LogConfig: Setting CVar [[r.BloomQuality:1]]
[2019.02.28-19.26.22:680][  0]LogConfig: Setting CVar [[r.FastBlurThreshold:0]]
[2019.02.28-19.26.22:680][  0]LogConfig: Setting CVar [[r.Upscale.Quality:3]]
[2019.02.28-19.26.22:680][  0]LogConfig: Setting CVar [[r.Tonemapper.GrainQuantization:1]]
[2019.02.28-19.26.22:680][  0]LogConfig: Setting CVar [[r.LightShaftQuality:1]]
[2019.02.28-19.26.22:680][  0]LogConfig: Setting CVar [[r.Filter.SizeScale:1]]
[2019.02.28-19.26.22:680][  0]LogConfig: Setting CVar [[r.Tonemapper.Quality:5]]
[2019.02.28-19.26.22:680][  0]LogConfig: Setting CVar [[r.DOF.Gather.AccumulatorQuality:1        ; higher gathering accumulator quality]]
[2019.02.28-19.26.22:680][  0]LogConfig: Setting CVar [[r.DOF.Gather.PostfilterMethod:1          ; Median3x3 postfilering method]]
[2019.02.28-19.26.22:680][  0]LogConfig: Setting CVar [[r.DOF.Gather.EnableBokehSettings:0       ; no bokeh simulation when gathering]]
[2019.02.28-19.26.22:680][  0]LogConfig: Setting CVar [[r.DOF.Gather.RingCount:4                 ; medium number of samples when gathering]]
[2019.02.28-19.26.22:680][  0]LogConfig: Setting CVar [[r.DOF.Scatter.ForegroundCompositing:1    ; additive foreground scattering]]
[2019.02.28-19.26.22:680][  0]LogConfig: Setting CVar [[r.DOF.Scatter.BackgroundCompositing:2    ; additive background scattering]]
[2019.02.28-19.26.22:680][  0]LogConfig: Setting CVar [[r.DOF.Scatter.EnableBokehSettings:1      ; bokeh simulation when scattering]]
[2019.02.28-19.26.22:680][  0]LogConfig: Setting CVar [[r.DOF.Scatter.MaxSpriteRatio:0.1         ; only a maximum of 10% of scattered bokeh]]
[2019.02.28-19.26.22:680][  0]LogConfig: Setting CVar [[r.DOF.Recombine.Quality:1                ; cheap slight out of focus]]
[2019.02.28-19.26.22:680][  0]LogConfig: Setting CVar [[r.DOF.Recombine.EnableBokehSettings:0    ; no bokeh simulation on slight out of focus]]
[2019.02.28-19.26.22:680][  0]LogConfig: Setting CVar [[r.DOF.TemporalAAQuality:1                ; more stable temporal accumulation]]
[2019.02.28-19.26.22:680][  0]LogConfig: Setting CVar [[r.DOF.Kernel.MaxForegroundRadius:0.025]]
[2019.02.28-19.26.22:680][  0]LogConfig: Setting CVar [[r.DOF.Kernel.MaxBackgroundRadius:0.025]]
[2019.02.28-19.26.22:680][  0]LogConfig: Applying CVar settings from Section [TextureQuality@3] File [D:/humanStuff2/MyProject3/Saved/Config/Windows/Scalability.ini]
[2019.02.28-19.26.22:680][  0]LogConfig: Setting CVar [[r.Streaming.MipBias:0]]
[2019.02.28-19.26.22:680][  0]LogConfig: Setting CVar [[r.Streaming.AmortizeCPUToGPUCopy:0]]
[2019.02.28-19.26.22:680][  0]LogConfig: Setting CVar [[r.Streaming.MaxNumTexturesToStreamPerFrame:0]]
[2019.02.28-19.26.22:680][  0]LogConfig: Setting CVar [[r.Streaming.Boost:1]]
[2019.02.28-19.26.22:680][  0]LogConfig: Setting CVar [[r.MaxAnisotropy:8]]
[2019.02.28-19.26.22:680][  0]LogConfig: Setting CVar [[r.Streaming.LimitPoolSizeToVRAM:0]]
[2019.02.28-19.26.22:680][  0]LogConfig: Setting CVar [[r.Streaming.PoolSize:1000]]
[2019.02.28-19.26.22:680][  0]LogConfig: Setting CVar [[r.Streaming.MaxEffectiveScreenSize:0]]
[2019.02.28-19.26.22:680][  0]LogConfig: Applying CVar settings from Section [EffectsQuality@3] File [D:/humanStuff2/MyProject3/Saved/Config/Windows/Scalability.ini]
[2019.02.28-19.26.22:680][  0]LogConfig: Setting CVar [[r.TranslucencyLightingVolumeDim:4]]
[2019.02.28-19.26.22:681][  0]LogConfig: Setting CVar [[r.RefractionQuality:2]]
[2019.02.28-19.26.22:681][  0]LogConfig: Setting CVar [[r.SSR.Quality:0]]
[2019.02.28-19.26.22:681][  0]LogConfig: Setting CVar [[r.SceneColorFormat:2]]
[2019.02.28-19.26.22:681][  0]LogConfig: Setting CVar [[r.DetailMode:2]]
[2019.02.28-19.26.22:681][  0]LogConfig: Setting CVar [[r.TranslucencyVolumeBlur:0]]
[2019.02.28-19.26.22:681][  0]LogConfig: Setting CVar [[r.MaterialQualityLevel:1 ; High quality]]
[2019.02.28-19.26.22:681][  0]LogConfig: Setting CVar [[r.SSS.Scale:1]]
[2019.02.28-19.26.22:681][  0]LogConfig: Setting CVar [[r.SSS.SampleSet:2]]
[2019.02.28-19.26.22:681][  0]LogConfig: Setting CVar [[r.SSS.Quality:1]]
[2019.02.28-19.26.22:681][  0]LogConfig: Setting CVar [[r.SSS.HalfRes:1]]
[2019.02.28-19.26.22:681][  0]LogConfig: Setting CVar [[r.EmitterSpawnRateScale:1.0]]
[2019.02.28-19.26.22:681][  0]LogConfig: Setting CVar [[r.ParticleLightQuality:2]]
[2019.02.28-19.26.22:681][  0]LogConfig: Applying CVar settings from Section [FoliageQuality@3] File [D:/humanStuff2/MyProject3/Saved/Config/Windows/Scalability.ini]
[2019.02.28-19.26.22:681][  0]LogConfig: Setting CVar [[foliage.DensityScale:1.0]]
[2019.02.28-19.26.22:681][  0]LogConfig: Setting CVar [[grass.DensityScale:1.0]]
[2019.02.28-19.26.22:681][  0]LogInit: Selected Device Profile: [Windows]
[2019.02.28-19.26.22:681][  0]LogInit: Applying CVar settings loaded from the selected device profile: [Windows]
[2019.02.28-19.26.22:687][  0]LogHAL: Display: Platform has ~ 16 GB [17018638336 / 17179869184 / 16], which maps to Larger [LargestMinGB=32, LargerMinGB=12, DefaultMinGB=8, SmallerMinGB=6, SmallestMinGB=0)
[2019.02.28-19.26.22:687][  0]LogConfig: Setting CVar [[r.Vulkan.UseRealUBs:1]]
[2019.02.28-19.26.22:687][  0]LogInit: Going up to parent DeviceProfile []
[2019.02.28-19.26.22:687][  0]LogConfig: Applying CVar settings from Section [ViewDistanceQuality@3] File [D:/humanStuff2/MyProject3/Saved/Config/Windows/Scalability.ini]
[2019.02.28-19.26.22:687][  0]LogConfig: Setting CVar [[r.SkeletalMeshLODBias:0]]
[2019.02.28-19.26.22:687][  0]LogConfig: Setting CVar [[r.ViewDistanceScale:1.0]]
[2019.02.28-19.26.22:687][  0]LogConfig: Applying CVar settings from Section [AntiAliasingQuality@3] File [D:/humanStuff2/MyProject3/Saved/Config/Windows/Scalability.ini]
[2019.02.28-19.26.22:687][  0]LogConfig: Setting CVar [[r.PostProcessAAQuality:3]]
[2019.02.28-19.26.22:687][  0]LogConfig: Applying CVar settings from Section [ShadowQuality@3] File [D:/humanStuff2/MyProject3/Saved/Config/Windows/Scalability.ini]
[2019.02.28-19.26.22:687][  0]LogConfig: Setting CVar [[r.LightFunctionQuality:1]]
[2019.02.28-19.26.22:687][  0]LogConfig: Setting CVar [[r.ShadowQuality:5]]
[2019.02.28-19.26.22:687][  0]LogConfig: Setting CVar [[r.Shadow.CSM.MaxCascades:10]]
[2019.02.28-19.26.22:687][  0]LogConfig: Setting CVar [[r.Shadow.MaxResolution:2048]]
[2019.02.28-19.26.22:687][  0]LogConfig: Setting CVar [[r.Shadow.MaxCSMResolution:2048]]
[2019.02.28-19.26.22:687][  0]LogConfig: Setting CVar [[r.Shadow.RadiusThreshold:0.01]]
[2019.02.28-19.26.22:687][  0]LogConfig: Setting CVar [[r.Shadow.DistanceScale:1.0]]
[2019.02.28-19.26.22:687][  0]LogConfig: Setting CVar [[r.Shadow.CSM.TransitionScale:1.0]]
[2019.02.28-19.26.22:687][  0]LogConfig: Setting CVar [[r.Shadow.PreShadowResolutionFactor:1.0]]
[2019.02.28-19.26.22:687][  0]LogConfig: Setting CVar [[r.DistanceFieldShadowing:1]]
[2019.02.28-19.26.22:687][  0]LogConfig: Setting CVar [[r.DistanceFieldAO:1]]
[2019.02.28-19.26.22:687][  0]LogConfig: Setting CVar [[r.AOQuality:2]]
[2019.02.28-19.26.22:687][  0]LogConfig: Setting CVar [[r.VolumetricFog:1]]
[2019.02.28-19.26.22:687][  0]LogConfig: Setting CVar [[r.VolumetricFog.GridPixelSize:8]]
[2019.02.28-19.26.22:687][  0]LogConfig: Setting CVar [[r.VolumetricFog.GridSizeZ:128]]
[2019.02.28-19.26.22:687][  0]LogConfig: Setting CVar [[r.VolumetricFog.HistoryMissSupersampleCount:4]]
[2019.02.28-19.26.22:687][  0]LogConfig: Setting CVar [[r.LightMaxDrawDistanceScale:1]]
[2019.02.28-19.26.22:687][  0]LogConfig: Setting CVar [[r.CapsuleShadows:1]]
[2019.02.28-19.26.22:687][  0]LogConfig: Applying CVar settings from Section [PostProcessQuality@3] File [D:/humanStuff2/MyProject3/Saved/Config/Windows/Scalability.ini]
[2019.02.28-19.26.22:687][  0]LogConfig: Setting CVar [[r.MotionBlurQuality:0]]
[2019.02.28-19.26.22:687][  0]LogConfig: Setting CVar [[r.AmbientOcclusionMipLevelFactor:0.4]]
[2019.02.28-19.26.22:687][  0]LogConfig: Setting CVar [[r.AmbientOcclusionMaxQuality:100]]
[2019.02.28-19.26.22:687][  0]LogConfig: Setting CVar [[r.AmbientOcclusionLevels:0]]
[2019.02.28-19.26.22:687][  0]LogConfig: Setting CVar [[r.AmbientOcclusionRadiusScale:1.0]]
[2019.02.28-19.26.22:687][  0]LogConfig: Setting CVar [[r.DepthOfFieldQuality:0]]
[2019.02.28-19.26.22:687][  0]LogConfig: Setting CVar [[r.RenderTargetPoolMin:400]]
[2019.02.28-19.26.22:688][  0]LogConfig: Setting CVar [[r.LensFlareQuality:0]]
[2019.02.28-19.26.22:688][  0]LogConfig: Setting CVar [[r.SceneColorFringeQuality:0]]
[2019.02.28-19.26.22:688][  0]LogConfig: Setting CVar [[r.EyeAdaptationQuality:2]]
[2019.02.28-19.26.22:688][  0]LogConfig: Setting CVar [[r.BloomQuality:1]]
[2019.02.28-19.26.22:688][  0]LogConfig: Setting CVar [[r.FastBlurThreshold:0]]
[2019.02.28-19.26.22:688][  0]LogConfig: Setting CVar [[r.Upscale.Quality:3]]
[2019.02.28-19.26.22:688][  0]LogConfig: Setting CVar [[r.Tonemapper.GrainQuantization:1]]
[2019.02.28-19.26.22:688][  0]LogConfig: Setting CVar [[r.LightShaftQuality:1]]
[2019.02.28-19.26.22:688][  0]LogConfig: Setting CVar [[r.Filter.SizeScale:1]]
[2019.02.28-19.26.22:688][  0]LogConfig: Setting CVar [[r.Tonemapper.Quality:5]]
[2019.02.28-19.26.22:688][  0]LogConfig: Setting CVar [[r.DOF.Gather.AccumulatorQuality:1        ; higher gathering accumulator quality]]
[2019.02.28-19.26.22:688][  0]LogConfig: Setting CVar [[r.DOF.Gather.PostfilterMethod:1          ; Median3x3 postfilering method]]
[2019.02.28-19.26.22:688][  0]LogConfig: Setting CVar [[r.DOF.Gather.EnableBokehSettings:0       ; no bokeh simulation when gathering]]
[2019.02.28-19.26.22:688][  0]LogConfig: Setting CVar [[r.DOF.Gather.RingCount:4                 ; medium number of samples when gathering]]
[2019.02.28-19.26.22:688][  0]LogConfig: Setting CVar [[r.DOF.Scatter.ForegroundCompositing:1    ; additive foreground scattering]]
[2019.02.28-19.26.22:688][  0]LogConfig: Setting CVar [[r.DOF.Scatter.BackgroundCompositing:2    ; additive background scattering]]
[2019.02.28-19.26.22:688][  0]LogConfig: Setting CVar [[r.DOF.Scatter.EnableBokehSettings:1      ; bokeh simulation when scattering]]
[2019.02.28-19.26.22:688][  0]LogConfig: Setting CVar [[r.DOF.Scatter.MaxSpriteRatio:0.1         ; only a maximum of 10% of scattered bokeh]]
[2019.02.28-19.26.22:688][  0]LogConfig: Setting CVar [[r.DOF.Recombine.Quality:1                ; cheap slight out of focus]]
[2019.02.28-19.26.22:688][  0]LogConfig: Setting CVar [[r.DOF.Recombine.EnableBokehSettings:0    ; no bokeh simulation on slight out of focus]]
[2019.02.28-19.26.22:688][  0]LogConfig: Setting CVar [[r.DOF.TemporalAAQuality:1                ; more stable temporal accumulation]]
[2019.02.28-19.26.22:688][  0]LogConfig: Setting CVar [[r.DOF.Kernel.MaxForegroundRadius:0.025]]
[2019.02.28-19.26.22:688][  0]LogConfig: Setting CVar [[r.DOF.Kernel.MaxBackgroundRadius:0.025]]
[2019.02.28-19.26.22:688][  0]LogConfig: Applying CVar settings from Section [TextureQuality@3] File [D:/humanStuff2/MyProject3/Saved/Config/Windows/Scalability.ini]
[2019.02.28-19.26.22:688][  0]LogConfig: Setting CVar [[r.Streaming.MipBias:0]]
[2019.02.28-19.26.22:688][  0]LogConfig: Setting CVar [[r.Streaming.AmortizeCPUToGPUCopy:0]]
[2019.02.28-19.26.22:688][  0]LogConfig: Setting CVar [[r.Streaming.MaxNumTexturesToStreamPerFrame:0]]
[2019.02.28-19.26.22:688][  0]LogConfig: Setting CVar [[r.Streaming.Boost:1]]
[2019.02.28-19.26.22:688][  0]LogConfig: Setting CVar [[r.MaxAnisotropy:8]]
[2019.02.28-19.26.22:688][  0]LogConfig: Setting CVar [[r.Streaming.LimitPoolSizeToVRAM:0]]
[2019.02.28-19.26.22:688][  0]LogConfig: Setting CVar [[r.Streaming.PoolSize:1000]]
[2019.02.28-19.26.22:688][  0]LogConfig: Setting CVar [[r.Streaming.MaxEffectiveScreenSize:0]]
[2019.02.28-19.26.22:688][  0]LogConfig: Applying CVar settings from Section [EffectsQuality@3] File [D:/humanStuff2/MyProject3/Saved/Config/Windows/Scalability.ini]
[2019.02.28-19.26.22:688][  0]LogConfig: Setting CVar [[r.TranslucencyLightingVolumeDim:4]]
[2019.02.28-19.26.22:688][  0]LogConfig: Setting CVar [[r.RefractionQuality:2]]
[2019.02.28-19.26.22:688][  0]LogConfig: Setting CVar [[r.SSR.Quality:0]]
[2019.02.28-19.26.22:688][  0]LogConfig: Setting CVar [[r.SceneColorFormat:2]]
[2019.02.28-19.26.22:688][  0]LogConfig: Setting CVar [[r.DetailMode:2]]
[2019.02.28-19.26.22:688][  0]LogConfig: Setting CVar [[r.TranslucencyVolumeBlur:0]]
[2019.02.28-19.26.22:688][  0]LogConfig: Setting CVar [[r.MaterialQualityLevel:1 ; High quality]]
[2019.02.28-19.26.22:688][  0]LogConfig: Setting CVar [[r.SSS.Scale:1]]
[2019.02.28-19.26.22:688][  0]LogConfig: Setting CVar [[r.SSS.SampleSet:2]]
[2019.02.28-19.26.22:688][  0]LogConfig: Setting CVar [[r.SSS.Quality:1]]
[2019.02.28-19.26.22:688][  0]LogConfig: Setting CVar [[r.SSS.HalfRes:1]]
[2019.02.28-19.26.22:688][  0]LogConfig: Setting CVar [[r.EmitterSpawnRateScale:1.0]]
[2019.02.28-19.26.22:688][  0]LogConfig: Setting CVar [[r.ParticleLightQuality:2]]
[2019.02.28-19.26.22:688][  0]LogConfig: Applying CVar settings from Section [FoliageQuality@3] File [D:/humanStuff2/MyProject3/Saved/Config/Windows/Scalability.ini]
[2019.02.28-19.26.22:688][  0]LogConfig: Setting CVar [[foliage.DensityScale:1.0]]
[2019.02.28-19.26.22:688][  0]LogConfig: Setting CVar [[grass.DensityScale:1.0]]
[2019.02.28-19.26.22:688][  0]LogConfig: Applying CVar settings from Section [Startup] File [../../../Engine/Config/ConsoleVariables.ini]
[2019.02.28-19.26.22:688][  0]LogConfig: Setting CVar [[net.UseAdaptiveNetUpdateFrequency:0]]
[2019.02.28-19.26.22:688][  0]LogConfig: Applying CVar settings from Section [ConsoleVariables] File [D:/humanStuff2/MyProject3/Saved/Config/Windows/Engine.ini]
[2019.02.28-19.26.22:688][  0]LogInit: Computer: MSI
[2019.02.28-19.26.22:688][  0]LogInit: User: Gretchen
[2019.02.28-19.26.22:688][  0]LogInit: CPU Page size=4096, Cores=6
[2019.02.28-19.26.22:689][  0]LogInit: High frequency timer resolution =2.156250 MHz
[2019.02.28-19.26.22:689][  0]LogMemory: Memory total: Physical=15.8GB (16GB approx)
[2019.02.28-19.26.22:689][  0]LogMemory: Platform Memory Stats for Windows
[2019.02.28-19.26.22:689][  0]LogMemory: Process Physical Memory: 110.27 MB used, 110.27 MB peak
[2019.02.28-19.26.22:689][  0]LogMemory: Process Virtual Memory: 106.96 MB used, 106.96 MB peak
[2019.02.28-19.26.22:689][  0]LogMemory: Physical Memory: 5901.45 MB used,  10328.79 MB free, 16230.24 MB total
[2019.02.28-19.26.22:689][  0]LogMemory: Virtual Memory: 4700.05 MB used,  134213024.00 MB free, 134217728.00 MB total
[2019.02.28-19.26.22:875][  0]LogInit: Using OS detected language (en-US).
[2019.02.28-19.26.22:875][  0]LogInit: Using OS detected locale (en-US).
[2019.02.28-19.26.22:876][  0]LogTextLocalizationManager: No specific localization for 'en-US' exists, so the 'en' localization will be used.
[2019.02.28-19.26.23:205][  0]LogStreaming: Display: Took  0.330s to InitEngineTextLocalization.
[2019.02.28-19.26.23:205][  0]LogInit: Setting process to per monitor DPI aware
[2019.02.28-19.26.23:231][  0]LogSlate: New Slate User Created.  User Index 0, Is Virtual User: 0
[2019.02.28-19.26.23:232][  0]LogSlate: Slate User Registered.  User Index 0, Is Virtual User: 0
[2019.02.28-19.26.23:426][  0]LogD3D11RHI: D3D11 adapters:
[2019.02.28-19.26.23:468][  0]LogD3D11RHI:    0. 'NVIDIA GeForce GTX 1060' (Feature Level 11_0)
[2019.02.28-19.26.23:468][  0]LogD3D11RHI:       6052/0/8115 MB DedicatedVideo/DedicatedSystem/SharedSystem, Outputs:1, VendorId:0x10de
[2019.02.28-19.26.23:480][  0]LogD3D11RHI:    1. 'Intel(R) UHD Graphics 630' (Feature Level 11_0)
[2019.02.28-19.26.23:480][  0]LogD3D11RHI:       128/0/8115 MB DedicatedVideo/DedicatedSystem/SharedSystem, Outputs:0, VendorId:0x8086
[2019.02.28-19.26.23:481][  0]LogD3D11RHI:    2. 'Microsoft Basic Render Driver' (Feature Level 11_0)
[2019.02.28-19.26.23:481][  0]LogD3D11RHI:       0/0/8115 MB DedicatedVideo/DedicatedSystem/SharedSystem, Outputs:0, VendorId:0x1414
[2019.02.28-19.26.23:481][  0]LogD3D11RHI: Chosen D3D11 Adapter: 0
[2019.02.28-19.26.23:506][  0]LogD3D11RHI: Creating new Direct3DDevice
[2019.02.28-19.26.23:506][  0]LogD3D11RHI:     GPU DeviceId: 0x1c20 (for the marketing name, search the web for "GPU Device Id")
[2019.02.28-19.26.23:506][  0]LogWindows: EnumDisplayDevices:
[2019.02.28-19.26.23:506][  0]LogWindows:    0. 'Intel(R) UHD Graphics 630' (P:1 D:1)
[2019.02.28-19.26.23:506][  0]LogWindows:    1. 'Intel(R) UHD Graphics 630' (P:0 D:0)
[2019.02.28-19.26.23:506][  0]LogWindows:    2. 'Intel(R) UHD Graphics 630' (P:0 D:0)
[2019.02.28-19.26.23:506][  0]LogWindows:    3. 'NVIDIA GeForce GTX 1060' (P:0 D:0)
[2019.02.28-19.26.23:507][  0]LogWindows:    4. 'NVIDIA GeForce GTX 1060' (P:0 D:0)
[2019.02.28-19.26.23:507][  0]LogWindows:    5. 'NVIDIA GeForce GTX 1060' (P:0 D:0)
[2019.02.28-19.26.23:507][  0]LogWindows:    6. 'NVIDIA GeForce GTX 1060' (P:0 D:0)
[2019.02.28-19.26.23:508][  0]LogWindows: DebugString: PrimaryIsNotTheChoosenAdapter PrimaryIsNotTheChoosenAdapter PrimaryIsNotTheChoosenAdapter FoundDriverCount:4 
[2019.02.28-19.26.23:508][  0]LogD3D11RHI:     Adapter Name: NVIDIA GeForce GTX 1060
[2019.02.28-19.26.23:508][  0]LogD3D11RHI:   Driver Version: 398.35 (internal:24.21.13.9835, unified:398.35)
[2019.02.28-19.26.23:508][  0]LogD3D11RHI:      Driver Date: 6-21-2018
[2019.02.28-19.26.23:508][  0]LogRHI: Texture pool is 4236 MB (70% of 6052 MB)
[2019.02.28-19.26.23:541][  0]LogD3D11RHI: Async texture creation enabled
[2019.02.28-19.26.23:557][  0]LogD3D11RHI: GPU Timing Frequency: 1000.000000 (Debug: 2 2)
[2019.02.28-19.26.24:021][  0]LogTemp: Display: Loaded TP AllDesktopTargetPlatform
[2019.02.28-19.26.24:032][  0]LogTemp: Display: Loaded TP MacClientTargetPlatform
[2019.02.28-19.26.24:045][  0]LogTemp: Display: Loaded TP MacNoEditorTargetPlatform
[2019.02.28-19.26.24:058][  0]LogTemp: Display: Loaded TP MacServerTargetPlatform
[2019.02.28-19.26.24:070][  0]LogTemp: Display: Loaded TP MacTargetPlatform
[2019.02.28-19.26.24:081][  0]LogTemp: Display: Loaded TP WindowsClientTargetPlatform
[2019.02.28-19.26.24:092][  0]LogTemp: Display: Loaded TP WindowsNoEditorTargetPlatform
[2019.02.28-19.26.24:103][  0]LogTemp: Display: Loaded TP WindowsServerTargetPlatform
[2019.02.28-19.26.24:109][  0]LogTemp: Display: Loaded TP WindowsTargetPlatform
[2019.02.28-19.26.24:169][  0]LogTemp: Display: Loaded TP AndroidTargetPlatform
[2019.02.28-19.26.24:169][  0]LogTemp: Display: Loaded TP AndroidTargetPlatform
[2019.02.28-19.26.24:169][  0]LogTemp: Display: Loaded TP AndroidTargetPlatform
[2019.02.28-19.26.24:169][  0]LogTemp: Display: Loaded TP AndroidTargetPlatform
[2019.02.28-19.26.24:169][  0]LogTemp: Display: Loaded TP AndroidTargetPlatform
[2019.02.28-19.26.24:169][  0]LogTemp: Display: Loaded TP AndroidTargetPlatform
[2019.02.28-19.26.24:169][  0]LogTemp: Display: Loaded TP AndroidTargetPlatform
[2019.02.28-19.26.24:169][  0]LogTemp: Display: Loaded TP AndroidTargetPlatform
[2019.02.28-19.26.24:169][  0]LogTemp: Display: Loaded TP AndroidTargetPlatform
[2019.02.28-19.26.24:169][  0]LogTemp: Display: Loaded TP AndroidTargetPlatform
[2019.02.28-19.26.24:169][  0]LogTemp: Display: Loaded TP AndroidTargetPlatform
[2019.02.28-19.26.24:169][  0]LogTemp: Display: Loaded TP AndroidTargetPlatform
[2019.02.28-19.26.24:169][  0]LogTemp: Display: Loaded TP AndroidTargetPlatform
[2019.02.28-19.26.24:169][  0]LogTemp: Display: Loaded TP AndroidTargetPlatform
[2019.02.28-19.26.24:169][  0]LogTemp: Display: Loaded TP AndroidTargetPlatform
[2019.02.28-19.26.24:169][  0]LogTemp: Display: Loaded TP AndroidTargetPlatform
[2019.02.28-19.26.24:169][  0]LogTemp: Display: Loaded TP AndroidTargetPlatform
[2019.02.28-19.26.24:169][  0]LogTemp: Display: Loaded TP AndroidTargetPlatform
[2019.02.28-19.26.24:171][  0]LogTemp: Display: Loaded TP HTML5TargetPlatform
[2019.02.28-19.26.24:227][  0]LogTemp: Display: Loaded TP IOSTargetPlatform
[2019.02.28-19.26.24:227][  0]LogTemp: Display: Loaded TP IOSTargetPlatform
[2019.02.28-19.26.24:246][  0]LogTemp: Display: Loaded TP TVOSTargetPlatform
[2019.02.28-19.26.24:246][  0]LogTemp: Display: Loaded TP TVOSTargetPlatform
[2019.02.28-19.26.24:256][  0]LogTemp: Display: Loaded TP LinuxClientTargetPlatform
[2019.02.28-19.26.24:266][  0]LogTemp: Display: Loaded TP LinuxNoEditorTargetPlatform
[2019.02.28-19.26.24:276][  0]LogTemp: Display: Loaded TP LinuxServerTargetPlatform
[2019.02.28-19.26.24:287][  0]LogTemp: Display: Loaded TP LinuxTargetPlatform
[2019.02.28-19.26.24:323][  0]LogTemp: Display: Loaded TP LuminTargetPlatform
[2019.02.28-19.26.24:323][  0]LogTemp: Display: Loaded TP LuminTargetPlatform
[2019.02.28-19.26.24:323][  0]LogTargetPlatformManager: Display: Building Assets For Windows
[2019.02.28-19.26.24:378][  0]LogShaderCompilers: Guid format shader working directory is 23 characters bigger than the processId version (D:/humanStuff2/MyProject3/Intermediate/Shaders/WorkingDirectory/12684/).
[2019.02.28-19.26.24:378][  0]LogShaderCompilers: Cleaned the shader compiler working directory 'C:/Users/Gretchen/AppData/Local/Temp/UnrealShaderWorkingDir/5EFEA0094812379054C27BBDBE3E6C04/'.
[2019.02.28-19.26.24:380][  0]LogXGEController: Cleaning working directory: C:/Users/Gretchen/AppData/Local/Temp/UnrealXGEWorkingDir/
[2019.02.28-19.26.24:380][  0]LogXGEController: Cannot use XGE Controller as Incredibuild is not installed on this machine.
[2019.02.28-19.26.24:380][  0]LogShaderCompilers: Cannot use XGE Shader Compiler as Incredibuild is not installed on this machine.
[2019.02.28-19.26.24:380][  0]LogShaderCompilers: Display: Using Local Shader Compiler.
[2019.02.28-19.26.24:822][  0]LogDerivedDataCache: Display: Max Cache Size: 512 MB
[2019.02.28-19.26.24:865][  0]LogDerivedDataCache: Loaded boot cache 0.04s 71MB C:/Users/Gretchen/AppData/Local/UnrealEngine/4.21/DerivedDataCache/Boot.ddc.
[2019.02.28-19.26.24:865][  0]LogDerivedDataCache: Display: Loaded Boot cache: C:/Users/Gretchen/AppData/Local/UnrealEngine/4.21/DerivedDataCache/Boot.ddc
[2019.02.28-19.26.24:865][  0]LogDerivedDataCache: FDerivedDataBackendGraph:  Pak pak cache file D:/humanStuff2/MyProject3/DerivedDataCache/DDC.ddp not found, will not use a pak cache.
[2019.02.28-19.26.24:865][  0]LogDerivedDataCache: Unable to find inner node Pak for hierarchical cache Hierarchy.
[2019.02.28-19.26.24:865][  0]LogDerivedDataCache: FDerivedDataBackendGraph:  CompressedPak pak cache file D:/humanStuff2/MyProject3/DerivedDataCache/Compressed.ddp not found, will not use a pak cache.
[2019.02.28-19.26.24:865][  0]LogDerivedDataCache: Unable to find inner node CompressedPak for hierarchical cache Hierarchy.
[2019.02.28-19.26.24:876][  0]LogDerivedDataCache: Display: Pak cache opened for reading ../../../Engine/DerivedDataCache/Compressed.ddp.
[2019.02.28-19.26.24:877][  0]LogDerivedDataCache: FDerivedDataBackendGraph:  EnterprisePak pak cache file ../../../Enterprise/DerivedDataCache/Compressed.ddp not found, will not use a pak cache.
[2019.02.28-19.26.24:877][  0]LogDerivedDataCache: Unable to find inner node EnterprisePak for hierarchical cache Hierarchy.
[2019.02.28-19.26.24:889][  0]LogDerivedDataCache: Using Local data cache path C:/Users/Gretchen/AppData/Local/UnrealEngine/Common/DerivedDataCache: Writable
[2019.02.28-19.26.24:889][  0]LogDerivedDataCache: Shared data cache path not found in *engine.ini, will not use an Shared cache.
[2019.02.28-19.26.24:889][  0]LogDerivedDataCache: Unable to find inner node Shared for hierarchical cache Hierarchy.
[2019.02.28-19.26.24:906][  0]LogMaterial: Verifying Global Shaders for PCD3D_SM5
[2019.02.28-19.26.24:908][  0]LogSlate: Using FreeType 2.6.0
[2019.02.28-19.26.24:908][  0]LogSlate: SlateFontServices - WITH_FREETYPE: 1, WITH_HARFBUZZ: 1
[2019.02.28-19.26.24:986][  0]LogAssetRegistry: FAssetRegistry took 0.0316 seconds to start up
[2019.02.28-19.26.25:247][  0]LogInit: Selected Device Profile: [Windows]
[2019.02.28-19.26.25:373][  0]LogSimplygon: Simplygon DLL not present - disabling.
[2019.02.28-19.26.25:377][  0]LogMeshReduction: Using SimplygonSwarm for distributed automatic mesh merging
[2019.02.28-19.26.25:377][  0]LogMeshReduction: Using ProxyLODMeshReduction for automatic mesh merging
[2019.02.28-19.26.25:377][  0]LogMeshReduction: Using QuadricMeshReduction for automatic static mesh reduction
[2019.02.28-19.26.25:377][  0]LogMeshReduction: No automatic skeletal mesh reduction module available
[2019.02.28-19.26.25:394][  0]LogNetVersion: MyProject3 1.0.0, NetCL: 4541578, EngineNetVer: 5, GameNetVer: 0 (Checksum: 2916331349)
[2019.02.28-19.26.25:817][  0]LogPackageLocalizationCache: Processed 11 localized package path(s) for 2 prioritized culture(s) in 0.063929 seconds
[2019.02.28-19.26.25:822][  0]LogUObjectArray: 39775 objects as part of root set at end of initial load.
[2019.02.28-19.26.25:822][  0]LogUObjectAllocator: 6914656 out of 0 bytes used by permanent object pool.
[2019.02.28-19.26.25:822][  0]LogUObjectArray: CloseDisregardForGC: 0/0 objects in disregard for GC pool
[2019.02.28-19.26.26:593][  0]LogTcpMessaging: Initializing TcpMessaging bridge
[2019.02.28-19.26.26:606][  0]LogUdpMessaging: Initializing bridge on interface 0.0.0.0:0 to multicast group 230.0.0.1:6666.
[2019.02.28-19.26.27:500][  0]SourceControl: Source control is disabled
[2019.02.28-19.26.27:500][  0]SourceControl: Source control is disabled
[2019.02.28-19.26.27:501][  0]SourceControl: Source control is disabled
[2019.02.28-19.26.27:502][  0]SourceControl: Source control is disabled
[2019.02.28-19.26.27:664][  0]LogAndroidPermission: UAndroidPermissionCallbackProxy::GetInstance
[2019.02.28-19.26.27:891][  0]LogOcInput: OculusInput pre-init called
[2019.02.28-19.26.28:017][  0]LogEngine: Initializing Engine...
[2019.02.28-19.26.28:018][  0]LogHMD: Oculus plugin initialized. Version: 4.21.2-4753647+++UE4+Release-4.21, OVRPlugin: 1.28.0
[2019.02.28-19.26.28:019][  0]LogStats: UGameplayTagsManager::ConstructGameplayTagTree: ImportINI prefixes -  0.000 s
[2019.02.28-19.26.28:019][  0]LogStats: UGameplayTagsManager::ConstructGameplayTagTree: Construct from data asset -  0.000 s
[2019.02.28-19.26.28:019][  0]LogStats: UGameplayTagsManager::ConstructGameplayTagTree: ImportINI -  0.000 s
[2019.02.28-19.26.28:019][  0]LogStats: UGameplayTagsManager::ConstructGameplayTagTree: GameplayTagTreeChangedEvent.Broadcast -  0.000 s
[2019.02.28-19.26.28:224][  0]LogInit: Initializing FReadOnlyCVARCache
[2019.02.28-19.26.28:237][  0]LogAIModule: Creating AISystem for world Untitled
[2019.02.28-19.26.28:251][  0]LogInit: XAudio2 using 'Speakers (2- Realtek(R) Audio)' : 6 channels at 48 kHz using 32 bits per sample (channel mask 0x3f)
[2019.02.28-19.26.28:416][  0]LogInit: FAudioDevice initialized.
[2019.02.28-19.26.28:416][  0]LogNetVersion: Set ProjectVersion to 1.0.0.0. Version Checksum will be recalculated on next use.
[2019.02.28-19.26.28:546][  0]LogDerivedDataCache: Saved boot cache 0.13s 71MB C:/Users/Gretchen/AppData/Local/UnrealEngine/4.21/DerivedDataCache/Boot.ddc.
[2019.02.28-19.26.28:554][  0]LogInit: Texture streaming: Enabled
[2019.02.28-19.26.28:573][  0]LogEngineSessionManager: EngineSessionManager initialized
[2019.02.28-19.26.28:573][  0]LogEngineSessionManager: EngineSessionManager sent abnormal shutdown report. Type=Crashed, SessionId={99DDD48A-45CE-DBCC-2591-1CBD6C8BD405}
[2019.02.28-19.26.28:584][  0]LogInit: Transaction tracking system initialized
[2019.02.28-19.26.28:605][  0]BlueprintLog: New page: Editor Load
[2019.02.28-19.26.28:674][  0]LocalizationService: Localization service is disabled
[2019.02.28-19.26.29:060][  0]LogFileCache: Scanning file cache for directory 'D:/humanStuff2/MyProject3/Content/' took 0.02s
[2019.02.28-19.26.29:060][  0]LogCook: Display: Max memory allowance for cook 16384mb min free memory 0mb
[2019.02.28-19.26.29:060][  0]LogCook: Display: Mobile HDR setting 1
[2019.02.28-19.26.29:061][  0]LogGameplayTags: Display: UGameplayTagsManager::DoneAddingNativeTags. DelegateIsBound: 0
[2019.02.28-19.26.29:061][  0]LogStats: UGameplayTagsManager::ConstructGameplayTagTree: ImportINI prefixes -  0.000 s
[2019.02.28-19.26.29:061][  0]LogStats: UGameplayTagsManager::ConstructGameplayTagTree: Construct from data asset -  0.000 s
[2019.02.28-19.26.29:061][  0]LogStats: UGameplayTagsManager::ConstructGameplayTagTree: ImportINI -  0.000 s
[2019.02.28-19.26.29:061][  0]LogStats: UGameplayTagsManager::ConstructGameplayTagTree: GameplayTagTreeChangedEvent.Broadcast -  0.000 s
[2019.02.28-19.26.29:181][  0]SourceControl: Source control is disabled
[2019.02.28-19.26.29:181][  0]Cmd: MAP LOAD FILE="D:/humanStuff2/MyProject3/Content/StarterContent/Maps/Minimal_Default_2.umap" TEMPLATE=0 SHOWPROGRESS=1 FEATURELEVEL=3
[2019.02.28-19.26.29:182][  0]LightingResults: New page: Lighting Build
[2019.02.28-19.26.29:184][  0]MapCheck: New page: Map Check
[2019.02.28-19.26.29:184][  0]LightingResults: New page: Lighting Build
[2019.02.28-19.26.30:049][  0]LoadErrors: Warning: skybox2 Min LOD value of 1 is out of range 0..0 and has been adjusted to 0. Please verify and resave the asset.
[2019.02.28-19.26.30:055][  0]LoadErrors: Warning: shelves Min LOD value of 1 is out of range 0..0 and has been adjusted to 0. Please verify and resave the asset.
[2019.02.28-19.26.30:079][  0]LoadErrors: Warning: hs_parkingMedian Min LOD value of 1 is out of range 0..0 and has been adjusted to 0. Please verify and resave the asset.
[2019.02.28-19.26.30:089][  0]LoadErrors: Warning: hs_lampTree Min LOD value of 1 is out of range 0..0 and has been adjusted to 0. Please verify and resave the asset.
[2019.02.28-19.26.30:099][  0]LoadErrors: Warning: hs_groundPlane Min LOD value of 1 is out of range 0..0 and has been adjusted to 0. Please verify and resave the asset.
[2019.02.28-19.26.30:115][  0]LoadErrors: Warning: hs_concreteBumper Min LOD value of 1 is out of range 0..0 and has been adjusted to 0. Please verify and resave the asset.
[2019.02.28-19.26.30:299][  0]LoadErrors: Warning: hs_vase Min LOD value of 1 is out of range 0..0 and has been adjusted to 0. Please verify and resave the asset.
[2019.02.28-19.26.30:309][  0]LoadErrors: Warning: hs_diamond Min LOD value of 1 is out of range 0..0 and has been adjusted to 0. Please verify and resave the asset.
[2019.02.28-19.26.30:309][  0]LoadErrors: Warning: hs_cake Min LOD value of 1 is out of range 0..0 and has been adjusted to 0. Please verify and resave the asset.
[2019.02.28-19.26.30:451][  0]LogAIModule: Creating AISystem for world Minimal_Default_2
[2019.02.28-19.26.30:463][  0]LogSlate: New Slate User Created.  User Index 8, Is Virtual User: 1
[2019.02.28-19.26.30:463][  0]LogSlate: Slate User Registered.  User Index 8, Is Virtual User: 1
[2019.02.28-19.26.30:474][  0]LogEditorServer: Finished looking for orphan Actors (0.000 secs)
[2019.02.28-19.26.30:502][  0]Cmd: MAP CHECKDEP NOCLEARLOG
[2019.02.28-19.26.30:503][  0]MapCheck: Map check complete: 0 Error(s), 0 Warning(s), took 0.112ms to complete.
[2019.02.28-19.26.30:503][  0]LogFileHelpers: Loading map 'Minimal_Default_2' took 1.321
[2019.02.28-19.26.30:595][  0]LogSlate: Updating window title bar state: overlay mode, drag disabled, window buttons hidden, title bar hidden
[2019.02.28-19.26.30:600][  0]LogSlate: Updating window title bar state: overlay mode, drag disabled, window buttons hidden, title bar hidden
[2019.02.28-19.26.30:606][  0]LogSlate: Updating window title bar state: overlay mode, drag disabled, window buttons hidden, title bar hidden
[2019.02.28-19.26.30:611][  0]LogSlate: Updating window title bar state: overlay mode, drag disabled, window buttons hidden, title bar hidden
[2019.02.28-19.26.30:617][  0]LogCollectionManager: Loaded 0 collections in 0.001524 seconds
[2019.02.28-19.26.30:643][  0]LogFileCache: Scanning file cache for directory 'D:/humanStuff2/MyProject3/Saved/Collections/' took 0.01s
[2019.02.28-19.26.30:643][  0]LogFileCache: Scanning file cache for directory 'D:/humanStuff2/MyProject3/Content/Developers/Gretchen/Collections/' took 0.00s
[2019.02.28-19.26.30:643][  0]LogFileCache: Scanning file cache for directory 'D:/humanStuff2/MyProject3/Content/Collections/' took 0.01s
[2019.02.28-19.26.30:644][  0]LogCollectionManager: Rebuilt the GUID cache for 0 collections in 0.000000 seconds
[2019.02.28-19.26.30:650][  0]LogContentBrowser: Native class hierarchy populated in 0.0066 seconds. Added 2651 classes and 620 folders.
[2019.02.28-19.26.30:656][  0]LogContentBrowser: Native class hierarchy updated for 'WidgetCarousel' in 0.0002 seconds. Added 0 classes and 0 folders.
[2019.02.28-19.26.30:657][  0]LogPakFile: Registered encryption key '00000000000000000000000000000000': 0 pak files mounted, 0 remain pending
[2019.02.28-19.26.30:657][  0]LogPakFile: Registered encryption key '00000000000000000000000000000000': 0 pak files mounted, 0 remain pending
[2019.02.28-19.26.30:658][  0]LogPakFile: Registered encryption key '00000000000000000000000000000000': 0 pak files mounted, 0 remain pending
[2019.02.28-19.26.30:658][  0]LogPakFile: Registered encryption key '00000000000000000000000000000000': 0 pak files mounted, 0 remain pending
[2019.02.28-19.26.30:659][  0]LogPakFile: Registered encryption key '00000000000000000000000000000000': 0 pak files mounted, 0 remain pending
[2019.02.28-19.26.30:659][  0]LogPakFile: Registered encryption key '00000000000000000000000000000000': 0 pak files mounted, 0 remain pending
[2019.02.28-19.26.30:659][  0]LogPakFile: Registered encryption key '00000000000000000000000000000000': 0 pak files mounted, 0 remain pending
[2019.02.28-19.26.30:660][  0]LogPakFile: Registered encryption key '00000000000000000000000000000000': 0 pak files mounted, 0 remain pending
[2019.02.28-19.26.30:660][  0]LogPakFile: Registered encryption key '00000000000000000000000000000000': 0 pak files mounted, 0 remain pending
[2019.02.28-19.26.30:661][  0]LogPakFile: Registered encryption key '00000000000000000000000000000000': 0 pak files mounted, 0 remain pending
[2019.02.28-19.26.30:661][  0]LogPakFile: Registered encryption key '00000000000000000000000000000000': 0 pak files mounted, 0 remain pending
[2019.02.28-19.26.30:661][  0]LogPakFile: Registered encryption key '00000000000000000000000000000000': 0 pak files mounted, 0 remain pending
[2019.02.28-19.26.30:662][  0]LogPakFile: Registered encryption key '00000000000000000000000000000000': 0 pak files mounted, 0 remain pending
[2019.02.28-19.26.30:662][  0]LogPakFile: Registered encryption key '00000000000000000000000000000000': 0 pak files mounted, 0 remain pending
[2019.02.28-19.26.30:662][  0]LogPakFile: Registered encryption key '00000000000000000000000000000000': 0 pak files mounted, 0 remain pending
[2019.02.28-19.26.30:663][  0]LogPakFile: Registered encryption key '00000000000000000000000000000000': 0 pak files mounted, 0 remain pending
[2019.02.28-19.26.30:663][  0]LogPakFile: Registered encryption key '00000000000000000000000000000000': 0 pak files mounted, 0 remain pending
[2019.02.28-19.26.30:663][  0]LogPakFile: Registered encryption key '00000000000000000000000000000000': 0 pak files mounted, 0 remain pending
[2019.02.28-19.26.30:664][  0]LogPakFile: Registered encryption key '00000000000000000000000000000000': 0 pak files mounted, 0 remain pending
[2019.02.28-19.26.30:664][  0]LogPakFile: Registered encryption key '00000000000000000000000000000000': 0 pak files mounted, 0 remain pending
[2019.02.28-19.26.30:664][  0]LogPakFile: Registered encryption key '00000000000000000000000000000000': 0 pak files mounted, 0 remain pending
[2019.02.28-19.26.30:665][  0]LogPakFile: Registered encryption key '00000000000000000000000000000000': 0 pak files mounted, 0 remain pending
[2019.02.28-19.26.30:665][  0]LogPakFile: Registered encryption key '00000000000000000000000000000000': 0 pak files mounted, 0 remain pending
[2019.02.28-19.26.30:666][  0]LogPakFile: Registered encryption key '00000000000000000000000000000000': 0 pak files mounted, 0 remain pending
[2019.02.28-19.26.30:666][  0]LogPakFile: Registered encryption key '00000000000000000000000000000000': 0 pak files mounted, 0 remain pending
[2019.02.28-19.26.30:666][  0]LogPakFile: Registered encryption key '00000000000000000000000000000000': 0 pak files mounted, 0 remain pending
[2019.02.28-19.26.30:699][  0]LogContentBrowser: Native class hierarchy updated for 'AddContentDialog' in 0.0002 seconds. Added 0 classes and 0 folders.
[2019.02.28-19.26.30:703][  0]LogContentBrowser: Native class hierarchy updated for 'SceneOutliner' in 0.0002 seconds. Added 1 classes and 2 folders.
[2019.02.28-19.26.30:716][  0]LogSlate: Took 0.000145 seconds to synchronously load lazily loaded font '../../../Engine/Content/Slate/Fonts/Roboto-Regular.ttf' (155K)
[2019.02.28-19.26.30:717][  0]LogSlate: Took 0.000135 seconds to synchronously load lazily loaded font '../../../Engine/Content/Slate/Fonts/Roboto-Bold.ttf' (160K)
[2019.02.28-19.26.30:721][  0]LogSlate: Took 0.000172 seconds to synchronously load lazily loaded font '../../../Engine/Content/Editor/Slate/Fonts/FontAwesome.ttf' (139K)
[2019.02.28-19.26.30:787][  0]LogRenderer: Reallocating scene render targets to support 836x436 Format 26 NumSamples 1 (Frame:1).
[2019.02.28-19.26.30:899][  0]LogContentBrowser: Native class hierarchy updated for 'HierarchicalLODOutliner' in 0.0002 seconds. Added 0 classes and 0 folders.
[2019.02.28-19.26.30:899][  0]LogLoad: (Engine Initialization) Total time: 10.22 seconds
[2019.02.28-19.26.30:899][  0]LogLoad: (Engine Initialization) Total Blueprint compile time: 0.00 seconds
[2019.02.28-19.26.30:919][  0]LogWindowsTextInputMethodSystem: Display: IME system now deactivated.
[2019.02.28-19.26.30:920][  0]LogOcInput: OculusInput is initialized
[2019.02.28-19.26.30:975][  0]LogContentStreaming: Texture pool size now 1000 MB
[2019.02.28-19.26.30:979][  0]LogSlate: FSceneViewport::OnFocusLost() reason 2
[2019.02.28-19.26.31:088][  1]LogCollectionManager: Rebuilt the object cache for 0 collections in 0.000000 seconds (found 0 objects)
[2019.02.28-19.26.31:317][  5]LogAssetRegistry: Asset discovery search completed in 6.3539 seconds
[2019.02.28-19.26.31:319][  5]LogCollectionManager: Fixed up redirectors for 0 collections in 0.000004 seconds (updated 0 objects)
[2019.02.28-19.26.38:994][461]LogSlate: Window 'Message Log' being destroyed
[2019.02.28-19.26.38:998][461]LogSlate: Window 'Message Log' being destroyed
[2019.02.28-19.26.46:228][895]LogEditorViewport: Clicking on Actor (LMB): TutorailCarts_C (TutorailCarts2)
[2019.02.28-19.26.48:390][ 23]LogSlate: FSceneViewport::OnFocusLost() reason 0
[2019.02.28-19.26.48:511][ 30]LogSlate: Took 0.000199 seconds to synchronously load lazily loaded font '../../../Engine/Content/Slate/Fonts/Roboto-Light.ttf' (167K)
[2019.02.28-19.26.48:516][ 30]LogAssetEditorManager: Opening Asset editor for Blueprint /Game/Blueprints/TutorailCarts.TutorailCarts
[2019.02.28-19.26.48:900][ 30]LogContentBrowser: Native class hierarchy updated for 'BlueprintGraph' in 0.0005 seconds. Added 117 classes and 0 folders.
[2019.02.28-19.26.49:537][ 30]LogSlate: Took 0.000162 seconds to synchronously load lazily loaded font '../../../Engine/Content/Slate/Fonts/Roboto-BoldCondensed.ttf' (158K)
[2019.02.28-19.26.49:698][ 31]LogSlate: Took 0.000166 seconds to synchronously load lazily loaded font '../../../Engine/Content/Slate/Fonts/Roboto-Italic.ttf' (157K)
[2019.02.28-19.26.56:863][460]LogSlate: Window 'TutorailCarts' being destroyed
[2019.02.28-19.26.56:868][460]LogSlate: Window 'TutorailCarts' being destroyed
[2019.02.28-19.27.04:289][902]LogEditorViewport: Clicking on Actor (LMB): TutorailCarts_C (TutorailCarts)
[2019.02.28-19.27.07:644][102]LogSlate: FSceneViewport::OnFocusLost() reason 0
[2019.02.28-19.27.08:992][106]LogSlate: Window 'Save Content' being destroyed
[2019.02.28-19.27.09:017][106]Cmd: OBJ SAVEPACKAGE PACKAGE="/Game/StarterContent/Maps/Minimal_Default_2" FILE="D:/humanStuff2/MyProject3/Content/StarterContent/Maps/Minimal_Default_2.umap" SILENT=true AUTOSAVING=false KEEPDIRTY=false
[2019.02.28-19.27.09:374][106]LogSavePackage: Moving 'D:/humanStuff2/MyProject3/Saved/Minimal_Default_2F3A84E074D6B9BA81B68F7A81AF27A59.tmp' to 'D:/humanStuff2/MyProject3/Content/StarterContent/Maps/Minimal_Default_2.umap'
[2019.02.28-19.27.09:401][106]LogFileHelpers: Saving map 'Minimal_Default_2' took 0.384
[2019.02.28-19.27.35:824][642]LogTemp: Repeating last play command: VR Preview
[2019.02.28-19.27.35:841][642]LogBlueprintUserMessages: Early PlayInEditor Detection: Level '/Game/StarterContent/Maps/Minimal_Default_2.Minimal_Default_2:PersistentLevel' has LevelScriptBlueprint '/Game/StarterContent/Maps/Minimal_Default_2.Minimal_Default_2:PersistentLevel.Minimal_Default_2' with GeneratedClass '/Game/StarterContent/Maps/Minimal_Default_2.Minimal_Default_2_C' with ClassGeneratedBy '/Game/StarterContent/Maps/Minimal_Default_2.Minimal_Default_2:PersistentLevel.Minimal_Default_2'
[2019.02.28-19.27.35:841][642]LogPlayLevel: PlayLevel: No blueprints needed recompiling
[2019.02.28-19.27.35:841][642]LogHMD: Initializing OVRPlugin session
[2019.02.28-19.27.36:102][642]PIE: New page: PIE session: Minimal_Default_2 (Feb 28, 2019, 9:27:36 AM)
[2019.02.28-19.27.36:115][642]LogPlayLevel: Creating play world package: /Game/StarterContent/Maps/UEDPIE_0_Minimal_Default_2
[2019.02.28-19.27.36:131][642]LogPlayLevel: PIE: StaticDuplicateObject took: (0.016375s)
[2019.02.28-19.27.36:131][642]LogAIModule: Creating AISystem for world Minimal_Default_2
[2019.02.28-19.27.36:131][642]LogPlayLevel: PIE: World Init took: (0.000433s)
[2019.02.28-19.27.36:131][642]LogPlayLevel: PIE: Created PIE world by copying editor world from /Game/StarterContent/Maps/Minimal_Default_2.Minimal_Default_2 to /Game/StarterContent/Maps/UEDPIE_0_Minimal_Default_2.Minimal_Default_2 (0.017049s)
[2019.02.28-19.27.36:172][642]LogInit: XAudio2 using 'Headphones (2- Rift Audio)' : 2 channels at 48 kHz using 16 bits per sample (channel mask 0x3)
[2019.02.28-19.27.36:186][642]LogInit: FAudioDevice initialized.
[2019.02.28-19.27.36:193][642]LogSlate: Updating window title bar state: overlay mode, drag disabled, window buttons hidden, title bar hidden
[2019.02.28-19.27.36:269][642]LogHMD: Allocating Oculus 2656 x 1584 rendertarget swapchain
[2019.02.28-19.27.36:309][642]LogLoad: Game class is 'GameModeBase'
[2019.02.28-19.27.36:316][642]LogWorld: Bringing World /Game/StarterContent/Maps/UEDPIE_0_Minimal_Default_2.Minimal_Default_2 up for play (max tick rate 0) at 2019.02.28-14.27.36
[2019.02.28-19.27.36:317][642]LogWorld: Bringing up level for play took: 0.007284
[2019.02.28-19.27.36:336][642]LogContentBrowser: Native class hierarchy updated for 'MovieSceneCapture' in 0.0003 seconds. Added 20 classes and 0 folders.
[2019.02.28-19.27.36:337][642]Cmd: vr.bEnableStereo True
[2019.02.28-19.27.36:337][642]LogBlueprintUserMessages: Warning: SetTimer passed a bad function (TimeFunctionTick) or object (MotionControllerPawn_2)
[2019.02.28-19.27.36:338][642]LogBlueprintUserMessages: [MotionControllerPawn_2] 















Make_Hands
[2019.02.28-19.27.36:340][642]LogBlueprintUserMessages: [MotionControllerPawn_2] 









Left
[2019.02.28-19.27.36:341][642]LogBlueprintUserMessages: [MotionControllerPawn_2] 











Right
[2019.02.28-19.27.36:343][642]PIE: Play in editor start time for /Game/StarterContent/Maps/UEDPIE_0_Minimal_Default_2 0.594
[2019.02.28-19.27.36:345][642]LogBlueprintUserMessages: Late PlayInEditor Detection: Level '/Game/StarterContent/Maps/Minimal_Default_2.Minimal_Default_2:PersistentLevel' has LevelScriptBlueprint '/Game/StarterContent/Maps/Minimal_Default_2.Minimal_Default_2:PersistentLevel.Minimal_Default_2' with GeneratedClass '/Game/StarterContent/Maps/Minimal_Default_2.Minimal_Default_2_C' with ClassGeneratedBy '/Game/StarterContent/Maps/Minimal_Default_2.Minimal_Default_2:PersistentLevel.Minimal_Default_2'
[2019.02.28-19.27.36:345][642]LogEngine: Changing dynamic resolution state.
[2019.02.28-19.27.36:364][642]LogRenderer: Releasing previous depth to switch default clear from depth: 0.000000 stencil: 0 to depth: 0.000000 stencil: 0
[2019.02.28-19.27.36:365][642]LogRenderer: Releasing previous depth to switch default clear from depth: 0.000000 stencil: 0 to depth: 0.000000 stencil: 0
[2019.02.28-19.27.36:365][642]LogRenderer: Releasing previous depth to switch default clear from depth: 0.000000 stencil: 0 to depth: 0.000000 stencil: 0
[2019.02.28-19.27.36:365][642]LogRenderer: Releasing previous depth to switch default clear from depth: 0.000000 stencil: 0 to depth: 0.000000 stencil: 0
[2019.02.28-19.27.36:365][642]LogRenderer: Releasing previous depth to switch default clear from depth: 0.000000 stencil: 0 to depth: 0.000000 stencil: 0
[2019.02.28-19.27.36:365][642]LogRenderer: Releasing previous depth to switch default clear from depth: 0.000000 stencil: 0 to depth: 0.000000 stencil: 0
[2019.02.28-19.27.36:365][642]LogRenderer: Reallocating scene render targets to support 2656x1584 Format 26 NumSamples 1 (Frame:1).
[2019.02.28-19.27.36:365][642]LogHMD: Allocating Oculus 2656 x 1584 depth rendertarget swapchain
[2019.02.28-19.27.36:396][644]LogProfilingDebugging: Allocated a 1024 x 1024 texture for HMD canvas layer
[2019.02.28-19.27.36:980][693]LogBlueprintUserMessages: [MotionControllerPawn_2] 109
[2019.02.28-19.27.36:991][694]LogScript: Warning: Accessed None trying to read property ScanVar
	Spawner_C /Game/StarterContent/Maps/UEDPIE_0_Minimal_Default_2.Minimal_Default_2:PersistentLevel.Spawner_2
	Function /Game/Blueprints/Spawner.Spawner_C:ExecuteUbergraph_Spawner:1585
[2019.02.28-19.27.36:991][694]PIE: Error: Blueprint Runtime Error: "Accessed None trying to read property ScanVar". Blueprint:  Spawner Function:  Execute Ubergraph Spawner Graph:  EventGraph Node:  Branch
[2019.02.28-19.27.38:181][801]LogBlueprintUserMessages: [MotionControllerPawn_2] 108
[2019.02.28-19.27.39:390][910]LogBlueprintUserMessages: [MotionControllerPawn_2] 107
[2019.02.28-19.27.40:591][ 18]LogBlueprintUserMessages: [MotionControllerPawn_2] 106
[2019.02.28-19.27.41:804][127]LogBlueprintUserMessages: [MotionControllerPawn_2] 105
[2019.02.28-19.27.42:004][145]PIE: Warning: Scannables_C_0.StaticMeshComponent0 hs_sack has to have 'Simulate Physics' enabled if you'd like to AddImpulse. 
[2019.02.28-19.27.42:004][145]PIE: Warning: Scannables_C_0.StaticMeshComponent0 hs_sack has to have 'Simulate Physics' enabled if you'd like to AddImpulse. 
[2019.02.28-19.27.43:015][236]LogBlueprintUserMessages: [MotionControllerPawn_2] 104
[2019.02.28-19.27.44:236][346]LogBlueprintUserMessages: [MotionControllerPawn_2] 103
[2019.02.28-19.27.45:436][454]LogBlueprintUserMessages: [MotionControllerPawn_2] 102
[2019.02.28-19.27.46:637][562]LogBlueprintUserMessages: [MotionControllerPawn_2] 101
[2019.02.28-19.27.47:860][672]LogBlueprintUserMessages: [MotionControllerPawn_2] 100
[2019.02.28-19.27.49:061][780]LogBlueprintUserMessages: [MotionControllerPawn_2] 99
[2019.02.28-19.27.50:282][890]LogBlueprintUserMessages: [MotionControllerPawn_2] 98
[2019.02.28-19.27.51:483][998]LogBlueprintUserMessages: [MotionControllerPawn_2] 97
[2019.02.28-19.27.52:702][108]LogBlueprintUserMessages: [MotionControllerPawn_2] 96
[2019.02.28-19.27.53:904][216]LogBlueprintUserMessages: [MotionControllerPawn_2] 95
[2019.02.28-19.27.55:104][324]LogBlueprintUserMessages: [MotionControllerPawn_2] 94
[2019.02.28-19.27.56:324][434]LogBlueprintUserMessages: [MotionControllerPawn_2] 93
[2019.02.28-19.27.57:526][542]LogBlueprintUserMessages: [MotionControllerPawn_2] 92
[2019.02.28-19.27.58:495][629]LogBlueprintUserMessages: [TutorailCarts_2] MMMM TASTY!
[2019.02.28-19.27.58:495][629]LogBlueprintUserMessages: [TutorailCarts_2] Hello
[2019.02.28-19.27.58:495][629]LogBlueprintUserMessages: [MotionControllerPawn_2] Points add
[2019.02.28-19.27.58:507][630]LogBlueprintUserMessages: [TutorailCarts_2] MMMM TASTY!
[2019.02.28-19.27.58:507][630]LogBlueprintUserMessages: [TutorailCarts_2] Hello
[2019.02.28-19.27.58:507][630]LogBlueprintUserMessages: [MotionControllerPawn_2] Points add
[2019.02.28-19.27.58:727][650]LogBlueprintUserMessages: [MotionControllerPawn_2] 91
[2019.02.28-19.27.59:948][760]LogBlueprintUserMessages: [MotionControllerPawn_2] 90
[2019.02.28-19.28.00:492][809]LogBlueprintUserMessages: [TutorailCarts_2] Aw fuck
[2019.02.28-19.28.00:904][846]LogScript: Warning: Attempted to access Scannables_C_13 via property K2Node_DynamicCast_AsScannables, but Scannables_C_13 is pending kill
	Conveyor_C /Game/StarterContent/Maps/UEDPIE_0_Minimal_Default_2.Minimal_Default_2:PersistentLevel.Conveyor_6
	Function /Game/Blueprints/Conveyor.Conveyor_C:ExecuteUbergraph_Conveyor:0221
[2019.02.28-19.28.00:904][846]PIE: Error: Blueprint Runtime Error: "Attempted to access Scannables_C_13 via property K2Node_DynamicCast_AsScannables, but Scannables_C_13 is pending kill". Blueprint:  Conveyor Function:  Execute Ubergraph Conveyor Graph:  EventGraph Node:  Branch
[2019.02.28-19.28.01:170][870]LogBlueprintUserMessages: [MotionControllerPawn_2] 89
[2019.02.28-19.28.02:381][979]LogBlueprintUserMessages: [MotionControllerPawn_2] 88
[2019.02.28-19.28.03:582][ 87]LogBlueprintUserMessages: [MotionControllerPawn_2] 87
[2019.02.28-19.28.04:792][196]LogBlueprintUserMessages: [MotionControllerPawn_2] 86
[2019.02.28-19.28.05:994][304]LogBlueprintUserMessages: [MotionControllerPawn_2] 85
[2019.02.28-19.28.07:195][412]LogBlueprintUserMessages: [MotionControllerPawn_2] 84
[2019.02.28-19.28.08:415][522]LogBlueprintUserMessages: [MotionControllerPawn_2] 83
[2019.02.28-19.28.09:617][630]LogBlueprintUserMessages: [MotionControllerPawn_2] 82
[2019.02.28-19.28.09:673][635]LogBlueprintUserMessages: [TutorailCarts2_5] MMMM TASTY!
[2019.02.28-19.28.09:673][635]LogBlueprintUserMessages: [TutorailCarts2_5] Hello
[2019.02.28-19.28.09:673][635]LogBlueprintUserMessages: [MotionControllerPawn_2] Points add
[2019.02.28-19.28.09:705][638]LogBlueprintUserMessages: [TutorailCarts2_5] MMMM TASTY!
[2019.02.28-19.28.09:705][638]LogBlueprintUserMessages: [TutorailCarts2_5] Hello
[2019.02.28-19.28.09:705][638]LogBlueprintUserMessages: [MotionControllerPawn_2] Points add
[2019.02.28-19.28.09:785][645]LogBlueprintUserMessages: [TutorailCarts2_5] MMMM TASTY!
[2019.02.28-19.28.09:785][645]LogBlueprintUserMessages: [TutorailCarts2_5] Hello
[2019.02.28-19.28.09:785][645]LogBlueprintUserMessages: [MotionControllerPawn_2] Points add
[2019.02.28-19.28.09:807][647]LogBlueprintUserMessages: [TutorailCarts2_5] MMMM TASTY!
[2019.02.28-19.28.09:807][647]LogBlueprintUserMessages: [TutorailCarts2_5] Hello
[2019.02.28-19.28.09:807][647]LogBlueprintUserMessages: [MotionControllerPawn_2] Points add
[2019.02.28-19.28.09:917][657]LogBlueprintUserMessages: [TutorailCarts2_5] MMMM TASTY!
[2019.02.28-19.28.09:917][657]LogBlueprintUserMessages: [TutorailCarts2_5] Hello
[2019.02.28-19.28.09:917][657]LogBlueprintUserMessages: [MotionControllerPawn_2] Points add
[2019.02.28-19.28.09:951][660]LogBlueprintUserMessages: [TutorailCarts2_5] MMMM TASTY!
[2019.02.28-19.28.09:951][660]LogBlueprintUserMessages: [TutorailCarts2_5] Hello
[2019.02.28-19.28.09:951][660]LogBlueprintUserMessages: [MotionControllerPawn_2] Points add
[2019.02.28-19.28.10:827][739]LogBlueprintUserMessages: [MotionControllerPawn_2] 81
[2019.02.28-19.28.11:782][825]LogBlueprintUserMessages: [TutorailCarts2_5] Aw fuck
[2019.02.28-19.28.12:038][848]LogBlueprintUserMessages: [MotionControllerPawn_2] 80
[2019.02.28-19.28.12:238][866]PIE: Warning: Scannables_C_27.StaticMeshComponent0 hs_sack has to have 'Simulate Physics' enabled if you'd like to AddImpulse. 
[2019.02.28-19.28.12:238][866]PIE: Warning: Scannables_C_27.StaticMeshComponent0 hs_sack has to have 'Simulate Physics' enabled if you'd like to AddImpulse. 
[2019.02.28-19.28.13:249][957]LogBlueprintUserMessages: [MotionControllerPawn_2] 79
[2019.02.28-19.28.14:462][ 66]LogBlueprintUserMessages: [MotionControllerPawn_2] 78
[2019.02.28-19.28.15:673][175]LogBlueprintUserMessages: [MotionControllerPawn_2] 77
[2019.02.28-19.28.16:894][285]LogBlueprintUserMessages: [MotionControllerPawn_2] 76
[2019.02.28-19.28.18:104][394]LogBlueprintUserMessages: [MotionControllerPawn_2] 75
[2019.02.28-19.28.19:305][502]LogBlueprintUserMessages: [MotionControllerPawn_2] 74
[2019.02.28-19.28.20:527][612]LogBlueprintUserMessages: [MotionControllerPawn_2] 73
[2019.02.28-19.28.21:738][721]LogBlueprintUserMessages: [MotionControllerPawn_2] 72
[2019.02.28-19.28.22:049][749]LogBlueprintUserMessages: [BabyCarts_C_0] MMMM TASTY!
[2019.02.28-19.28.22:049][749]LogBlueprintUserMessages: [BabyCarts_C_0] Hello
[2019.02.28-19.28.22:050][749]LogBlueprintUserMessages: [MotionControllerPawn_2] Points add
[2019.02.28-19.28.22:317][773]LogBlueprintUserMessages: [BabyCarts_C_0] MMMM TASTY!
[2019.02.28-19.28.22:317][773]LogBlueprintUserMessages: [BabyCarts_C_0] Hello
[2019.02.28-19.28.22:317][773]LogBlueprintUserMessages: [MotionControllerPawn_2] Points add
[2019.02.28-19.28.22:372][778]LogBlueprintUserMessages: [BabyCarts_C_0] MMMM TASTY!
[2019.02.28-19.28.22:372][778]LogBlueprintUserMessages: [BabyCarts_C_0] Hello
[2019.02.28-19.28.22:372][778]LogBlueprintUserMessages: [MotionControllerPawn_2] Points add
[2019.02.28-19.28.22:949][830]LogBlueprintUserMessages: [MotionControllerPawn_2] 71
[2019.02.28-19.28.24:172][940]LogBlueprintUserMessages: [MotionControllerPawn_2] 70
[2019.02.28-19.28.25:372][ 48]LogBlueprintUserMessages: [MotionControllerPawn_2] 69
[2019.02.28-19.28.26:594][158]LogBlueprintUserMessages: [MotionControllerPawn_2] 68
[2019.02.28-19.28.27:803][267]LogBlueprintUserMessages: [MotionControllerPawn_2] 67
[2019.02.28-19.28.29:005][375]LogBlueprintUserMessages: [MotionControllerPawn_2] 66
[2019.02.28-19.28.30:216][484]LogBlueprintUserMessages: [MotionControllerPawn_2] 65
[2019.02.28-19.28.31:308][582]LogScript: Warning: Attempted to access Scannables_C_38 via property K2Node_DynamicCast_AsScannables, but Scannables_C_38 is pending kill
	Conveyor_C /Game/StarterContent/Maps/UEDPIE_0_Minimal_Default_2.Minimal_Default_2:PersistentLevel.Conveyor_6
	Function /Game/Blueprints/Conveyor.Conveyor_C:ExecuteUbergraph_Conveyor:0221
[2019.02.28-19.28.31:308][582]PIE: Error: Blueprint Runtime Error: "Attempted to access Scannables_C_38 via property K2Node_DynamicCast_AsScannables, but Scannables_C_38 is pending kill". Blueprint:  Conveyor Function:  Execute Ubergraph Conveyor Graph:  EventGraph Node:  Branch
[2019.02.28-19.28.31:429][593]LogBlueprintUserMessages: [MotionControllerPawn_2] 64
[2019.02.28-19.28.32:631][701]LogBlueprintUserMessages: [MotionControllerPawn_2] 63
[2019.02.28-19.28.33:852][811]LogBlueprintUserMessages: [MotionControllerPawn_2] 62
[2019.02.28-19.28.35:062][920]LogBlueprintUserMessages: [MotionControllerPawn_2] 61
[2019.02.28-19.28.36:274][ 29]LogBlueprintUserMessages: [MotionControllerPawn_2] 60
[2019.02.28-19.28.37:495][137]LogBlueprintUserMessages: [MotionControllerPawn_2] 59
[2019.02.28-19.28.38:696][245]LogBlueprintUserMessages: [MotionControllerPawn_2] 58
[2019.02.28-19.28.38:886][262]LogScript: Warning: Attempted to access Scannables_C_47 via property K2Node_DynamicCast_AsScannables, but Scannables_C_47 is pending kill
	Conveyor_C /Game/StarterContent/Maps/UEDPIE_0_Minimal_Default_2.Minimal_Default_2:PersistentLevel.Conveyor_6
	Function /Game/Blueprints/Conveyor.Conveyor_C:ExecuteUbergraph_Conveyor:0221
[2019.02.28-19.28.38:887][262]PIE: Error: Blueprint Runtime Error: "Attempted to access Scannables_C_47 via property K2Node_DynamicCast_AsScannables, but Scannables_C_47 is pending kill". Blueprint:  Conveyor Function:  Execute Ubergraph Conveyor Graph:  EventGraph Node:  Branch
[2019.02.28-19.28.39:897][353]LogBlueprintUserMessages: [MotionControllerPawn_2] 57
[2019.02.28-19.28.41:107][462]LogBlueprintUserMessages: [MotionControllerPawn_2] 56
[2019.02.28-19.28.42:317][571]LogBlueprintUserMessages: [MotionControllerPawn_2] 55
[2019.02.28-19.28.42:551][592]LogBlueprintUserMessages: [BabyCarts_C_3] MMMM TASTY!
[2019.02.28-19.28.42:551][592]LogBlueprintUserMessages: [BabyCarts_C_3] Hello
[2019.02.28-19.28.42:551][592]LogBlueprintUserMessages: [MotionControllerPawn_2] Points add
[2019.02.28-19.28.43:029][635]LogBlueprintUserMessages: [BabyCarts_C_3] MMMM TASTY!
[2019.02.28-19.28.43:029][635]LogBlueprintUserMessages: [BabyCarts_C_3] Hello
[2019.02.28-19.28.43:029][635]LogBlueprintUserMessages: [MotionControllerPawn_2] Points add
[2019.02.28-19.28.43:518][679]LogBlueprintUserMessages: [MotionControllerPawn_2] 54
[2019.02.28-19.28.43:840][708]LogBlueprintUserMessages: [BabyCarts_C_3] MMMM TASTY!
[2019.02.28-19.28.43:840][708]LogBlueprintUserMessages: [BabyCarts_C_3] Hello
[2019.02.28-19.28.43:840][708]LogBlueprintUserMessages: [MotionControllerPawn_2] Points add
[2019.02.28-19.28.44:718][787]LogBlueprintUserMessages: [MotionControllerPawn_2] 53
[2019.02.28-19.28.45:918][895]LogBlueprintUserMessages: [MotionControllerPawn_2] 52
[2019.02.28-19.28.46:818][976]LogScript: Warning: Attempted to access Scannables_C_59 via property K2Node_DynamicCast_AsScannables, but Scannables_C_59 is pending kill
	Conveyor_C /Game/StarterContent/Maps/UEDPIE_0_Minimal_Default_2.Minimal_Default_2:PersistentLevel.Conveyor2
	Function /Game/Blueprints/Conveyor.Conveyor_C:ExecuteUbergraph_Conveyor:0221
[2019.02.28-19.28.46:818][976]PIE: Error: Blueprint Runtime Error: "Attempted to access Scannables_C_59 via property K2Node_DynamicCast_AsScannables, but Scannables_C_59 is pending kill". Blueprint:  Conveyor Function:  Execute Ubergraph Conveyor Graph:  EventGraph Node:  Branch
[2019.02.28-19.28.47:140][  5]LogBlueprintUserMessages: [MotionControllerPawn_2] 51
[2019.02.28-19.28.48:351][114]LogBlueprintUserMessages: [MotionControllerPawn_2] 50
[2019.02.28-19.28.49:562][223]LogBlueprintUserMessages: [MotionControllerPawn_2] 49
[2019.02.28-19.28.50:773][332]LogBlueprintUserMessages: [MotionControllerPawn_2] 48
[2019.02.28-19.28.51:995][442]LogBlueprintUserMessages: [MotionControllerPawn_2] 47
[2019.02.28-19.28.53:197][550]LogBlueprintUserMessages: [MotionControllerPawn_2] 46
[2019.02.28-19.28.54:407][659]LogBlueprintUserMessages: [MotionControllerPawn_2] 45
[2019.02.28-19.28.54:741][689]LogScript: Warning: Attempted to access Scannables_C_58 via property K2Node_DynamicCast_AsScannables, but Scannables_C_58 is pending kill
	Conveyor_C /Game/StarterContent/Maps/UEDPIE_0_Minimal_Default_2.Minimal_Default_2:PersistentLevel.Conveyor_6
	Function /Game/Blueprints/Conveyor.Conveyor_C:ExecuteUbergraph_Conveyor:0221
[2019.02.28-19.28.54:741][689]PIE: Error: Blueprint Runtime Error: "Attempted to access Scannables_C_58 via property K2Node_DynamicCast_AsScannables, but Scannables_C_58 is pending kill". Blueprint:  Conveyor Function:  Execute Ubergraph Conveyor Graph:  EventGraph Node:  Branch
[2019.02.28-19.28.55:619][768]LogBlueprintUserMessages: [MotionControllerPawn_2] 44
[2019.02.28-19.28.56:508][848]LogScript: Warning: Attempted to access Scannables_C_67 via property K2Node_DynamicCast_AsScannables, but Scannables_C_67 is pending kill
	Conveyor_C /Game/StarterContent/Maps/UEDPIE_0_Minimal_Default_2.Minimal_Default_2:PersistentLevel.Conveyor2
	Function /Game/Blueprints/Conveyor.Conveyor_C:ExecuteUbergraph_Conveyor:0221
[2019.02.28-19.28.56:508][848]PIE: Error: Blueprint Runtime Error: "Attempted to access Scannables_C_67 via property K2Node_DynamicCast_AsScannables, but Scannables_C_67 is pending kill". Blueprint:  Conveyor Function:  Execute Ubergraph Conveyor Graph:  EventGraph Node:  Branch
[2019.02.28-19.28.56:840][878]LogBlueprintUserMessages: [MotionControllerPawn_2] 43
[2019.02.28-19.28.57:218][912]LogBlueprintUserMessages: [BabyCarts_C_3] I aint no theif
[2019.02.28-19.28.57:662][952]LogBlueprintUserMessages: [BabyCarts_C_3] I aint no theif
[2019.02.28-19.28.57:985][981]LogBlueprintUserMessages: [BabyCarts_C_3] I aint no theif
[2019.02.28-19.28.58:051][987]LogBlueprintUserMessages: [MotionControllerPawn_2] 42
[2019.02.28-19.28.58:184][999]LogBlueprintUserMessages: [BabyCarts_C_3] I aint no theif
[2019.02.28-19.28.59:230][ 93]LogBlueprintUserMessages: [BabyCarts_C_3] I aint no theif
[2019.02.28-19.28.59:252][ 95]LogBlueprintUserMessages: [MotionControllerPawn_2] 41
[2019.02.28-19.28.59:375][106]LogScript: Warning: Attempted to access Scannables_C_70 via property K2Node_DynamicCast_AsScannables, but Scannables_C_70 is pending kill
	Conveyor_C /Game/StarterContent/Maps/UEDPIE_0_Minimal_Default_2.Minimal_Default_2:PersistentLevel.Conveyor2
	Function /Game/Blueprints/Conveyor.Conveyor_C:ExecuteUbergraph_Conveyor:0221
[2019.02.28-19.28.59:375][106]PIE: Error: Blueprint Runtime Error: "Attempted to access Scannables_C_70 via property K2Node_DynamicCast_AsScannables, but Scannables_C_70 is pending kill". Blueprint:  Conveyor Function:  Execute Ubergraph Conveyor Graph:  EventGraph Node:  Branch
[2019.02.28-19.29.00:453][203]LogBlueprintUserMessages: [MotionControllerPawn_2] 40
[2019.02.28-19.29.01:231][273]LogBlueprintUserMessages: [BabyCarts_C_3] I aint no theif
[2019.02.28-19.29.01:664][312]LogBlueprintUserMessages: [MotionControllerPawn_2] 39
[2019.02.28-19.29.02:876][421]LogBlueprintUserMessages: [MotionControllerPawn_2] 38
[2019.02.28-19.29.04:076][529]LogBlueprintUserMessages: [MotionControllerPawn_2] 37
[2019.02.28-19.29.05:287][638]LogBlueprintUserMessages: [MotionControllerPawn_2] 36
[2019.02.28-19.29.06:209][721]LogScript: Warning: Attempted to access Scannables_C_75 via property K2Node_DynamicCast_AsScannables, but Scannables_C_75 is pending kill
	Conveyor_C /Game/StarterContent/Maps/UEDPIE_0_Minimal_Default_2.Minimal_Default_2:PersistentLevel.Conveyor_6
	Function /Game/Blueprints/Conveyor.Conveyor_C:ExecuteUbergraph_Conveyor:0221
[2019.02.28-19.29.06:209][721]PIE: Error: Blueprint Runtime Error: "Attempted to access Scannables_C_75 via property K2Node_DynamicCast_AsScannables, but Scannables_C_75 is pending kill". Blueprint:  Conveyor Function:  Execute Ubergraph Conveyor Graph:  EventGraph Node:  Branch
[2019.02.28-19.29.06:508][748]LogBlueprintUserMessages: [MotionControllerPawn_2] 35
[2019.02.28-19.29.07:719][857]LogBlueprintUserMessages: [MotionControllerPawn_2] 34
[2019.02.28-19.29.08:930][966]LogBlueprintUserMessages: [MotionControllerPawn_2] 33
[2019.02.28-19.29.10:140][ 75]LogBlueprintUserMessages: [MotionControllerPawn_2] 32
[2019.02.28-19.29.11:341][183]LogBlueprintUserMessages: [MotionControllerPawn_2] 31
[2019.02.28-19.29.11:831][227]LogScript: Warning: Attempted to access Scannables_C_80 via property K2Node_DynamicCast_AsScannables, but Scannables_C_80 is pending kill
	Conveyor_C /Game/StarterContent/Maps/UEDPIE_0_Minimal_Default_2.Minimal_Default_2:PersistentLevel.Conveyor_6
	Function /Game/Blueprints/Conveyor.Conveyor_C:ExecuteUbergraph_Conveyor:0221
[2019.02.28-19.29.11:831][227]PIE: Error: Blueprint Runtime Error: "Attempted to access Scannables_C_80 via property K2Node_DynamicCast_AsScannables, but Scannables_C_80 is pending kill". Blueprint:  Conveyor Function:  Execute Ubergraph Conveyor Graph:  EventGraph Node:  Branch
[2019.02.28-19.29.12:562][293]LogBlueprintUserMessages: [MotionControllerPawn_2] 30
[2019.02.28-19.29.12:774][312]PIE: Warning: Scannables_C_82.StaticMeshComponent0 hs_AlienGame has to have 'Simulate Physics' enabled if you'd like to AddImpulse. 
[2019.02.28-19.29.12:774][312]PIE: Warning: Scannables_C_82.StaticMeshComponent0 hs_AlienGame has to have 'Simulate Physics' enabled if you'd like to AddImpulse. 
[2019.02.28-19.29.13:775][402]LogBlueprintUserMessages: [MotionControllerPawn_2] 29
[2019.02.28-19.29.14:985][511]LogBlueprintUserMessages: [MotionControllerPawn_2] 28
[2019.02.28-19.29.16:185][619]LogBlueprintUserMessages: [MotionControllerPawn_2] 27
[2019.02.28-19.29.16:430][641]LogScript: Warning: Attempted to access Scannables_C_81 via property K2Node_DynamicCast_AsScannables, but Scannables_C_81 is pending kill
	Conveyor_C /Game/StarterContent/Maps/UEDPIE_0_Minimal_Default_2.Minimal_Default_2:PersistentLevel.Conveyor2
	Function /Game/Blueprints/Conveyor.Conveyor_C:ExecuteUbergraph_Conveyor:0221
[2019.02.28-19.29.16:430][641]PIE: Error: Blueprint Runtime Error: "Attempted to access Scannables_C_81 via property K2Node_DynamicCast_AsScannables, but Scannables_C_81 is pending kill". Blueprint:  Conveyor Function:  Execute Ubergraph Conveyor Graph:  EventGraph Node:  Branch
[2019.02.28-19.29.17:397][728]LogBlueprintUserMessages: [MotionControllerPawn_2] 26
[2019.02.28-19.29.18:618][838]LogBlueprintUserMessages: [MotionControllerPawn_2] 25
[2019.02.28-19.29.19:820][946]LogBlueprintUserMessages: [MotionControllerPawn_2] 24
[2019.02.28-19.29.21:030][ 55]LogBlueprintUserMessages: [MotionControllerPawn_2] 23
[2019.02.28-19.29.22:241][164]LogBlueprintUserMessages: [MotionControllerPawn_2] 22
[2019.02.28-19.29.23:462][274]LogBlueprintUserMessages: [MotionControllerPawn_2] 21
[2019.02.28-19.29.24:663][382]LogBlueprintUserMessages: [MotionControllerPawn_2] 20
[2019.02.28-19.29.25:876][491]LogBlueprintUserMessages: [MotionControllerPawn_2] 19
[2019.02.28-19.29.27:085][600]LogBlueprintUserMessages: [MotionControllerPawn_2] 18
[2019.02.28-19.29.28:296][709]LogBlueprintUserMessages: [MotionControllerPawn_2] 17
[2019.02.28-19.29.29:499][817]LogBlueprintUserMessages: [MotionControllerPawn_2] 16
[2019.02.28-19.29.29:821][846]LogBlueprintUserMessages: [BabyCarts_C_1] MMMM TASTY!
[2019.02.28-19.29.29:821][846]LogBlueprintUserMessages: [BabyCarts_C_1] Hello
[2019.02.28-19.29.29:821][846]LogBlueprintUserMessages: [MotionControllerPawn_2] Points add
[2019.02.28-19.29.29:832][847]LogBlueprintUserMessages: [BabyCarts_C_1] MMMM TASTY!
[2019.02.28-19.29.29:832][847]LogBlueprintUserMessages: [BabyCarts_C_1] Hello
[2019.02.28-19.29.29:832][847]LogBlueprintUserMessages: [MotionControllerPawn_2] Points add
[2019.02.28-19.29.30:719][927]LogBlueprintUserMessages: [MotionControllerPawn_2] 15
[2019.02.28-19.29.31:941][ 37]LogBlueprintUserMessages: [MotionControllerPawn_2] 14
[2019.02.28-19.29.33:152][146]LogBlueprintUserMessages: [MotionControllerPawn_2] 13
[2019.02.28-19.29.34:374][257]LogBlueprintUserMessages: [MotionControllerPawn_2] 12
[2019.02.28-19.29.35:576][365]LogBlueprintUserMessages: [MotionControllerPawn_2] 11
[2019.02.28-19.29.36:797][475]LogBlueprintUserMessages: [MotionControllerPawn_2] 10
[2019.02.28-19.29.38:010][584]LogBlueprintUserMessages: [MotionControllerPawn_2] 9
[2019.02.28-19.29.38:843][657]LogBlueprintUserMessages: [BabyCarts_C_1] I aint no theif
[2019.02.28-19.29.39:230][692]LogBlueprintUserMessages: [MotionControllerPawn_2] 8
[2019.02.28-19.29.40:443][801]LogBlueprintUserMessages: [MotionControllerPawn_2] 7
[2019.02.28-19.29.41:664][911]LogBlueprintUserMessages: [MotionControllerPawn_2] 6
[2019.02.28-19.29.42:885][ 21]LogBlueprintUserMessages: [MotionControllerPawn_2] 5
[2019.02.28-19.29.43:151][ 45]LogBlueprintUserMessages: [BabyCarts_C_1] I aint no theif
[2019.02.28-19.29.43:164][ 46]LogBlueprintUserMessages: [BabyCarts_C_1] I aint no theif
[2019.02.28-19.29.43:210][ 50]LogBlueprintUserMessages: [BabyCarts_C_1] I aint no theif
[2019.02.28-19.29.43:219][ 51]LogBlueprintUserMessages: [BabyCarts_C_1] I aint no theif
[2019.02.28-19.29.43:230][ 52]LogBlueprintUserMessages: [BabyCarts_C_2] MMMM TASTY!
[2019.02.28-19.29.43:230][ 52]LogBlueprintUserMessages: [BabyCarts_C_2] Hello
[2019.02.28-19.29.43:230][ 52]LogBlueprintUserMessages: [MotionControllerPawn_2] Points add
[2019.02.28-19.29.43:264][ 55]LogBlueprintUserMessages: [BabyCarts_C_2] MMMM TASTY!
[2019.02.28-19.29.43:264][ 55]LogBlueprintUserMessages: [BabyCarts_C_2] Hello
[2019.02.28-19.29.43:264][ 55]LogBlueprintUserMessages: [MotionControllerPawn_2] Points add
[2019.02.28-19.29.43:275][ 56]LogBlueprintUserMessages: [BabyCarts_C_1] I aint no theif
[2019.02.28-19.29.43:286][ 57]LogBlueprintUserMessages: [BabyCarts_C_1] I aint no theif
[2019.02.28-19.29.43:307][ 59]LogBlueprintUserMessages: [BabyCarts_C_1] I aint no theif
[2019.02.28-19.29.43:319][ 60]LogBlueprintUserMessages: [BabyCarts_C_1] I aint no theif
[2019.02.28-19.29.43:342][ 62]LogBlueprintUserMessages: [BabyCarts_C_1] I aint no theif
[2019.02.28-19.29.43:388][ 66]LogBlueprintUserMessages: [BabyCarts_C_1] I aint no theif
[2019.02.28-19.29.43:421][ 69]LogBlueprintUserMessages: [BabyCarts_C_2] MMMM TASTY!
[2019.02.28-19.29.43:421][ 69]LogBlueprintUserMessages: [BabyCarts_C_2] Hello
[2019.02.28-19.29.43:421][ 69]LogBlueprintUserMessages: [MotionControllerPawn_2] Points add
[2019.02.28-19.29.43:431][ 70]LogBlueprintUserMessages: [BabyCarts_C_1] I aint no theif
[2019.02.28-19.29.43:442][ 71]LogBlueprintUserMessages: [BabyCarts_C_1] I aint no theif
[2019.02.28-19.29.43:443][ 71]LogBlueprintUserMessages: [BabyCarts_C_2] MMMM TASTY!
[2019.02.28-19.29.43:443][ 71]LogBlueprintUserMessages: [BabyCarts_C_2] Hello
[2019.02.28-19.29.43:443][ 71]LogBlueprintUserMessages: [MotionControllerPawn_2] Points add
[2019.02.28-19.29.43:453][ 72]LogBlueprintUserMessages: [BabyCarts_C_1] I aint no theif
[2019.02.28-19.29.43:455][ 72]LogBlueprintUserMessages: [BabyCarts_C_2] MMMM TASTY!
[2019.02.28-19.29.43:455][ 72]LogBlueprintUserMessages: [BabyCarts_C_2] Hello
[2019.02.28-19.29.43:455][ 72]LogBlueprintUserMessages: [MotionControllerPawn_2] Points add
[2019.02.28-19.29.43:475][ 74]LogBlueprintUserMessages: [BabyCarts_C_1] I aint no theif
[2019.02.28-19.29.43:475][ 74]LogBlueprintUserMessages: [BabyCarts_C_1] I aint no theif
[2019.02.28-19.29.43:488][ 75]LogBlueprintUserMessages: [BabyCarts_C_2] MMMM TASTY!
[2019.02.28-19.29.43:488][ 75]LogBlueprintUserMessages: [BabyCarts_C_2] Hello
[2019.02.28-19.29.43:488][ 75]LogBlueprintUserMessages: [MotionControllerPawn_2] Points add
[2019.02.28-19.29.43:499][ 76]LogBlueprintUserMessages: [BabyCarts_C_2] MMMM TASTY!
[2019.02.28-19.29.43:499][ 76]LogBlueprintUserMessages: [BabyCarts_C_2] Hello
[2019.02.28-19.29.43:499][ 76]LogBlueprintUserMessages: [MotionControllerPawn_2] Points add
[2019.02.28-19.29.43:508][ 77]LogBlueprintUserMessages: [BabyCarts_C_1] I aint no theif
[2019.02.28-19.29.43:510][ 77]LogBlueprintUserMessages: [BabyCarts_C_2] MMMM TASTY!
[2019.02.28-19.29.43:510][ 77]LogBlueprintUserMessages: [BabyCarts_C_2] Hello
[2019.02.28-19.29.43:510][ 77]LogBlueprintUserMessages: [MotionControllerPawn_2] Points add
[2019.02.28-19.29.43:565][ 82]LogBlueprintUserMessages: [BabyCarts_C_2] MMMM TASTY!
[2019.02.28-19.29.43:565][ 82]LogBlueprintUserMessages: [BabyCarts_C_2] Hello
[2019.02.28-19.29.43:565][ 82]LogBlueprintUserMessages: [MotionControllerPawn_2] Points add
[2019.02.28-19.29.43:577][ 83]LogBlueprintUserMessages: [BabyCarts_C_1] I aint no theif
[2019.02.28-19.29.43:588][ 84]LogBlueprintUserMessages: [BabyCarts_C_1] I aint no theif
[2019.02.28-19.29.43:632][ 88]LogBlueprintUserMessages: [BabyCarts_C_1] I aint no theif
[2019.02.28-19.29.43:721][ 96]LogBlueprintUserMessages: [BabyCarts_C_1] I aint no theif
[2019.02.28-19.29.43:732][ 97]LogBlueprintUserMessages: [BabyCarts_C_1] I aint no theif
[2019.02.28-19.29.43:743][ 98]LogBlueprintUserMessages: [BabyCarts_C_1] I aint no theif
[2019.02.28-19.29.43:776][101]LogBlueprintUserMessages: [BabyCarts_C_1] I aint no theif
[2019.02.28-19.29.43:776][101]LogBlueprintUserMessages: [BabyCarts_C_1] I aint no theif
[2019.02.28-19.29.43:854][108]LogBlueprintUserMessages: [BabyCarts_C_1] I aint no theif
[2019.02.28-19.29.43:898][112]LogBlueprintUserMessages: [BabyCarts_C_1] I aint no theif
[2019.02.28-19.29.44:032][124]LogBlueprintUserMessages: [BabyCarts_C_1] I aint no theif
[2019.02.28-19.29.44:056][126]LogBlueprintUserMessages: [BabyCarts_C_1] I aint no theif
[2019.02.28-19.29.44:064][127]LogBlueprintUserMessages: [BabyCarts_C_1] I aint no theif
[2019.02.28-19.29.44:076][128]LogBlueprintUserMessages: [BabyCarts_C_2] MMMM TASTY!
[2019.02.28-19.29.44:076][128]LogBlueprintUserMessages: [BabyCarts_C_2] Hello
[2019.02.28-19.29.44:076][128]LogBlueprintUserMessages: [MotionControllerPawn_2] Points add
[2019.02.28-19.29.44:087][129]LogBlueprintUserMessages: [MotionControllerPawn_2] 4
[2019.02.28-19.29.44:179][137]LogBlueprintUserMessages: [BabyCarts_C_1] I aint no theif
[2019.02.28-19.29.44:190][138]LogBlueprintUserMessages: [BabyCarts_C_1] I aint no theif
[2019.02.28-19.29.44:210][140]LogBlueprintUserMessages: [BabyCarts_C_1] I aint no theif
[2019.02.28-19.29.44:255][144]LogBlueprintUserMessages: [BabyCarts_C_2] MMMM TASTY!
[2019.02.28-19.29.44:255][144]LogBlueprintUserMessages: [BabyCarts_C_2] Hello
[2019.02.28-19.29.44:255][144]LogBlueprintUserMessages: [MotionControllerPawn_2] Points add
[2019.02.28-19.29.44:266][145]LogBlueprintUserMessages: [BabyCarts_C_2] MMMM TASTY!
[2019.02.28-19.29.44:266][145]LogBlueprintUserMessages: [BabyCarts_C_2] Hello
[2019.02.28-19.29.44:266][145]LogBlueprintUserMessages: [MotionControllerPawn_2] Points add
[2019.02.28-19.29.44:277][146]LogBlueprintUserMessages: [BabyCarts_C_2] MMMM TASTY!
[2019.02.28-19.29.44:277][146]LogBlueprintUserMessages: [BabyCarts_C_2] Hello
[2019.02.28-19.29.44:278][146]LogBlueprintUserMessages: [MotionControllerPawn_2] Points add
[2019.02.28-19.29.44:289][147]LogBlueprintUserMessages: [BabyCarts_C_2] MMMM TASTY!
[2019.02.28-19.29.44:289][147]LogBlueprintUserMessages: [BabyCarts_C_2] Hello
[2019.02.28-19.29.44:289][147]LogBlueprintUserMessages: [MotionControllerPawn_2] Points add
[2019.02.28-19.29.45:295][237]LogBlueprintUserMessages: [MotionControllerPawn_2] 3
[2019.02.28-19.29.45:308][238]LogBlueprintUserMessages: [BabyCarts_C_1] I aint no theif
[2019.02.28-19.29.46:496][345]LogBlueprintUserMessages: [MotionControllerPawn_2] 2
[2019.02.28-19.29.47:177][406]LogScript: Warning: Attempted to access Scannables_C_115 via property K2Node_DynamicCast_AsScannables, but Scannables_C_115 is pending kill
	Conveyor_C /Game/StarterContent/Maps/UEDPIE_0_Minimal_Default_2.Minimal_Default_2:PersistentLevel.Conveyor_6
	Function /Game/Blueprints/Conveyor.Conveyor_C:ExecuteUbergraph_Conveyor:0221
[2019.02.28-19.29.47:177][406]PIE: Error: Blueprint Runtime Error: "Attempted to access Scannables_C_115 via property K2Node_DynamicCast_AsScannables, but Scannables_C_115 is pending kill". Blueprint:  Conveyor Function:  Execute Ubergraph Conveyor Graph:  EventGraph Node:  Branch
[2019.02.28-19.29.47:699][453]LogBlueprintUserMessages: [MotionControllerPawn_2] 1
[2019.02.28-19.29.48:910][562]LogBlueprintUserMessages: [MotionControllerPawn_2] 0
[2019.02.28-19.29.50:122][659]LogBlueprintUserMessages: [MotionControllerPawn_2] -1
[2019.02.28-19.29.50:937][695]LogBlueprintUserMessages: Early EndPlayMap Detection: Level '/Game/StarterContent/Maps/Minimal_Default_2.Minimal_Default_2:PersistentLevel' has LevelScriptBlueprint '/Game/StarterContent/Maps/Minimal_Default_2.Minimal_Default_2:PersistentLevel.Minimal_Default_2' with GeneratedClass '/Game/StarterContent/Maps/Minimal_Default_2.Minimal_Default_2_C' with ClassGeneratedBy '/Game/StarterContent/Maps/Minimal_Default_2.Minimal_Default_2:PersistentLevel.Minimal_Default_2'
[2019.02.28-19.29.51:007][695]LogSlate: Updating window title bar state: overlay mode, drag disabled, window buttons hidden, title bar hidden
[2019.02.28-19.29.51:049][695]LogSlate: Window 'MyProject3 Game Preview Standalone (64-bit/PCD3D_SM5)' being destroyed
[2019.02.28-19.29.51:090][695]LogPlayLevel: Display: Shutting down PIE online subsystems
[2019.02.28-19.29.51:090][695]LogBlueprintUserMessages: Late EndPlayMap Detection: Level '/Game/StarterContent/Maps/Minimal_Default_2.Minimal_Default_2:PersistentLevel' has LevelScriptBlueprint '/Game/StarterContent/Maps/Minimal_Default_2.Minimal_Default_2:PersistentLevel.Minimal_Default_2' with GeneratedClass '/Game/StarterContent/Maps/Minimal_Default_2.Minimal_Default_2_C' with ClassGeneratedBy '/Game/StarterContent/Maps/Minimal_Default_2.Minimal_Default_2:PersistentLevel.Minimal_Default_2'
[2019.02.28-19.29.51:176][696]LogPlayLevel: Display: Destroying online subsystem :Context_4
[2019.02.28-19.29.51:177][696]LogEngine: Changing dynamic resolution state.
[2019.02.28-19.29.53:009][804]LogSlate: Window 'Message Log' being destroyed
[2019.02.28-19.29.53:014][804]LogSlate: Window 'Message Log' being destroyed
[2019.02.28-19.29.53:481][831]LogD3D11RHI: Error: SwapChain->ResizeBuffers(1, SizeX, SizeY, RenderTargetFormat, DXGI_SWAP_CHAIN_FLAG_ALLOW_MODE_SWITCH) failed 
 at D:\Build\++UE4\Sync\Engine\Source\Runtime\Windows\D3D11RHI\Private\D3D11Viewport.cpp:257 
 with error DXGI_ERROR_INVALID_CALL, 
 Size=548x349 Format=DXGI_FORMAT_R10G10B10A2_UNORM(0x00000018)
[2019.02.28-19.29.53:481][831]LogOutputDevice: Warning: 

Script Stack (0 frames):

[2019.02.28-19.29.53:481][831]LogWindows: Windows GetLastError: The operation completed successfully. (0)
[2019.02.28-19.29.54:368][831]LogWindows: Error: === Critical error: ===
[2019.02.28-19.29.54:368][831]LogWindows: Error: 
[2019.02.28-19.29.54:368][831]LogWindows: Error: Fatal error: [File:D:\Build\++UE4\Sync\Engine\Source\Runtime\Windows\D3D11RHI\Private\D3D11Util.cpp] [Line: 363] 
[2019.02.28-19.29.54:368][831]LogWindows: Error: SwapChain->ResizeBuffers(1, SizeX, SizeY, RenderTargetFormat, DXGI_SWAP_CHAIN_FLAG_ALLOW_MODE_SWITCH) failed 
[2019.02.28-19.29.54:368][831]LogWindows: Error:  at D:\Build\++UE4\Sync\Engine\Source\Runtime\Windows\D3D11RHI\Private\D3D11Viewport.cpp:257 
[2019.02.28-19.29.54:368][831]LogWindows: Error:  with error DXGI_ERROR_INVALID_CALL, 
[2019.02.28-19.29.54:368][831]LogWindows: Error:  Size=548x349 Format=DXGI_FORMAT_R10G10B10A2_UNORM(0x00000018)
[2019.02.28-19.29.54:368][831]LogWindows: Error: 
[2019.02.28-19.29.54:368][831]LogWindows: Error: 
[2019.02.28-19.29.54:368][831]LogWindows: Error: [Callstack] 0x00007ffa2a6ca388 KERNELBASE.dll!UnknownFunction []
[2019.02.28-19.29.54:368][831]LogWindows: Error: [Callstack] 0x00007ff9e789cd1a UE4Editor-Core.dll!UnknownFunction []
[2019.02.28-19.29.54:368][831]LogWindows: Error: [Callstack] 0x00007ff9e767a967 UE4Editor-Core.dll!UnknownFunction []
[2019.02.28-19.29.54:368][831]LogWindows: Error: [Callstack] 0x00007ff9e75b0df7 UE4Editor-Core.dll!UnknownFunction []
[2019.02.28-19.29.54:368][831]LogWindows: Error: [Callstack] 0x00007ff9d7450b7f UE4Editor-D3D11RHI.dll!UnknownFunction []
[2019.02.28-19.29.54:368][831]LogWindows: Error: [Callstack] 0x00007ff9d74490a2 UE4Editor-D3D11RHI.dll!UnknownFunction []
[2019.02.28-19.29.54:368][831]LogWindows: Error: [Callstack] 0x00007ff9d7440141 UE4Editor-D3D11RHI.dll!UnknownFunction []
[2019.02.28-19.29.54:368][831]LogWindows: Error: [Callstack] 0x00007ff9d7169b87 UE4Editor-SlateRHIRenderer.dll!UnknownFunction []
[2019.02.28-19.29.54:368][831]LogWindows: Error: [Callstack] 0x00007ff9d7182c68 UE4Editor-SlateRHIRenderer.dll!UnknownFunction []
[2019.02.28-19.29.54:368][831]LogWindows: Error: [Callstack] 0x00007ff9e58641e0 UE4Editor-Slate.dll!UnknownFunction []
[2019.02.28-19.29.54:368][831]LogWindows: Error: [Callstack] 0x00007ff9e582e222 UE4Editor-Slate.dll!UnknownFunction []
[2019.02.28-19.29.54:368][831]LogWindows: Error: [Callstack] 0x00007ff9e588f5a6 UE4Editor-Slate.dll!UnknownFunction []
[2019.02.28-19.29.54:368][831]LogWindows: Error: [Callstack] 0x00007ff9e588e483 UE4Editor-Slate.dll!UnknownFunction []
[2019.02.28-19.29.54:368][831]LogWindows: Error: [Callstack] 0x00007ff6f2907094 UE4Editor.exe!UnknownFunction []
[2019.02.28-19.29.54:368][831]LogWindows: Error: [Callstack] 0x00007ff6f291596c UE4Editor.exe!UnknownFunction []
[2019.02.28-19.29.54:368][831]LogWindows: Error: [Callstack] 0x00007ff6f29159ea UE4Editor.exe!UnknownFunction []
[2019.02.28-19.29.54:368][831]LogWindows: Error: [Callstack] 0x00007ff6f29248da UE4Editor.exe!UnknownFunction []
[2019.02.28-19.29.54:368][831]LogWindows: Error: [Callstack] 0x00007ff6f292659a UE4Editor.exe!UnknownFunction []
[2019.02.28-19.29.54:368][831]LogWindows: Error: [Callstack] 0x00007ffa2beb3dc4 KERNEL32.DLL!UnknownFunction []
[2019.02.28-19.29.54:368][831]LogWindows: Error: [Callstack] 0x00007ffa2e333691 ntdll.dll!UnknownFunction []
[2019.02.28-19.29.54:368][831]LogWindows: Error: 
[2019.02.28-19.29.54:383][831]LogExit: Executing StaticShutdownAfterError
[2019.02.28-19.29.54:387][831]LogWindows: FPlatformMisc::RequestExit(1)
[2019.02.28-19.29.54:389][831]Log file closed, 02/28/19 14:29:54
