Log file open, 02/28/19 14:42:45
LogWindows: Failed to load 'aqProf.dll' (GetLastError=126)
LogWindows: File 'aqProf.dll' does not exist
LogWindows: Failed to load 'VtuneApi.dll' (GetLastError=126)
LogWindows: File 'VtuneApi.dll' does not exist
LogWindows: Failed to load 'VtuneApi32e.dll' (GetLastError=126)
LogWindows: File 'VtuneApi32e.dll' does not exist
LogConsoleResponse: Display: Failed to find resolution value strings in scalability ini. Falling back to default.
LogInit: Display: Running engine for game: MyProject3
LogPakFile: Registered encryption key '00000000000000000000000000000000': 0 pak files mounted, 0 remain pending
LogPlatformFile: Not using cached read wrapper
LogTaskGraph: Started task graph with 5 named threads and 35 total threads with 3 sets of task threads.
LogStats: Stats thread started at 0.404416
LogD3D11RHI: Loaded GFSDK_Aftermath_Lib.x64.dll
LogICUInternationalization: ICU TimeZone Detection - Raw Offset: -5:00, Platform Override: ''
LogPluginManager: Mounting plugin Paper2D
LogPluginManager: Mounting plugin AISupport
LogPluginManager: Mounting plugin LightPropagationVolume
LogPluginManager: Mounting plugin ActorLayerUtilities
LogPluginManager: Mounting plugin CLionSourceCodeAccess
LogPluginManager: Mounting plugin CodeLiteSourceCodeAccess
LogPluginManager: Mounting plugin GitSourceControl
LogPluginManager: Mounting plugin KDevelopSourceCodeAccess
LogPluginManager: Mounting plugin NullSourceCodeAccess
LogPluginManager: Mounting plugin PerforceSourceControl
LogPluginManager: Mounting plugin SubversionSourceControl
LogPluginManager: Mounting plugin UObjectPlugin
LogPluginManager: Mounting plugin VisualStudioCodeSourceCodeAccess
LogPluginManager: Mounting plugin VisualStudioSourceCodeAccess
LogPluginManager: Mounting plugin XCodeSourceCodeAccess
LogPluginManager: Mounting plugin AssetManagerEditor
LogPluginManager: Mounting plugin CryptoKeys
LogPluginManager: Mounting plugin DataValidation
LogPluginManager: Mounting plugin FacialAnimation
LogPluginManager: Mounting plugin GameplayTagsEditor
LogPluginManager: Mounting plugin MacGraphicsSwitching
LogPluginManager: Mounting plugin MeshEditor
LogPluginManager: Mounting plugin MobileLauncherProfileWizard
LogPluginManager: Mounting plugin PluginBrowser
LogPluginManager: Mounting plugin SpeedTreeImporter
LogPluginManager: Mounting plugin DatasmithContent
LogPluginManager: Mounting plugin VariantManagerContent
LogPluginManager: Mounting plugin AlembicImporter
LogPluginManager: Mounting plugin AppleImageUtils
LogPluginManager: Mounting plugin AppleVision
LogPluginManager: Mounting plugin BackChannel
LogPluginManager: Mounting plugin CharacterAI
LogPluginManager: Mounting plugin GeometryCache
LogPluginManager: Mounting plugin HTML5Networking
LogPluginManager: Mounting plugin ProxyLODPlugin
LogPluginManager: Mounting plugin MagicLeap
LogPluginManager: Mounting plugin MagicLeapMedia
LogPluginManager: Mounting plugin AndroidMedia
LogPluginManager: Mounting plugin AvfMedia
LogPluginManager: Mounting plugin ImgMedia
LogPluginManager: Mounting plugin LinearTimecode
LogPluginManager: Mounting plugin MediaCompositing
LogPluginManager: Mounting plugin MediaPlayerEditor
LogPluginManager: Mounting plugin WebMMedia
LogPluginManager: Mounting plugin WmfMedia
LogPluginManager: Mounting plugin TcpMessaging
LogPluginManager: Mounting plugin UdpMessaging
LogPluginManager: Mounting plugin ActorSequence
LogPluginManager: Mounting plugin LevelSequenceEditor
LogPluginManager: Mounting plugin MatineeToLevelSequence
LogPluginManager: Mounting plugin NetcodeUnitTest
LogPluginManager: Mounting plugin NUTUnrealEngine4
LogPluginManager: Mounting plugin OnlineSubsystemGooglePlay
LogPluginManager: Mounting plugin OnlineSubsystemIOS
LogPluginManager: Mounting plugin OnlineSubsystem
LogPluginManager: Mounting plugin OnlineSubsystemNull
LogPluginManager: Mounting plugin OnlineSubsystemUtils
LogPluginManager: Mounting plugin LauncherChunkInstaller
LogPluginManager: Mounting plugin AndroidDeviceProfileSelector
LogPluginManager: Mounting plugin AndroidMoviePlayer
LogPluginManager: Mounting plugin AndroidPermission
LogPluginManager: Mounting plugin AppleMoviePlayer
LogPluginManager: Mounting plugin ArchVisCharacter
LogPluginManager: Mounting plugin AudioCapture
LogPluginManager: Mounting plugin CableComponent
LogPluginManager: Mounting plugin CustomMeshComponent
LogPluginManager: Mounting plugin EditableMesh
LogPluginManager: Mounting plugin ExampleDeviceProfileSelector
LogPluginManager: Mounting plugin Firebase
LogPluginManager: Mounting plugin GoogleCloudMessaging
LogPluginManager: Mounting plugin IOSDeviceProfileSelector
LogPluginManager: Mounting plugin LinuxDeviceProfileSelector
LogPluginManager: Mounting plugin LocationServicesBPLibrary
LogPluginManager: Mounting plugin MobilePatchingUtils
LogPluginManager: Mounting plugin OculusVR
LogPluginManager: Mounting plugin PhysXVehicles
LogPluginManager: Mounting plugin ProceduralMeshComponent
LogPluginManager: Mounting plugin RuntimePhysXCooking
LogPluginManager: Mounting plugin SteamVR
LogPluginManager: Mounting plugin WebMMoviePlayer
LogPluginManager: Mounting plugin WindowsMoviePlayer
LogStreaming: Display: Took  0.077s to configure plugins.
LogInit: Using libcurl 7.55.1-DEV
LogInit:  - built for x86_64-pc-win32
LogInit:  - supports SSL with OpenSSL/1.0.2h
LogInit:  - supports HTTP deflate (compression) using libz 1.2.8
LogInit:  - other features:
LogInit:      CURL_VERSION_SSL
LogInit:      CURL_VERSION_LIBZ
LogInit:      CURL_VERSION_IPV6
LogInit:      CURL_VERSION_ASYNCHDNS
LogInit:      CURL_VERSION_LARGEFILE
LogInit:      CURL_VERSION_IDN
LogInit:  CurlRequestOptions (configurable via config and command line):
LogInit:  - bVerifyPeer = true  - Libcurl will verify peer certificate
LogInit:  - bUseHttpProxy = false  - Libcurl will NOT use HTTP proxy
LogInit:  - bDontReuseConnections = false  - Libcurl will reuse connections
LogInit:  - MaxHostConnections = 16  - Libcurl will limit the number of connections to a host
LogInit:  - LocalHostAddr = Default
LogInit:  - BufferSize = 65536
LogInit: WinSock: version 1.1 (2.2), MaxSocks=32767, MaxUdp=65467
LogInit: Build: ++UE4+Release-4.21-CL-4753647
LogInit: Engine Version: 4.21.2-4753647+++UE4+Release-4.21
LogInit: Compatible Engine Version: 4.21.0-4541578+++UE4+Release-4.21
LogInit: Net CL: 4541578
LogInit: OS: Windows 10 (), CPU: Intel(R) Core(TM) i7-8750H CPU @ 2.20GHz, GPU: Intel(R) UHD Graphics 630
LogInit: Compiled (64-bit): Jan 19 2019 02:07:31
LogInit: Compiled with Visual C++: 19.13.26129.00
LogInit: Build Configuration: Development
LogInit: Branch Name: ++UE4+Release-4.21
LogInit: Command Line: 
LogInit: Base Directory: C:/Program Files/Epic Games/UE_4.21/Engine/Binaries/Win64/
LogInit: Installed Engine Build: 1
LogDevObjectVersion: Number of dev versions registered: 22
LogDevObjectVersion:   Dev-Blueprints (B0D832E4-1F89-4F0D-ACCF-7EB736FD4AA2): 10
LogDevObjectVersion:   Dev-Build (E1C64328-A22C-4D53-A36C-8E866417BD8C): 0
LogDevObjectVersion:   Dev-Core (375EC13C-06E4-48FB-B500-84F0262A717E): 2
LogDevObjectVersion:   Dev-Editor (E4B068ED-F494-42E9-A231-DA0B2E46BB41): 26
LogDevObjectVersion:   Dev-Framework (CFFC743F-43B0-4480-9391-14DF171D2073): 34
LogDevObjectVersion:   Dev-Mobile (B02B49B5-BB20-44E9-A304-32B752E40360): 2
LogDevObjectVersion:   Dev-Networking (A4E4105C-59A1-49B5-A7C5-40C4547EDFEE): 0
LogDevObjectVersion:   Dev-Online (39C831C9-5AE6-47DC-9A44-9C173E1C8E7C): 0
LogDevObjectVersion:   Dev-Physics (78F01B33-EBEA-4F98-B9B4-84EACCB95AA2): 0
LogDevObjectVersion:   Dev-Platform (6631380F-2D4D-43E0-8009-CF276956A95A): 0
LogDevObjectVersion:   Dev-Rendering (12F88B9F-8875-4AFC-A67C-D90C383ABD29): 27
LogDevObjectVersion:   Dev-Sequencer (7B5AE74C-D270-4C10-A958-57980B212A5A): 9
LogDevObjectVersion:   Dev-VR (D7296918-1DD6-4BDD-9DE2-64A83CC13884): 2
LogDevObjectVersion:   Dev-LoadTimes (C2A15278-BFE7-4AFE-6C17-90FF531DF755): 1
LogDevObjectVersion:   Private-Geometry (6EACA3D4-40EC-4CC1-B786-8BED09428FC5): 3
LogDevObjectVersion:   Dev-AnimPhys (29E575DD-E0A3-4627-9D10-D276232CDCEA): 17
LogDevObjectVersion:   Dev-Anim (AF43A65D-7FD3-4947-9873-3E8ED9C1BB05): 2
LogDevObjectVersion:   Dev-ReflectionCapture (6B266CEC-1EC7-4B8F-A30B-E4D90942FC07): 1
LogDevObjectVersion:   Dev-Automation (0DF73D61-A23F-47EA-B727-89E90C41499A): 1
LogDevObjectVersion:   FortniteMain (601D1886-AC64-4F84-AA16-D3DE0DEAC7D6): 17
LogDevObjectVersion:   Dev-Enterprise (9DFFBCD6-494F-0158-E221-12823C92A888): 4
LogDevObjectVersion:   Dev-Niagara (F2AED0AC-9AFE-416F-8664-AA7FFA26D6FC): 1
LogStreaming: Display: Took  0.002s to delete old logs.
LogInit: Presizing for max 8388607 objects, including 0 objects not considered by GC, pre-allocating 0 bytes for permanent pool.
LogInit: Object subsystem initialized
LogConfig: Setting CVar [[con.DebugEarlyDefault:1]]
LogConfig: Setting CVar [[r.setres:1280x720]]
[2019.02.28-19.42.45:753][  0]LogConfig: Setting CVar [[r.VSync:0]]
[2019.02.28-19.42.45:753][  0]LogConfig: Setting CVar [[r.RHICmdBypass:0]]
[2019.02.28-19.42.45:753][  0]LogConfig: Applying CVar settings from Section [/Script/Engine.RendererSettings] File [D:/humanStuff2/MyProject3/Saved/Config/Windows/Engine.ini]
[2019.02.28-19.42.45:753][  0]LogConfig: Setting CVar [[r.GPUCrashDebugging:0]]
[2019.02.28-19.42.45:753][  0]LogConfig: Applying CVar settings from Section [/Script/Engine.RendererOverrideSettings] File [D:/humanStuff2/MyProject3/Saved/Config/Windows/Engine.ini]
[2019.02.28-19.42.45:753][  0]LogConfig: Applying CVar settings from Section [/Script/Engine.StreamingSettings] File [D:/humanStuff2/MyProject3/Saved/Config/Windows/Engine.ini]
[2019.02.28-19.42.45:753][  0]LogConfig: Setting CVar [[s.MinBulkDataSizeForAsyncLoading:131072]]
[2019.02.28-19.42.45:753][  0]LogConfig: Setting CVar [[s.AsyncLoadingThreadEnabled:0]]
[2019.02.28-19.42.45:753][  0]LogConfig: Setting CVar [[s.EventDrivenLoaderEnabled:1]]
[2019.02.28-19.42.45:753][  0]LogConfig: Setting CVar [[s.WarnIfTimeLimitExceeded:0]]
[2019.02.28-19.42.45:753][  0]LogConfig: Setting CVar [[s.TimeLimitExceededMultiplier:1.5]]
[2019.02.28-19.42.45:753][  0]LogConfig: Setting CVar [[s.TimeLimitExceededMinTime:0.005]]
[2019.02.28-19.42.45:753][  0]LogConfig: Setting CVar [[s.UseBackgroundLevelStreaming:1]]
[2019.02.28-19.42.45:753][  0]LogConfig: Setting CVar [[s.PriorityAsyncLoadingExtraTime:15.0]]
[2019.02.28-19.42.45:753][  0]LogConfig: Setting CVar [[s.LevelStreamingActorsUpdateTimeLimit:5.0]]
[2019.02.28-19.42.45:753][  0]LogConfig: Setting CVar [[s.PriorityLevelStreamingActorsUpdateExtraTime:5.0]]
[2019.02.28-19.42.45:753][  0]LogConfig: Setting CVar [[s.LevelStreamingComponentsRegistrationGranularity:10]]
[2019.02.28-19.42.45:753][  0]LogConfig: Setting CVar [[s.UnregisterComponentsTimeLimit:1.0]]
[2019.02.28-19.42.45:753][  0]LogConfig: Setting CVar [[s.LevelStreamingComponentsUnregistrationGranularity:5]]
[2019.02.28-19.42.45:753][  0]LogConfig: Applying CVar settings from Section [/Script/Engine.GarbageCollectionSettings] File [D:/humanStuff2/MyProject3/Saved/Config/Windows/Engine.ini]
[2019.02.28-19.42.45:753][  0]LogConfig: Setting CVar [[gc.MaxObjectsNotConsideredByGC:1]]
[2019.02.28-19.42.45:753][  0]LogConfig: Setting CVar [[gc.SizeOfPermanentObjectPool:0]]
[2019.02.28-19.42.45:753][  0]LogConfig: Setting CVar [[gc.FlushStreamingOnGC:0]]
[2019.02.28-19.42.45:753][  0]LogConfig: Setting CVar [[gc.NumRetriesBeforeForcingGC:10]]
[2019.02.28-19.42.45:753][  0]LogConfig: Setting CVar [[gc.AllowParallelGC:1]]
[2019.02.28-19.42.45:753][  0]LogConfig: Setting CVar [[gc.TimeBetweenPurgingPendingKillObjects:61.1]]
[2019.02.28-19.42.45:753][  0]LogConfig: Setting CVar [[gc.MaxObjectsInEditor:8388607]]
[2019.02.28-19.42.45:753][  0]LogConfig: Setting CVar [[gc.IncrementalBeginDestroyEnabled:1]]
[2019.02.28-19.42.45:753][  0]LogConfig: Setting CVar [[gc.CreateGCClusters:1]]
[2019.02.28-19.42.45:753][  0]LogConfig: Setting CVar [[gc.MergeGCClusters:0]]
[2019.02.28-19.42.45:753][  0]LogConfig: Setting CVar [[gc.MinGCClusterSize:5]]
[2019.02.28-19.42.45:753][  0]LogConfig: Setting CVar [[gc.ActorClusteringEnabled:0]]
[2019.02.28-19.42.45:753][  0]LogConfig: Setting CVar [[gc.BlueprintClusteringEnabled:0]]
[2019.02.28-19.42.45:754][  0]LogConfig: Setting CVar [[gc.UseDisregardForGCOnDedicatedServers:0]]
[2019.02.28-19.42.45:754][  0]LogConfig: Applying CVar settings from Section [/Script/Engine.NetworkSettings] File [D:/humanStuff2/MyProject3/Saved/Config/Windows/Engine.ini]
[2019.02.28-19.42.45:754][  0]LogConfig: Applying CVar settings from Section [/Script/UnrealEd.CookerSettings] File [D:/humanStuff2/MyProject3/Saved/Config/Windows/Engine.ini]
[2019.02.28-19.42.45:755][  0]LogConfig: Applying CVar settings from Section [ViewDistanceQuality@3] File [D:/humanStuff2/MyProject3/Saved/Config/Windows/Scalability.ini]
[2019.02.28-19.42.45:755][  0]LogConfig: Setting CVar [[r.SkeletalMeshLODBias:0]]
[2019.02.28-19.42.45:755][  0]LogConfig: Setting CVar [[r.ViewDistanceScale:1.0]]
[2019.02.28-19.42.45:755][  0]LogConfig: Applying CVar settings from Section [AntiAliasingQuality@3] File [D:/humanStuff2/MyProject3/Saved/Config/Windows/Scalability.ini]
[2019.02.28-19.42.45:755][  0]LogConfig: Setting CVar [[r.PostProcessAAQuality:3]]
[2019.02.28-19.42.45:755][  0]LogConfig: Applying CVar settings from Section [ShadowQuality@3] File [D:/humanStuff2/MyProject3/Saved/Config/Windows/Scalability.ini]
[2019.02.28-19.42.45:755][  0]LogConfig: Setting CVar [[r.LightFunctionQuality:1]]
[2019.02.28-19.42.45:755][  0]LogConfig: Setting CVar [[r.ShadowQuality:5]]
[2019.02.28-19.42.45:755][  0]LogConfig: Setting CVar [[r.Shadow.CSM.MaxCascades:10]]
[2019.02.28-19.42.45:755][  0]LogConfig: Setting CVar [[r.Shadow.MaxResolution:2048]]
[2019.02.28-19.42.45:755][  0]LogConfig: Setting CVar [[r.Shadow.MaxCSMResolution:2048]]
[2019.02.28-19.42.45:755][  0]LogConfig: Setting CVar [[r.Shadow.RadiusThreshold:0.01]]
[2019.02.28-19.42.45:755][  0]LogConfig: Setting CVar [[r.Shadow.DistanceScale:1.0]]
[2019.02.28-19.42.45:755][  0]LogConfig: Setting CVar [[r.Shadow.CSM.TransitionScale:1.0]]
[2019.02.28-19.42.45:755][  0]LogConfig: Setting CVar [[r.Shadow.PreShadowResolutionFactor:1.0]]
[2019.02.28-19.42.45:755][  0]LogConfig: Setting CVar [[r.DistanceFieldShadowing:1]]
[2019.02.28-19.42.45:755][  0]LogConfig: Setting CVar [[r.DistanceFieldAO:1]]
[2019.02.28-19.42.45:755][  0]LogConfig: Setting CVar [[r.AOQuality:2]]
[2019.02.28-19.42.45:755][  0]LogConfig: Setting CVar [[r.VolumetricFog:1]]
[2019.02.28-19.42.45:755][  0]LogConfig: Setting CVar [[r.VolumetricFog.GridPixelSize:8]]
[2019.02.28-19.42.45:755][  0]LogConfig: Setting CVar [[r.VolumetricFog.GridSizeZ:128]]
[2019.02.28-19.42.45:755][  0]LogConfig: Setting CVar [[r.VolumetricFog.HistoryMissSupersampleCount:4]]
[2019.02.28-19.42.45:755][  0]LogConfig: Setting CVar [[r.LightMaxDrawDistanceScale:1]]
[2019.02.28-19.42.45:755][  0]LogConfig: Setting CVar [[r.CapsuleShadows:1]]
[2019.02.28-19.42.45:755][  0]LogConfig: Applying CVar settings from Section [PostProcessQuality@3] File [D:/humanStuff2/MyProject3/Saved/Config/Windows/Scalability.ini]
[2019.02.28-19.42.45:755][  0]LogConfig: Setting CVar [[r.MotionBlurQuality:0]]
[2019.02.28-19.42.45:755][  0]LogConfig: Setting CVar [[r.AmbientOcclusionMipLevelFactor:0.4]]
[2019.02.28-19.42.45:755][  0]LogConfig: Setting CVar [[r.AmbientOcclusionMaxQuality:100]]
[2019.02.28-19.42.45:755][  0]LogConfig: Setting CVar [[r.AmbientOcclusionLevels:0]]
[2019.02.28-19.42.45:755][  0]LogConfig: Setting CVar [[r.AmbientOcclusionRadiusScale:1.0]]
[2019.02.28-19.42.45:755][  0]LogConfig: Setting CVar [[r.DepthOfFieldQuality:0]]
[2019.02.28-19.42.45:755][  0]LogConfig: Setting CVar [[r.RenderTargetPoolMin:400]]
[2019.02.28-19.42.45:755][  0]LogConfig: Setting CVar [[r.LensFlareQuality:0]]
[2019.02.28-19.42.45:755][  0]LogConfig: Setting CVar [[r.SceneColorFringeQuality:0]]
[2019.02.28-19.42.45:755][  0]LogConfig: Setting CVar [[r.EyeAdaptationQuality:2]]
[2019.02.28-19.42.45:755][  0]LogConfig: Setting CVar [[r.BloomQuality:1]]
[2019.02.28-19.42.45:755][  0]LogConfig: Setting CVar [[r.FastBlurThreshold:0]]
[2019.02.28-19.42.45:755][  0]LogConfig: Setting CVar [[r.Upscale.Quality:3]]
[2019.02.28-19.42.45:755][  0]LogConfig: Setting CVar [[r.Tonemapper.GrainQuantization:1]]
[2019.02.28-19.42.45:755][  0]LogConfig: Setting CVar [[r.LightShaftQuality:1]]
[2019.02.28-19.42.45:755][  0]LogConfig: Setting CVar [[r.Filter.SizeScale:1]]
[2019.02.28-19.42.45:755][  0]LogConfig: Setting CVar [[r.Tonemapper.Quality:5]]
[2019.02.28-19.42.45:755][  0]LogConfig: Setting CVar [[r.DOF.Gather.AccumulatorQuality:1        ; higher gathering accumulator quality]]
[2019.02.28-19.42.45:755][  0]LogConfig: Setting CVar [[r.DOF.Gather.PostfilterMethod:1          ; Median3x3 postfilering method]]
[2019.02.28-19.42.45:755][  0]LogConfig: Setting CVar [[r.DOF.Gather.EnableBokehSettings:0       ; no bokeh simulation when gathering]]
[2019.02.28-19.42.45:755][  0]LogConfig: Setting CVar [[r.DOF.Gather.RingCount:4                 ; medium number of samples when gathering]]
[2019.02.28-19.42.45:755][  0]LogConfig: Setting CVar [[r.DOF.Scatter.ForegroundCompositing:1    ; additive foreground scattering]]
[2019.02.28-19.42.45:755][  0]LogConfig: Setting CVar [[r.DOF.Scatter.BackgroundCompositing:2    ; additive background scattering]]
[2019.02.28-19.42.45:756][  0]LogConfig: Setting CVar [[r.DOF.Scatter.EnableBokehSettings:1      ; bokeh simulation when scattering]]
[2019.02.28-19.42.45:756][  0]LogConfig: Setting CVar [[r.DOF.Scatter.MaxSpriteRatio:0.1         ; only a maximum of 10% of scattered bokeh]]
[2019.02.28-19.42.45:756][  0]LogConfig: Setting CVar [[r.DOF.Recombine.Quality:1                ; cheap slight out of focus]]
[2019.02.28-19.42.45:756][  0]LogConfig: Setting CVar [[r.DOF.Recombine.EnableBokehSettings:0    ; no bokeh simulation on slight out of focus]]
[2019.02.28-19.42.45:756][  0]LogConfig: Setting CVar [[r.DOF.TemporalAAQuality:1                ; more stable temporal accumulation]]
[2019.02.28-19.42.45:756][  0]LogConfig: Setting CVar [[r.DOF.Kernel.MaxForegroundRadius:0.025]]
[2019.02.28-19.42.45:756][  0]LogConfig: Setting CVar [[r.DOF.Kernel.MaxBackgroundRadius:0.025]]
[2019.02.28-19.42.45:756][  0]LogConfig: Applying CVar settings from Section [TextureQuality@3] File [D:/humanStuff2/MyProject3/Saved/Config/Windows/Scalability.ini]
[2019.02.28-19.42.45:756][  0]LogConfig: Setting CVar [[r.Streaming.MipBias:0]]
[2019.02.28-19.42.45:756][  0]LogConfig: Setting CVar [[r.Streaming.AmortizeCPUToGPUCopy:0]]
[2019.02.28-19.42.45:756][  0]LogConfig: Setting CVar [[r.Streaming.MaxNumTexturesToStreamPerFrame:0]]
[2019.02.28-19.42.45:756][  0]LogConfig: Setting CVar [[r.Streaming.Boost:1]]
[2019.02.28-19.42.45:756][  0]LogConfig: Setting CVar [[r.MaxAnisotropy:8]]
[2019.02.28-19.42.45:756][  0]LogConfig: Setting CVar [[r.Streaming.LimitPoolSizeToVRAM:0]]
[2019.02.28-19.42.45:756][  0]LogConfig: Setting CVar [[r.Streaming.PoolSize:1000]]
[2019.02.28-19.42.45:756][  0]LogConfig: Setting CVar [[r.Streaming.MaxEffectiveScreenSize:0]]
[2019.02.28-19.42.45:756][  0]LogConfig: Applying CVar settings from Section [EffectsQuality@3] File [D:/humanStuff2/MyProject3/Saved/Config/Windows/Scalability.ini]
[2019.02.28-19.42.45:756][  0]LogConfig: Setting CVar [[r.TranslucencyLightingVolumeDim:4]]
[2019.02.28-19.42.45:756][  0]LogConfig: Setting CVar [[r.RefractionQuality:2]]
[2019.02.28-19.42.45:756][  0]LogConfig: Setting CVar [[r.SSR.Quality:0]]
[2019.02.28-19.42.45:756][  0]LogConfig: Setting CVar [[r.SceneColorFormat:2]]
[2019.02.28-19.42.45:756][  0]LogConfig: Setting CVar [[r.DetailMode:2]]
[2019.02.28-19.42.45:756][  0]LogConfig: Setting CVar [[r.TranslucencyVolumeBlur:0]]
[2019.02.28-19.42.45:756][  0]LogConfig: Setting CVar [[r.MaterialQualityLevel:1 ; High quality]]
[2019.02.28-19.42.45:756][  0]LogConfig: Setting CVar [[r.SSS.Scale:1]]
[2019.02.28-19.42.45:756][  0]LogConfig: Setting CVar [[r.SSS.SampleSet:2]]
[2019.02.28-19.42.45:756][  0]LogConfig: Setting CVar [[r.SSS.Quality:1]]
[2019.02.28-19.42.45:756][  0]LogConfig: Setting CVar [[r.SSS.HalfRes:1]]
[2019.02.28-19.42.45:756][  0]LogConfig: Setting CVar [[r.EmitterSpawnRateScale:1.0]]
[2019.02.28-19.42.45:756][  0]LogConfig: Setting CVar [[r.ParticleLightQuality:2]]
[2019.02.28-19.42.45:756][  0]LogConfig: Applying CVar settings from Section [FoliageQuality@3] File [D:/humanStuff2/MyProject3/Saved/Config/Windows/Scalability.ini]
[2019.02.28-19.42.45:756][  0]LogConfig: Setting CVar [[foliage.DensityScale:1.0]]
[2019.02.28-19.42.45:756][  0]LogConfig: Setting CVar [[grass.DensityScale:1.0]]
[2019.02.28-19.42.45:756][  0]LogInit: Selected Device Profile: [Windows]
[2019.02.28-19.42.45:756][  0]LogInit: Applying CVar settings loaded from the selected device profile: [Windows]
[2019.02.28-19.42.45:761][  0]LogHAL: Display: Platform has ~ 16 GB [17018638336 / 17179869184 / 16], which maps to Larger [LargestMinGB=32, LargerMinGB=12, DefaultMinGB=8, SmallerMinGB=6, SmallestMinGB=0)
[2019.02.28-19.42.45:761][  0]LogConfig: Setting CVar [[r.Vulkan.UseRealUBs:1]]
[2019.02.28-19.42.45:761][  0]LogInit: Going up to parent DeviceProfile []
[2019.02.28-19.42.45:761][  0]LogConfig: Applying CVar settings from Section [ViewDistanceQuality@3] File [D:/humanStuff2/MyProject3/Saved/Config/Windows/Scalability.ini]
[2019.02.28-19.42.45:761][  0]LogConfig: Setting CVar [[r.SkeletalMeshLODBias:0]]
[2019.02.28-19.42.45:761][  0]LogConfig: Setting CVar [[r.ViewDistanceScale:1.0]]
[2019.02.28-19.42.45:761][  0]LogConfig: Applying CVar settings from Section [AntiAliasingQuality@3] File [D:/humanStuff2/MyProject3/Saved/Config/Windows/Scalability.ini]
[2019.02.28-19.42.45:761][  0]LogConfig: Setting CVar [[r.PostProcessAAQuality:3]]
[2019.02.28-19.42.45:761][  0]LogConfig: Applying CVar settings from Section [ShadowQuality@3] File [D:/humanStuff2/MyProject3/Saved/Config/Windows/Scalability.ini]
[2019.02.28-19.42.45:761][  0]LogConfig: Setting CVar [[r.LightFunctionQuality:1]]
[2019.02.28-19.42.45:761][  0]LogConfig: Setting CVar [[r.ShadowQuality:5]]
[2019.02.28-19.42.45:761][  0]LogConfig: Setting CVar [[r.Shadow.CSM.MaxCascades:10]]
[2019.02.28-19.42.45:761][  0]LogConfig: Setting CVar [[r.Shadow.MaxResolution:2048]]
[2019.02.28-19.42.45:761][  0]LogConfig: Setting CVar [[r.Shadow.MaxCSMResolution:2048]]
[2019.02.28-19.42.45:761][  0]LogConfig: Setting CVar [[r.Shadow.RadiusThreshold:0.01]]
[2019.02.28-19.42.45:761][  0]LogConfig: Setting CVar [[r.Shadow.DistanceScale:1.0]]
[2019.02.28-19.42.45:761][  0]LogConfig: Setting CVar [[r.Shadow.CSM.TransitionScale:1.0]]
[2019.02.28-19.42.45:761][  0]LogConfig: Setting CVar [[r.Shadow.PreShadowResolutionFactor:1.0]]
[2019.02.28-19.42.45:761][  0]LogConfig: Setting CVar [[r.DistanceFieldShadowing:1]]
[2019.02.28-19.42.45:761][  0]LogConfig: Setting CVar [[r.DistanceFieldAO:1]]
[2019.02.28-19.42.45:761][  0]LogConfig: Setting CVar [[r.AOQuality:2]]
[2019.02.28-19.42.45:761][  0]LogConfig: Setting CVar [[r.VolumetricFog:1]]
[2019.02.28-19.42.45:761][  0]LogConfig: Setting CVar [[r.VolumetricFog.GridPixelSize:8]]
[2019.02.28-19.42.45:761][  0]LogConfig: Setting CVar [[r.VolumetricFog.GridSizeZ:128]]
[2019.02.28-19.42.45:761][  0]LogConfig: Setting CVar [[r.VolumetricFog.HistoryMissSupersampleCount:4]]
[2019.02.28-19.42.45:761][  0]LogConfig: Setting CVar [[r.LightMaxDrawDistanceScale:1]]
[2019.02.28-19.42.45:761][  0]LogConfig: Setting CVar [[r.CapsuleShadows:1]]
[2019.02.28-19.42.45:761][  0]LogConfig: Applying CVar settings from Section [PostProcessQuality@3] File [D:/humanStuff2/MyProject3/Saved/Config/Windows/Scalability.ini]
[2019.02.28-19.42.45:761][  0]LogConfig: Setting CVar [[r.MotionBlurQuality:0]]
[2019.02.28-19.42.45:761][  0]LogConfig: Setting CVar [[r.AmbientOcclusionMipLevelFactor:0.4]]
[2019.02.28-19.42.45:761][  0]LogConfig: Setting CVar [[r.AmbientOcclusionMaxQuality:100]]
[2019.02.28-19.42.45:761][  0]LogConfig: Setting CVar [[r.AmbientOcclusionLevels:0]]
[2019.02.28-19.42.45:761][  0]LogConfig: Setting CVar [[r.AmbientOcclusionRadiusScale:1.0]]
[2019.02.28-19.42.45:761][  0]LogConfig: Setting CVar [[r.DepthOfFieldQuality:0]]
[2019.02.28-19.42.45:761][  0]LogConfig: Setting CVar [[r.RenderTargetPoolMin:400]]
[2019.02.28-19.42.45:761][  0]LogConfig: Setting CVar [[r.LensFlareQuality:0]]
[2019.02.28-19.42.45:761][  0]LogConfig: Setting CVar [[r.SceneColorFringeQuality:0]]
[2019.02.28-19.42.45:761][  0]LogConfig: Setting CVar [[r.EyeAdaptationQuality:2]]
[2019.02.28-19.42.45:761][  0]LogConfig: Setting CVar [[r.BloomQuality:1]]
[2019.02.28-19.42.45:761][  0]LogConfig: Setting CVar [[r.FastBlurThreshold:0]]
[2019.02.28-19.42.45:761][  0]LogConfig: Setting CVar [[r.Upscale.Quality:3]]
[2019.02.28-19.42.45:761][  0]LogConfig: Setting CVar [[r.Tonemapper.GrainQuantization:1]]
[2019.02.28-19.42.45:761][  0]LogConfig: Setting CVar [[r.LightShaftQuality:1]]
[2019.02.28-19.42.45:761][  0]LogConfig: Setting CVar [[r.Filter.SizeScale:1]]
[2019.02.28-19.42.45:761][  0]LogConfig: Setting CVar [[r.Tonemapper.Quality:5]]
[2019.02.28-19.42.45:763][  0]LogConfig: Setting CVar [[r.DOF.Gather.AccumulatorQuality:1        ; higher gathering accumulator quality]]
[2019.02.28-19.42.45:763][  0]LogConfig: Setting CVar [[r.DOF.Gather.PostfilterMethod:1          ; Median3x3 postfilering method]]
[2019.02.28-19.42.45:763][  0]LogConfig: Setting CVar [[r.DOF.Gather.EnableBokehSettings:0       ; no bokeh simulation when gathering]]
[2019.02.28-19.42.45:763][  0]LogConfig: Setting CVar [[r.DOF.Gather.RingCount:4                 ; medium number of samples when gathering]]
[2019.02.28-19.42.45:763][  0]LogConfig: Setting CVar [[r.DOF.Scatter.ForegroundCompositing:1    ; additive foreground scattering]]
[2019.02.28-19.42.45:763][  0]LogConfig: Setting CVar [[r.DOF.Scatter.BackgroundCompositing:2    ; additive background scattering]]
[2019.02.28-19.42.45:763][  0]LogConfig: Setting CVar [[r.DOF.Scatter.EnableBokehSettings:1      ; bokeh simulation when scattering]]
[2019.02.28-19.42.45:763][  0]LogConfig: Setting CVar [[r.DOF.Scatter.MaxSpriteRatio:0.1         ; only a maximum of 10% of scattered bokeh]]
[2019.02.28-19.42.45:763][  0]LogConfig: Setting CVar [[r.DOF.Recombine.Quality:1                ; cheap slight out of focus]]
[2019.02.28-19.42.45:763][  0]LogConfig: Setting CVar [[r.DOF.Recombine.EnableBokehSettings:0    ; no bokeh simulation on slight out of focus]]
[2019.02.28-19.42.45:763][  0]LogConfig: Setting CVar [[r.DOF.TemporalAAQuality:1                ; more stable temporal accumulation]]
[2019.02.28-19.42.45:763][  0]LogConfig: Setting CVar [[r.DOF.Kernel.MaxForegroundRadius:0.025]]
[2019.02.28-19.42.45:763][  0]LogConfig: Setting CVar [[r.DOF.Kernel.MaxBackgroundRadius:0.025]]
[2019.02.28-19.42.45:763][  0]LogConfig: Applying CVar settings from Section [TextureQuality@3] File [D:/humanStuff2/MyProject3/Saved/Config/Windows/Scalability.ini]
[2019.02.28-19.42.45:763][  0]LogConfig: Setting CVar [[r.Streaming.MipBias:0]]
[2019.02.28-19.42.45:763][  0]LogConfig: Setting CVar [[r.Streaming.AmortizeCPUToGPUCopy:0]]
[2019.02.28-19.42.45:763][  0]LogConfig: Setting CVar [[r.Streaming.MaxNumTexturesToStreamPerFrame:0]]
[2019.02.28-19.42.45:763][  0]LogConfig: Setting CVar [[r.Streaming.Boost:1]]
[2019.02.28-19.42.45:763][  0]LogConfig: Setting CVar [[r.MaxAnisotropy:8]]
[2019.02.28-19.42.45:763][  0]LogConfig: Setting CVar [[r.Streaming.LimitPoolSizeToVRAM:0]]
[2019.02.28-19.42.45:763][  0]LogConfig: Setting CVar [[r.Streaming.PoolSize:1000]]
[2019.02.28-19.42.45:763][  0]LogConfig: Setting CVar [[r.Streaming.MaxEffectiveScreenSize:0]]
[2019.02.28-19.42.45:763][  0]LogConfig: Applying CVar settings from Section [EffectsQuality@3] File [D:/humanStuff2/MyProject3/Saved/Config/Windows/Scalability.ini]
[2019.02.28-19.42.45:763][  0]LogConfig: Setting CVar [[r.TranslucencyLightingVolumeDim:4]]
[2019.02.28-19.42.45:763][  0]LogConfig: Setting CVar [[r.RefractionQuality:2]]
[2019.02.28-19.42.45:763][  0]LogConfig: Setting CVar [[r.SSR.Quality:0]]
[2019.02.28-19.42.45:763][  0]LogConfig: Setting CVar [[r.SceneColorFormat:2]]
[2019.02.28-19.42.45:763][  0]LogConfig: Setting CVar [[r.DetailMode:2]]
[2019.02.28-19.42.45:763][  0]LogConfig: Setting CVar [[r.TranslucencyVolumeBlur:0]]
[2019.02.28-19.42.45:763][  0]LogConfig: Setting CVar [[r.MaterialQualityLevel:1 ; High quality]]
[2019.02.28-19.42.45:763][  0]LogConfig: Setting CVar [[r.SSS.Scale:1]]
[2019.02.28-19.42.45:763][  0]LogConfig: Setting CVar [[r.SSS.SampleSet:2]]
[2019.02.28-19.42.45:763][  0]LogConfig: Setting CVar [[r.SSS.Quality:1]]
[2019.02.28-19.42.45:763][  0]LogConfig: Setting CVar [[r.SSS.HalfRes:1]]
[2019.02.28-19.42.45:763][  0]LogConfig: Setting CVar [[r.EmitterSpawnRateScale:1.0]]
[2019.02.28-19.42.45:763][  0]LogConfig: Setting CVar [[r.ParticleLightQuality:2]]
[2019.02.28-19.42.45:763][  0]LogConfig: Applying CVar settings from Section [FoliageQuality@3] File [D:/humanStuff2/MyProject3/Saved/Config/Windows/Scalability.ini]
[2019.02.28-19.42.45:763][  0]LogConfig: Setting CVar [[foliage.DensityScale:1.0]]
[2019.02.28-19.42.45:763][  0]LogConfig: Setting CVar [[grass.DensityScale:1.0]]
[2019.02.28-19.42.45:763][  0]LogConfig: Applying CVar settings from Section [Startup] File [../../../Engine/Config/ConsoleVariables.ini]
[2019.02.28-19.42.45:763][  0]LogConfig: Setting CVar [[net.UseAdaptiveNetUpdateFrequency:0]]
[2019.02.28-19.42.45:763][  0]LogConfig: Applying CVar settings from Section [ConsoleVariables] File [D:/humanStuff2/MyProject3/Saved/Config/Windows/Engine.ini]
[2019.02.28-19.42.45:763][  0]LogInit: Computer: MSI
[2019.02.28-19.42.45:763][  0]LogInit: User: Gretchen
[2019.02.28-19.42.45:763][  0]LogInit: CPU Page size=4096, Cores=6
[2019.02.28-19.42.45:763][  0]LogInit: High frequency timer resolution =2.156250 MHz
[2019.02.28-19.42.45:763][  0]LogMemory: Memory total: Physical=15.8GB (16GB approx)
[2019.02.28-19.42.45:763][  0]LogMemory: Platform Memory Stats for Windows
[2019.02.28-19.42.45:763][  0]LogMemory: Process Physical Memory: 110.12 MB used, 110.12 MB peak
[2019.02.28-19.42.45:763][  0]LogMemory: Process Virtual Memory: 106.83 MB used, 106.83 MB peak
[2019.02.28-19.42.45:763][  0]LogMemory: Physical Memory: 4725.87 MB used,  11504.37 MB free, 16230.24 MB total
[2019.02.28-19.42.45:763][  0]LogMemory: Virtual Memory: 4700.05 MB used,  134213024.00 MB free, 134217728.00 MB total
[2019.02.28-19.42.45:938][  0]LogInit: Using OS detected language (en-US).
[2019.02.28-19.42.45:938][  0]LogInit: Using OS detected locale (en-US).
[2019.02.28-19.42.45:939][  0]LogTextLocalizationManager: No specific localization for 'en-US' exists, so the 'en' localization will be used.
[2019.02.28-19.42.46:242][  0]LogStreaming: Display: Took  0.303s to InitEngineTextLocalization.
[2019.02.28-19.42.46:242][  0]LogInit: Setting process to per monitor DPI aware
[2019.02.28-19.42.46:269][  0]LogSlate: New Slate User Created.  User Index 0, Is Virtual User: 0
[2019.02.28-19.42.46:269][  0]LogSlate: Slate User Registered.  User Index 0, Is Virtual User: 0
[2019.02.28-19.42.46:448][  0]LogD3D11RHI: D3D11 adapters:
[2019.02.28-19.42.46:517][  0]LogD3D11RHI:    0. 'NVIDIA GeForce GTX 1060' (Feature Level 11_0)
[2019.02.28-19.42.46:517][  0]LogD3D11RHI:       6052/0/8115 MB DedicatedVideo/DedicatedSystem/SharedSystem, Outputs:1, VendorId:0x10de
[2019.02.28-19.42.46:529][  0]LogD3D11RHI:    1. 'Intel(R) UHD Graphics 630' (Feature Level 11_0)
[2019.02.28-19.42.46:529][  0]LogD3D11RHI:       128/0/8115 MB DedicatedVideo/DedicatedSystem/SharedSystem, Outputs:0, VendorId:0x8086
[2019.02.28-19.42.46:531][  0]LogD3D11RHI:    2. 'Microsoft Basic Render Driver' (Feature Level 11_0)
[2019.02.28-19.42.46:531][  0]LogD3D11RHI:       0/0/8115 MB DedicatedVideo/DedicatedSystem/SharedSystem, Outputs:0, VendorId:0x1414
[2019.02.28-19.42.46:531][  0]LogD3D11RHI: Chosen D3D11 Adapter: 0
[2019.02.28-19.42.46:555][  0]LogD3D11RHI: Creating new Direct3DDevice
[2019.02.28-19.42.46:555][  0]LogD3D11RHI:     GPU DeviceId: 0x1c20 (for the marketing name, search the web for "GPU Device Id")
[2019.02.28-19.42.46:555][  0]LogWindows: EnumDisplayDevices:
[2019.02.28-19.42.46:555][  0]LogWindows:    0. 'Intel(R) UHD Graphics 630' (P:1 D:1)
[2019.02.28-19.42.46:555][  0]LogWindows:    1. 'Intel(R) UHD Graphics 630' (P:0 D:0)
[2019.02.28-19.42.46:556][  0]LogWindows:    2. 'Intel(R) UHD Graphics 630' (P:0 D:0)
[2019.02.28-19.42.46:556][  0]LogWindows:    3. 'NVIDIA GeForce GTX 1060' (P:0 D:0)
[2019.02.28-19.42.46:556][  0]LogWindows:    4. 'NVIDIA GeForce GTX 1060' (P:0 D:0)
[2019.02.28-19.42.46:556][  0]LogWindows:    5. 'NVIDIA GeForce GTX 1060' (P:0 D:0)
[2019.02.28-19.42.46:556][  0]LogWindows:    6. 'NVIDIA GeForce GTX 1060' (P:0 D:0)
[2019.02.28-19.42.46:556][  0]LogWindows: DebugString: PrimaryIsNotTheChoosenAdapter PrimaryIsNotTheChoosenAdapter PrimaryIsNotTheChoosenAdapter FoundDriverCount:4 
[2019.02.28-19.42.46:556][  0]LogD3D11RHI:     Adapter Name: NVIDIA GeForce GTX 1060
[2019.02.28-19.42.46:556][  0]LogD3D11RHI:   Driver Version: 398.35 (internal:24.21.13.9835, unified:398.35)
[2019.02.28-19.42.46:556][  0]LogD3D11RHI:      Driver Date: 6-21-2018
[2019.02.28-19.42.46:556][  0]LogRHI: Texture pool is 4236 MB (70% of 6052 MB)
[2019.02.28-19.42.46:592][  0]LogD3D11RHI: Async texture creation enabled
[2019.02.28-19.42.46:608][  0]LogD3D11RHI: GPU Timing Frequency: 1000.000000 (Debug: 2 2)
[2019.02.28-19.42.47:040][  0]LogTemp: Display: Loaded TP AllDesktopTargetPlatform
[2019.02.28-19.42.47:051][  0]LogTemp: Display: Loaded TP MacClientTargetPlatform
[2019.02.28-19.42.47:062][  0]LogTemp: Display: Loaded TP MacNoEditorTargetPlatform
[2019.02.28-19.42.47:073][  0]LogTemp: Display: Loaded TP MacServerTargetPlatform
[2019.02.28-19.42.47:084][  0]LogTemp: Display: Loaded TP MacTargetPlatform
[2019.02.28-19.42.47:095][  0]LogTemp: Display: Loaded TP WindowsClientTargetPlatform
[2019.02.28-19.42.47:105][  0]LogTemp: Display: Loaded TP WindowsNoEditorTargetPlatform
[2019.02.28-19.42.47:116][  0]LogTemp: Display: Loaded TP WindowsServerTargetPlatform
[2019.02.28-19.42.47:121][  0]LogTemp: Display: Loaded TP WindowsTargetPlatform
[2019.02.28-19.42.47:178][  0]LogTemp: Display: Loaded TP AndroidTargetPlatform
[2019.02.28-19.42.47:178][  0]LogTemp: Display: Loaded TP AndroidTargetPlatform
[2019.02.28-19.42.47:178][  0]LogTemp: Display: Loaded TP AndroidTargetPlatform
[2019.02.28-19.42.47:178][  0]LogTemp: Display: Loaded TP AndroidTargetPlatform
[2019.02.28-19.42.47:178][  0]LogTemp: Display: Loaded TP AndroidTargetPlatform
[2019.02.28-19.42.47:178][  0]LogTemp: Display: Loaded TP AndroidTargetPlatform
[2019.02.28-19.42.47:178][  0]LogTemp: Display: Loaded TP AndroidTargetPlatform
[2019.02.28-19.42.47:178][  0]LogTemp: Display: Loaded TP AndroidTargetPlatform
[2019.02.28-19.42.47:178][  0]LogTemp: Display: Loaded TP AndroidTargetPlatform
[2019.02.28-19.42.47:178][  0]LogTemp: Display: Loaded TP AndroidTargetPlatform
[2019.02.28-19.42.47:178][  0]LogTemp: Display: Loaded TP AndroidTargetPlatform
[2019.02.28-19.42.47:178][  0]LogTemp: Display: Loaded TP AndroidTargetPlatform
[2019.02.28-19.42.47:178][  0]LogTemp: Display: Loaded TP AndroidTargetPlatform
[2019.02.28-19.42.47:178][  0]LogTemp: Display: Loaded TP AndroidTargetPlatform
[2019.02.28-19.42.47:178][  0]LogTemp: Display: Loaded TP AndroidTargetPlatform
[2019.02.28-19.42.47:178][  0]LogTemp: Display: Loaded TP AndroidTargetPlatform
[2019.02.28-19.42.47:178][  0]LogTemp: Display: Loaded TP AndroidTargetPlatform
[2019.02.28-19.42.47:178][  0]LogTemp: Display: Loaded TP AndroidTargetPlatform
[2019.02.28-19.42.47:180][  0]LogTemp: Display: Loaded TP HTML5TargetPlatform
[2019.02.28-19.42.47:235][  0]LogTemp: Display: Loaded TP IOSTargetPlatform
[2019.02.28-19.42.47:235][  0]LogTemp: Display: Loaded TP IOSTargetPlatform
[2019.02.28-19.42.47:253][  0]LogTemp: Display: Loaded TP TVOSTargetPlatform
[2019.02.28-19.42.47:253][  0]LogTemp: Display: Loaded TP TVOSTargetPlatform
[2019.02.28-19.42.47:263][  0]LogTemp: Display: Loaded TP LinuxClientTargetPlatform
[2019.02.28-19.42.47:273][  0]LogTemp: Display: Loaded TP LinuxNoEditorTargetPlatform
[2019.02.28-19.42.47:283][  0]LogTemp: Display: Loaded TP LinuxServerTargetPlatform
[2019.02.28-19.42.47:294][  0]LogTemp: Display: Loaded TP LinuxTargetPlatform
[2019.02.28-19.42.47:330][  0]LogTemp: Display: Loaded TP LuminTargetPlatform
[2019.02.28-19.42.47:330][  0]LogTemp: Display: Loaded TP LuminTargetPlatform
[2019.02.28-19.42.47:330][  0]LogTargetPlatformManager: Display: Building Assets For Windows
[2019.02.28-19.42.47:383][  0]LogShaderCompilers: Guid format shader working directory is 24 characters bigger than the processId version (D:/humanStuff2/MyProject3/Intermediate/Shaders/WorkingDirectory/7800/).
[2019.02.28-19.42.47:383][  0]LogShaderCompilers: Cleaned the shader compiler working directory 'C:/Users/Gretchen/AppData/Local/Temp/UnrealShaderWorkingDir/24498455466EEF43B9B8D98AB0721967/'.
[2019.02.28-19.42.47:385][  0]LogXGEController: Cleaning working directory: C:/Users/Gretchen/AppData/Local/Temp/UnrealXGEWorkingDir/
[2019.02.28-19.42.47:385][  0]LogXGEController: Cannot use XGE Controller as Incredibuild is not installed on this machine.
[2019.02.28-19.42.47:385][  0]LogShaderCompilers: Cannot use XGE Shader Compiler as Incredibuild is not installed on this machine.
[2019.02.28-19.42.47:385][  0]LogShaderCompilers: Display: Using Local Shader Compiler.
[2019.02.28-19.42.47:816][  0]LogDerivedDataCache: Display: Max Cache Size: 512 MB
[2019.02.28-19.42.47:858][  0]LogDerivedDataCache: Loaded boot cache 0.04s 71MB C:/Users/Gretchen/AppData/Local/UnrealEngine/4.21/DerivedDataCache/Boot.ddc.
[2019.02.28-19.42.47:858][  0]LogDerivedDataCache: Display: Loaded Boot cache: C:/Users/Gretchen/AppData/Local/UnrealEngine/4.21/DerivedDataCache/Boot.ddc
[2019.02.28-19.42.47:858][  0]LogDerivedDataCache: FDerivedDataBackendGraph:  Pak pak cache file D:/humanStuff2/MyProject3/DerivedDataCache/DDC.ddp not found, will not use a pak cache.
[2019.02.28-19.42.47:858][  0]LogDerivedDataCache: Unable to find inner node Pak for hierarchical cache Hierarchy.
[2019.02.28-19.42.47:858][  0]LogDerivedDataCache: FDerivedDataBackendGraph:  CompressedPak pak cache file D:/humanStuff2/MyProject3/DerivedDataCache/Compressed.ddp not found, will not use a pak cache.
[2019.02.28-19.42.47:858][  0]LogDerivedDataCache: Unable to find inner node CompressedPak for hierarchical cache Hierarchy.
[2019.02.28-19.42.47:869][  0]LogDerivedDataCache: Display: Pak cache opened for reading ../../../Engine/DerivedDataCache/Compressed.ddp.
[2019.02.28-19.42.47:869][  0]LogDerivedDataCache: FDerivedDataBackendGraph:  EnterprisePak pak cache file ../../../Enterprise/DerivedDataCache/Compressed.ddp not found, will not use a pak cache.
[2019.02.28-19.42.47:869][  0]LogDerivedDataCache: Unable to find inner node EnterprisePak for hierarchical cache Hierarchy.
[2019.02.28-19.42.47:882][  0]LogDerivedDataCache: Using Local data cache path C:/Users/Gretchen/AppData/Local/UnrealEngine/Common/DerivedDataCache: Writable
[2019.02.28-19.42.47:882][  0]LogDerivedDataCache: Shared data cache path not found in *engine.ini, will not use an Shared cache.
[2019.02.28-19.42.47:882][  0]LogDerivedDataCache: Unable to find inner node Shared for hierarchical cache Hierarchy.
[2019.02.28-19.42.47:900][  0]LogMaterial: Verifying Global Shaders for PCD3D_SM5
[2019.02.28-19.42.47:901][  0]LogSlate: Using FreeType 2.6.0
[2019.02.28-19.42.47:902][  0]LogSlate: SlateFontServices - WITH_FREETYPE: 1, WITH_HARFBUZZ: 1
[2019.02.28-19.42.47:979][  0]LogAssetRegistry: FAssetRegistry took 0.0310 seconds to start up
[2019.02.28-19.42.48:222][  0]LogInit: Selected Device Profile: [Windows]
[2019.02.28-19.42.48:346][  0]LogSimplygon: Simplygon DLL not present - disabling.
[2019.02.28-19.42.48:349][  0]LogMeshReduction: Using SimplygonSwarm for distributed automatic mesh merging
[2019.02.28-19.42.48:349][  0]LogMeshReduction: Using ProxyLODMeshReduction for automatic mesh merging
[2019.02.28-19.42.48:349][  0]LogMeshReduction: Using QuadricMeshReduction for automatic static mesh reduction
[2019.02.28-19.42.48:349][  0]LogMeshReduction: No automatic skeletal mesh reduction module available
[2019.02.28-19.42.48:365][  0]LogNetVersion: MyProject3 1.0.0, NetCL: 4541578, EngineNetVer: 5, GameNetVer: 0 (Checksum: 2916331349)
[2019.02.28-19.42.48:761][  0]LogPackageLocalizationCache: Processed 11 localized package path(s) for 2 prioritized culture(s) in 0.057691 seconds
[2019.02.28-19.42.48:766][  0]LogUObjectArray: 39775 objects as part of root set at end of initial load.
[2019.02.28-19.42.48:766][  0]LogUObjectAllocator: 6914656 out of 0 bytes used by permanent object pool.
[2019.02.28-19.42.48:766][  0]LogUObjectArray: CloseDisregardForGC: 0/0 objects in disregard for GC pool
[2019.02.28-19.42.49:523][  0]LogTcpMessaging: Initializing TcpMessaging bridge
[2019.02.28-19.42.49:536][  0]LogUdpMessaging: Initializing bridge on interface 0.0.0.0:0 to multicast group 230.0.0.1:6666.
[2019.02.28-19.42.50:360][  0]SourceControl: Source control is disabled
[2019.02.28-19.42.50:360][  0]SourceControl: Source control is disabled
[2019.02.28-19.42.50:362][  0]SourceControl: Source control is disabled
[2019.02.28-19.42.50:363][  0]SourceControl: Source control is disabled
[2019.02.28-19.42.50:514][  0]LogAndroidPermission: UAndroidPermissionCallbackProxy::GetInstance
[2019.02.28-19.42.50:733][  0]LogOcInput: OculusInput pre-init called
[2019.02.28-19.42.50:858][  0]LogEngine: Initializing Engine...
[2019.02.28-19.42.50:858][  0]LogHMD: Oculus plugin initialized. Version: 4.21.2-4753647+++UE4+Release-4.21, OVRPlugin: 1.28.0
[2019.02.28-19.42.50:859][  0]LogStats: UGameplayTagsManager::ConstructGameplayTagTree: ImportINI prefixes -  0.000 s
[2019.02.28-19.42.50:859][  0]LogStats: UGameplayTagsManager::ConstructGameplayTagTree: Construct from data asset -  0.000 s
[2019.02.28-19.42.50:859][  0]LogStats: UGameplayTagsManager::ConstructGameplayTagTree: ImportINI -  0.000 s
[2019.02.28-19.42.50:859][  0]LogStats: UGameplayTagsManager::ConstructGameplayTagTree: GameplayTagTreeChangedEvent.Broadcast -  0.000 s
[2019.02.28-19.42.51:055][  0]LogInit: Initializing FReadOnlyCVARCache
[2019.02.28-19.42.51:067][  0]LogAIModule: Creating AISystem for world Untitled
[2019.02.28-19.42.51:081][  0]LogInit: XAudio2 using 'Speakers (2- Realtek(R) Audio)' : 6 channels at 48 kHz using 32 bits per sample (channel mask 0x3f)
[2019.02.28-19.42.51:234][  0]LogInit: FAudioDevice initialized.
[2019.02.28-19.42.51:234][  0]LogNetVersion: Set ProjectVersion to 1.0.0.0. Version Checksum will be recalculated on next use.
[2019.02.28-19.42.51:372][  0]LogDerivedDataCache: Saved boot cache 0.14s 71MB C:/Users/Gretchen/AppData/Local/UnrealEngine/4.21/DerivedDataCache/Boot.ddc.
[2019.02.28-19.42.51:379][  0]LogInit: Texture streaming: Enabled
[2019.02.28-19.42.51:397][  0]LogEngineSessionManager: EngineSessionManager initialized
[2019.02.28-19.42.51:397][  0]LogEngineSessionManager: EngineSessionManager sent abnormal shutdown report. Type=Crashed, SessionId={9BEE5BAE-4312-5271-2B37-2D9F142DBB9F}
[2019.02.28-19.42.51:408][  0]LogInit: Transaction tracking system initialized
[2019.02.28-19.42.51:428][  0]BlueprintLog: New page: Editor Load
[2019.02.28-19.42.51:493][  0]LocalizationService: Localization service is disabled
[2019.02.28-19.42.51:852][  0]LogFileCache: Scanning file cache for directory 'D:/humanStuff2/MyProject3/Content/' took 0.01s
[2019.02.28-19.42.51:852][  0]LogCook: Display: Max memory allowance for cook 16384mb min free memory 0mb
[2019.02.28-19.42.51:852][  0]LogCook: Display: Mobile HDR setting 1
[2019.02.28-19.42.51:852][  0]LogGameplayTags: Display: UGameplayTagsManager::DoneAddingNativeTags. DelegateIsBound: 0
[2019.02.28-19.42.51:852][  0]LogStats: UGameplayTagsManager::ConstructGameplayTagTree: ImportINI prefixes -  0.000 s
[2019.02.28-19.42.51:852][  0]LogStats: UGameplayTagsManager::ConstructGameplayTagTree: Construct from data asset -  0.000 s
[2019.02.28-19.42.51:852][  0]LogStats: UGameplayTagsManager::ConstructGameplayTagTree: ImportINI -  0.000 s
[2019.02.28-19.42.51:853][  0]LogStats: UGameplayTagsManager::ConstructGameplayTagTree: GameplayTagTreeChangedEvent.Broadcast -  0.000 s
[2019.02.28-19.42.51:957][  0]SourceControl: Source control is disabled
[2019.02.28-19.42.51:958][  0]Cmd: MAP LOAD FILE="D:/humanStuff2/MyProject3/Content/StarterContent/Maps/Minimal_Default_2.umap" TEMPLATE=0 SHOWPROGRESS=1 FEATURELEVEL=3
[2019.02.28-19.42.51:958][  0]LightingResults: New page: Lighting Build
[2019.02.28-19.42.51:960][  0]MapCheck: New page: Map Check
[2019.02.28-19.42.51:960][  0]LightingResults: New page: Lighting Build
[2019.02.28-19.42.52:697][  0]LoadErrors: Warning: hs_cake Min LOD value of 1 is out of range 0..0 and has been adjusted to 0. Please verify and resave the asset.
[2019.02.28-19.42.52:698][  0]LoadErrors: Warning: hs_concreteBumper Min LOD value of 1 is out of range 0..0 and has been adjusted to 0. Please verify and resave the asset.
[2019.02.28-19.42.52:700][  0]LoadErrors: Warning: hs_groundPlane Min LOD value of 1 is out of range 0..0 and has been adjusted to 0. Please verify and resave the asset.
[2019.02.28-19.42.52:700][  0]LoadErrors: Warning: hs_lampTree Min LOD value of 1 is out of range 0..0 and has been adjusted to 0. Please verify and resave the asset.
[2019.02.28-19.42.52:701][  0]LoadErrors: Warning: hs_parkingMedian Min LOD value of 1 is out of range 0..0 and has been adjusted to 0. Please verify and resave the asset.
[2019.02.28-19.42.52:704][  0]LoadErrors: Warning: shelves Min LOD value of 1 is out of range 0..0 and has been adjusted to 0. Please verify and resave the asset.
[2019.02.28-19.42.52:705][  0]LoadErrors: Warning: skybox2 Min LOD value of 1 is out of range 0..0 and has been adjusted to 0. Please verify and resave the asset.
[2019.02.28-19.42.53:032][  0]LoadErrors: Warning: hs_vase Min LOD value of 1 is out of range 0..0 and has been adjusted to 0. Please verify and resave the asset.
[2019.02.28-19.42.53:041][  0]LoadErrors: Warning: hs_diamond Min LOD value of 1 is out of range 0..0 and has been adjusted to 0. Please verify and resave the asset.
[2019.02.28-19.42.53:170][  0]LogAIModule: Creating AISystem for world Minimal_Default_2
[2019.02.28-19.42.53:182][  0]LogSlate: New Slate User Created.  User Index 8, Is Virtual User: 1
[2019.02.28-19.42.53:182][  0]LogSlate: Slate User Registered.  User Index 8, Is Virtual User: 1
[2019.02.28-19.42.53:192][  0]LogEditorServer: Finished looking for orphan Actors (0.000 secs)
[2019.02.28-19.42.53:217][  0]Cmd: MAP CHECKDEP NOCLEARLOG
[2019.02.28-19.42.53:217][  0]MapCheck: Map check complete: 0 Error(s), 0 Warning(s), took 0.106ms to complete.
[2019.02.28-19.42.53:217][  0]LogFileHelpers: Loading map 'Minimal_Default_2' took 1.259
[2019.02.28-19.42.53:302][  0]LogSlate: Updating window title bar state: overlay mode, drag disabled, window buttons hidden, title bar hidden
[2019.02.28-19.42.53:307][  0]LogSlate: Updating window title bar state: overlay mode, drag disabled, window buttons hidden, title bar hidden
[2019.02.28-19.42.53:312][  0]LogSlate: Updating window title bar state: overlay mode, drag disabled, window buttons hidden, title bar hidden
[2019.02.28-19.42.53:317][  0]LogSlate: Updating window title bar state: overlay mode, drag disabled, window buttons hidden, title bar hidden
[2019.02.28-19.42.53:323][  0]LogCollectionManager: Loaded 0 collections in 0.001522 seconds
[2019.02.28-19.42.53:338][  0]LogFileCache: Scanning file cache for directory 'D:/humanStuff2/MyProject3/Saved/Collections/' took 0.01s
[2019.02.28-19.42.53:338][  0]LogFileCache: Scanning file cache for directory 'D:/humanStuff2/MyProject3/Content/Developers/Gretchen/Collections/' took 0.00s
[2019.02.28-19.42.53:338][  0]LogFileCache: Scanning file cache for directory 'D:/humanStuff2/MyProject3/Content/Collections/' took 0.00s
[2019.02.28-19.42.53:338][  0]LogCollectionManager: Rebuilt the GUID cache for 0 collections in 0.000000 seconds
[2019.02.28-19.42.53:345][  0]LogContentBrowser: Native class hierarchy populated in 0.0065 seconds. Added 2651 classes and 620 folders.
[2019.02.28-19.42.53:350][  0]LogContentBrowser: Native class hierarchy updated for 'WidgetCarousel' in 0.0002 seconds. Added 0 classes and 0 folders.
[2019.02.28-19.42.53:351][  0]LogPakFile: Registered encryption key '00000000000000000000000000000000': 0 pak files mounted, 0 remain pending
[2019.02.28-19.42.53:352][  0]LogPakFile: Registered encryption key '00000000000000000000000000000000': 0 pak files mounted, 0 remain pending
[2019.02.28-19.42.53:352][  0]LogPakFile: Registered encryption key '00000000000000000000000000000000': 0 pak files mounted, 0 remain pending
[2019.02.28-19.42.53:353][  0]LogPakFile: Registered encryption key '00000000000000000000000000000000': 0 pak files mounted, 0 remain pending
[2019.02.28-19.42.53:353][  0]LogPakFile: Registered encryption key '00000000000000000000000000000000': 0 pak files mounted, 0 remain pending
[2019.02.28-19.42.53:353][  0]LogPakFile: Registered encryption key '00000000000000000000000000000000': 0 pak files mounted, 0 remain pending
[2019.02.28-19.42.53:354][  0]LogPakFile: Registered encryption key '00000000000000000000000000000000': 0 pak files mounted, 0 remain pending
[2019.02.28-19.42.53:354][  0]LogPakFile: Registered encryption key '00000000000000000000000000000000': 0 pak files mounted, 0 remain pending
[2019.02.28-19.42.53:354][  0]LogPakFile: Registered encryption key '00000000000000000000000000000000': 0 pak files mounted, 0 remain pending
[2019.02.28-19.42.53:355][  0]LogPakFile: Registered encryption key '00000000000000000000000000000000': 0 pak files mounted, 0 remain pending
[2019.02.28-19.42.53:355][  0]LogPakFile: Registered encryption key '00000000000000000000000000000000': 0 pak files mounted, 0 remain pending
[2019.02.28-19.42.53:356][  0]LogPakFile: Registered encryption key '00000000000000000000000000000000': 0 pak files mounted, 0 remain pending
[2019.02.28-19.42.53:356][  0]LogPakFile: Registered encryption key '00000000000000000000000000000000': 0 pak files mounted, 0 remain pending
[2019.02.28-19.42.53:356][  0]LogPakFile: Registered encryption key '00000000000000000000000000000000': 0 pak files mounted, 0 remain pending
[2019.02.28-19.42.53:357][  0]LogPakFile: Registered encryption key '00000000000000000000000000000000': 0 pak files mounted, 0 remain pending
[2019.02.28-19.42.53:357][  0]LogPakFile: Registered encryption key '00000000000000000000000000000000': 0 pak files mounted, 0 remain pending
[2019.02.28-19.42.53:357][  0]LogPakFile: Registered encryption key '00000000000000000000000000000000': 0 pak files mounted, 0 remain pending
[2019.02.28-19.42.53:358][  0]LogPakFile: Registered encryption key '00000000000000000000000000000000': 0 pak files mounted, 0 remain pending
[2019.02.28-19.42.53:358][  0]LogPakFile: Registered encryption key '00000000000000000000000000000000': 0 pak files mounted, 0 remain pending
[2019.02.28-19.42.53:359][  0]LogPakFile: Registered encryption key '00000000000000000000000000000000': 0 pak files mounted, 0 remain pending
[2019.02.28-19.42.53:359][  0]LogPakFile: Registered encryption key '00000000000000000000000000000000': 0 pak files mounted, 0 remain pending
[2019.02.28-19.42.53:359][  0]LogPakFile: Registered encryption key '00000000000000000000000000000000': 0 pak files mounted, 0 remain pending
[2019.02.28-19.42.53:360][  0]LogPakFile: Registered encryption key '00000000000000000000000000000000': 0 pak files mounted, 0 remain pending
[2019.02.28-19.42.53:360][  0]LogPakFile: Registered encryption key '00000000000000000000000000000000': 0 pak files mounted, 0 remain pending
[2019.02.28-19.42.53:361][  0]LogPakFile: Registered encryption key '00000000000000000000000000000000': 0 pak files mounted, 0 remain pending
[2019.02.28-19.42.53:361][  0]LogPakFile: Registered encryption key '00000000000000000000000000000000': 0 pak files mounted, 0 remain pending
[2019.02.28-19.42.53:391][  0]LogContentBrowser: Native class hierarchy updated for 'AddContentDialog' in 0.0002 seconds. Added 0 classes and 0 folders.
[2019.02.28-19.42.53:395][  0]LogContentBrowser: Native class hierarchy updated for 'SceneOutliner' in 0.0002 seconds. Added 1 classes and 2 folders.
[2019.02.28-19.42.53:408][  0]LogSlate: Took 0.000149 seconds to synchronously load lazily loaded font '../../../Engine/Content/Slate/Fonts/Roboto-Regular.ttf' (155K)
[2019.02.28-19.42.53:409][  0]LogSlate: Took 0.000119 seconds to synchronously load lazily loaded font '../../../Engine/Content/Slate/Fonts/Roboto-Bold.ttf' (160K)
[2019.02.28-19.42.53:414][  0]LogSlate: Took 0.000384 seconds to synchronously load lazily loaded font '../../../Engine/Content/Editor/Slate/Fonts/FontAwesome.ttf' (139K)
[2019.02.28-19.42.53:477][  0]LogRenderer: Reallocating scene render targets to support 836x436 Format 26 NumSamples 1 (Frame:1).
[2019.02.28-19.42.53:588][  0]LogContentBrowser: Native class hierarchy updated for 'HierarchicalLODOutliner' in 0.0002 seconds. Added 0 classes and 0 folders.
[2019.02.28-19.42.53:588][  0]LogLoad: (Engine Initialization) Total time: 9.71 seconds
[2019.02.28-19.42.53:588][  0]LogLoad: (Engine Initialization) Total Blueprint compile time: 0.00 seconds
[2019.02.28-19.42.53:608][  0]LogWindowsTextInputMethodSystem: Display: IME system now deactivated.
[2019.02.28-19.42.53:609][  0]LogOcInput: OculusInput is initialized
[2019.02.28-19.42.53:661][  0]LogContentStreaming: Texture pool size now 1000 MB
[2019.02.28-19.42.53:666][  0]LogSlate: FSceneViewport::OnFocusLost() reason 2
[2019.02.28-19.42.53:768][  1]LogCollectionManager: Rebuilt the object cache for 0 collections in 0.000000 seconds (found 0 objects)
[2019.02.28-19.42.53:977][  4]LogAssetRegistry: Asset discovery search completed in 6.0213 seconds
[2019.02.28-19.42.53:979][  4]LogCollectionManager: Fixed up redirectors for 0 collections in 0.000004 seconds (updated 0 objects)
[2019.02.28-19.42.54:625][ 42]LogSlate: Took 0.000156 seconds to synchronously load lazily loaded font '../../../Engine/Content/Slate/Fonts/Roboto-Light.ttf' (167K)
[2019.02.28-19.43.01:543][451]LogSlate: Window 'Message Log' being destroyed
[2019.02.28-19.43.01:547][451]LogSlate: Window 'Message Log' being destroyed
[2019.02.28-19.43.10:899][ 12]LogEditorViewport: Clicking on Actor (LMB): TutorailCarts_C (TutorailCarts2)
[2019.02.28-19.43.12:230][ 90]LogSlate: FSceneViewport::OnFocusLost() reason 0
[2019.02.28-19.43.12:305][ 94]LogAssetEditorManager: Opening Asset editor for Blueprint /Game/Blueprints/TutorailCarts.TutorailCarts
[2019.02.28-19.43.12:720][ 94]LogContentBrowser: Native class hierarchy updated for 'BlueprintGraph' in 0.0005 seconds. Added 117 classes and 0 folders.
[2019.02.28-19.43.13:346][ 94]LogSlate: Took 0.000160 seconds to synchronously load lazily loaded font '../../../Engine/Content/Slate/Fonts/Roboto-BoldCondensed.ttf' (158K)
[2019.02.28-19.43.13:500][ 95]LogSlate: Took 0.000125 seconds to synchronously load lazily loaded font '../../../Engine/Content/Slate/Fonts/Roboto-Italic.ttf' (157K)
[2019.02.28-19.43.20:937][538]LogRenderer: Reallocating scene render targets to support 912x540 Format 26 NumSamples 1 (Frame:1).
[2019.02.28-19.43.40:883][717]BlueprintLog: New page: Compile TutorailCarts
[2019.02.28-19.44.48:568][635]BlueprintLog: New page: Compile TutorailCarts
[2019.02.28-19.45.21:977][623]LogSlate: Window 'TutorailCarts*' being destroyed
[2019.02.28-19.45.21:982][623]LogSlate: Window 'TutorailCarts*' being destroyed
[2019.02.28-19.45.48:335][198]LogTemp: Repeating last play command: VR Preview
[2019.02.28-19.45.48:351][198]LogBlueprintUserMessages: Early PlayInEditor Detection: Level '/Game/StarterContent/Maps/Minimal_Default_2.Minimal_Default_2:PersistentLevel' has LevelScriptBlueprint '/Game/StarterContent/Maps/Minimal_Default_2.Minimal_Default_2:PersistentLevel.Minimal_Default_2' with GeneratedClass '/Game/StarterContent/Maps/Minimal_Default_2.Minimal_Default_2_C' with ClassGeneratedBy '/Game/StarterContent/Maps/Minimal_Default_2.Minimal_Default_2:PersistentLevel.Minimal_Default_2'
[2019.02.28-19.45.48:351][198]LogPlayLevel: PlayLevel: No blueprints needed recompiling
[2019.02.28-19.45.48:351][198]LogHMD: Initializing OVRPlugin session
[2019.02.28-19.45.48:607][198]PIE: New page: PIE session: Minimal_Default_2 (Feb 28, 2019, 9:45:48 AM)
[2019.02.28-19.45.48:620][198]LogPlayLevel: Creating play world package: /Game/StarterContent/Maps/UEDPIE_0_Minimal_Default_2
[2019.02.28-19.45.48:646][198]LogPlayLevel: PIE: StaticDuplicateObject took: (0.025480s)
[2019.02.28-19.45.48:646][198]LogAIModule: Creating AISystem for world Minimal_Default_2
[2019.02.28-19.45.48:646][198]LogPlayLevel: PIE: World Init took: (0.000742s)
[2019.02.28-19.45.48:647][198]LogPlayLevel: PIE: Created PIE world by copying editor world from /Game/StarterContent/Maps/Minimal_Default_2.Minimal_Default_2 to /Game/StarterContent/Maps/UEDPIE_0_Minimal_Default_2.Minimal_Default_2 (0.026516s)
[2019.02.28-19.45.48:690][198]LogInit: XAudio2 using 'Headphones (2- Rift Audio)' : 2 channels at 48 kHz using 16 bits per sample (channel mask 0x3)
[2019.02.28-19.45.48:703][198]LogInit: FAudioDevice initialized.
[2019.02.28-19.45.48:710][198]LogSlate: Updating window title bar state: overlay mode, drag disabled, window buttons hidden, title bar hidden
[2019.02.28-19.45.48:785][198]LogHMD: Allocating Oculus 2656 x 1584 rendertarget swapchain
[2019.02.28-19.45.48:825][198]LogLoad: Game class is 'GameModeBase'
[2019.02.28-19.45.48:830][198]LogWorld: Bringing World /Game/StarterContent/Maps/UEDPIE_0_Minimal_Default_2.Minimal_Default_2 up for play (max tick rate 0) at 2019.02.28-14.45.48
[2019.02.28-19.45.48:831][198]LogWorld: Bringing up level for play took: 0.005129
[2019.02.28-19.45.48:856][198]LogContentBrowser: Native class hierarchy updated for 'MovieSceneCapture' in 0.0003 seconds. Added 20 classes and 0 folders.
[2019.02.28-19.45.48:857][198]Cmd: vr.bEnableStereo True
[2019.02.28-19.45.48:857][198]LogBlueprintUserMessages: Warning: SetTimer passed a bad function (TimeFunctionTick) or object (MotionControllerPawn_2)
[2019.02.28-19.45.48:857][198]LogBlueprintUserMessages: [MotionControllerPawn_2] 















Make_Hands
[2019.02.28-19.45.48:859][198]LogBlueprintUserMessages: [MotionControllerPawn_2] 









Left
[2019.02.28-19.45.48:860][198]LogBlueprintUserMessages: [MotionControllerPawn_2] 











Right
[2019.02.28-19.45.48:863][198]PIE: Play in editor start time for /Game/StarterContent/Maps/UEDPIE_0_Minimal_Default_2 1.113
[2019.02.28-19.45.48:864][198]LogBlueprintUserMessages: Late PlayInEditor Detection: Level '/Game/StarterContent/Maps/Minimal_Default_2.Minimal_Default_2:PersistentLevel' has LevelScriptBlueprint '/Game/StarterContent/Maps/Minimal_Default_2.Minimal_Default_2:PersistentLevel.Minimal_Default_2' with GeneratedClass '/Game/StarterContent/Maps/Minimal_Default_2.Minimal_Default_2_C' with ClassGeneratedBy '/Game/StarterContent/Maps/Minimal_Default_2.Minimal_Default_2:PersistentLevel.Minimal_Default_2'
[2019.02.28-19.45.48:864][198]LogEngine: Changing dynamic resolution state.
[2019.02.28-19.45.48:881][198]LogRenderer: Releasing previous depth to switch default clear from depth: 0.000000 stencil: 0 to depth: 0.000000 stencil: 0
[2019.02.28-19.45.48:881][198]LogRenderer: Releasing previous depth to switch default clear from depth: 0.000000 stencil: 0 to depth: 0.000000 stencil: 0
[2019.02.28-19.45.48:881][198]LogRenderer: Releasing previous depth to switch default clear from depth: 0.000000 stencil: 0 to depth: 0.000000 stencil: 0
[2019.02.28-19.45.48:881][198]LogRenderer: Releasing previous depth to switch default clear from depth: 0.000000 stencil: 0 to depth: 0.000000 stencil: 0
[2019.02.28-19.45.48:881][198]LogRenderer: Releasing previous depth to switch default clear from depth: 0.000000 stencil: 0 to depth: 0.000000 stencil: 0
[2019.02.28-19.45.48:881][198]LogRenderer: Releasing previous depth to switch default clear from depth: 0.000000 stencil: 0 to depth: 0.000000 stencil: 0
[2019.02.28-19.45.48:881][198]LogRenderer: Reallocating scene render targets to support 2656x1584 Format 26 NumSamples 1 (Frame:1).
[2019.02.28-19.45.48:881][198]LogHMD: Allocating Oculus 2656 x 1584 depth rendertarget swapchain
[2019.02.28-19.45.48:917][200]LogProfilingDebugging: Allocated a 1024 x 1024 texture for HMD canvas layer
[2019.02.28-19.45.49:502][249]LogBlueprintUserMessages: [MotionControllerPawn_2] 109
[2019.02.28-19.45.49:513][250]LogScript: Warning: Accessed None trying to read property ScanVar
	Spawner_C /Game/StarterContent/Maps/UEDPIE_0_Minimal_Default_2.Minimal_Default_2:PersistentLevel.Spawner_2
	Function /Game/Blueprints/Spawner.Spawner_C:ExecuteUbergraph_Spawner:1585
[2019.02.28-19.45.49:513][250]PIE: Error: Blueprint Runtime Error: "Accessed None trying to read property ScanVar". Blueprint:  Spawner Function:  Execute Ubergraph Spawner Graph:  EventGraph Node:  Branch
[2019.02.28-19.45.50:712][359]LogBlueprintUserMessages: [MotionControllerPawn_2] 108
[2019.02.28-19.45.51:915][467]LogBlueprintUserMessages: [MotionControllerPawn_2] 107
[2019.02.28-19.45.53:124][576]LogBlueprintUserMessages: [MotionControllerPawn_2] 106
[2019.02.28-19.45.54:336][685]LogBlueprintUserMessages: [MotionControllerPawn_2] 105
[2019.02.28-19.45.55:537][793]LogBlueprintUserMessages: [MotionControllerPawn_2] 104
[2019.02.28-19.45.56:758][903]LogBlueprintUserMessages: [MotionControllerPawn_2] 103
[2019.02.28-19.45.57:959][ 11]LogBlueprintUserMessages: [MotionControllerPawn_2] 102
[2019.02.28-19.45.59:160][119]LogBlueprintUserMessages: [MotionControllerPawn_2] 101
[2019.02.28-19.46.00:380][229]LogBlueprintUserMessages: [MotionControllerPawn_2] 100
[2019.02.28-19.46.01:582][337]LogBlueprintUserMessages: [MotionControllerPawn_2] 99
[2019.02.28-19.46.02:794][446]LogBlueprintUserMessages: [MotionControllerPawn_2] 98
[2019.02.28-19.46.04:014][556]LogBlueprintUserMessages: [MotionControllerPawn_2] 97
[2019.02.28-19.46.05:225][665]LogBlueprintUserMessages: [MotionControllerPawn_2] 96
[2019.02.28-19.46.06:427][773]LogBlueprintUserMessages: [MotionControllerPawn_2] 95
[2019.02.28-19.46.07:639][882]LogBlueprintUserMessages: [MotionControllerPawn_2] 94
[2019.02.28-19.46.08:850][991]LogBlueprintUserMessages: [MotionControllerPawn_2] 93
[2019.02.28-19.46.10:073][101]LogBlueprintUserMessages: [MotionControllerPawn_2] 92
[2019.02.28-19.46.11:281][210]LogBlueprintUserMessages: [MotionControllerPawn_2] 91
[2019.02.28-19.46.12:494][319]LogBlueprintUserMessages: [MotionControllerPawn_2] 90
[2019.02.28-19.46.13:703][428]LogBlueprintUserMessages: [MotionControllerPawn_2] 89
[2019.02.28-19.46.14:358][487]LogScript: Warning: Attempted to access Scannables_C_13 via property K2Node_DynamicCast_AsScannables, but Scannables_C_13 is pending kill
	Conveyor_C /Game/StarterContent/Maps/UEDPIE_0_Minimal_Default_2.Minimal_Default_2:PersistentLevel.Conveyor_6
	Function /Game/Blueprints/Conveyor.Conveyor_C:ExecuteUbergraph_Conveyor:0221
[2019.02.28-19.46.14:358][487]PIE: Error: Blueprint Runtime Error: "Attempted to access Scannables_C_13 via property K2Node_DynamicCast_AsScannables, but Scannables_C_13 is pending kill". Blueprint:  Conveyor Function:  Execute Ubergraph Conveyor Graph:  EventGraph Node:  Branch
[2019.02.28-19.46.14:913][537]LogBlueprintUserMessages: [MotionControllerPawn_2] 88
[2019.02.28-19.46.16:114][645]LogBlueprintUserMessages: [MotionControllerPawn_2] 87
[2019.02.28-19.46.17:314][753]LogBlueprintUserMessages: [MotionControllerPawn_2] 86
[2019.02.28-19.46.18:527][862]LogBlueprintUserMessages: [MotionControllerPawn_2] 85
[2019.02.28-19.46.19:737][971]LogBlueprintUserMessages: [MotionControllerPawn_2] 84
[2019.02.28-19.46.20:949][ 80]LogBlueprintUserMessages: [MotionControllerPawn_2] 83
[2019.02.28-19.46.22:160][189]LogBlueprintUserMessages: [MotionControllerPawn_2] 82
[2019.02.28-19.46.23:371][298]LogBlueprintUserMessages: [MotionControllerPawn_2] 81
[2019.02.28-19.46.24:573][406]LogBlueprintUserMessages: [MotionControllerPawn_2] 80
[2019.02.28-19.46.25:796][516]LogBlueprintUserMessages: [MotionControllerPawn_2] 79
[2019.02.28-19.46.26:949][619]LogBlueprintUserMessages: Early EndPlayMap Detection: Level '/Game/StarterContent/Maps/Minimal_Default_2.Minimal_Default_2:PersistentLevel' has LevelScriptBlueprint '/Game/StarterContent/Maps/Minimal_Default_2.Minimal_Default_2:PersistentLevel.Minimal_Default_2' with GeneratedClass '/Game/StarterContent/Maps/Minimal_Default_2.Minimal_Default_2_C' with ClassGeneratedBy '/Game/StarterContent/Maps/Minimal_Default_2.Minimal_Default_2:PersistentLevel.Minimal_Default_2'
[2019.02.28-19.46.27:019][619]LogSlate: Updating window title bar state: overlay mode, drag disabled, window buttons hidden, title bar hidden
[2019.02.28-19.46.27:069][619]LogSlate: Window 'MyProject3 Game Preview Standalone (64-bit/PCD3D_SM5)' being destroyed
[2019.02.28-19.46.27:103][619]LogPlayLevel: Display: Shutting down PIE online subsystems
[2019.02.28-19.46.27:103][619]LogBlueprintUserMessages: Late EndPlayMap Detection: Level '/Game/StarterContent/Maps/Minimal_Default_2.Minimal_Default_2:PersistentLevel' has LevelScriptBlueprint '/Game/StarterContent/Maps/Minimal_Default_2.Minimal_Default_2:PersistentLevel.Minimal_Default_2' with GeneratedClass '/Game/StarterContent/Maps/Minimal_Default_2.Minimal_Default_2_C' with ClassGeneratedBy '/Game/StarterContent/Maps/Minimal_Default_2.Minimal_Default_2:PersistentLevel.Minimal_Default_2'
[2019.02.28-19.46.27:189][620]LogPlayLevel: Display: Destroying online subsystem :Context_4
[2019.02.28-19.46.27:190][620]LogEngine: Changing dynamic resolution state.
[2019.02.28-19.46.29:510][758]LogEditorViewport: Clicking on Actor (LMB): TutorailCarts_C (TutorailCarts2)
[2019.02.28-19.46.30:638][822]LogSlate: FSceneViewport::OnFocusLost() reason 0
[2019.02.28-19.46.30:729][827]LogAssetEditorManager: Opening Asset editor for Blueprint /Game/Blueprints/TutorailCarts.TutorailCarts
[2019.02.28-19.46.31:355][834]LogD3D11RHI: Error: SwapChain->ResizeBuffers(1, SizeX, SizeY, RenderTargetFormat, DXGI_SWAP_CHAIN_FLAG_ALLOW_MODE_SWITCH) failed 
 at D:\Build\++UE4\Sync\Engine\Source\Runtime\Windows\D3D11RHI\Private\D3D11Viewport.cpp:257 
 with error DXGI_ERROR_INVALID_CALL, 
 Size=876x256 Format=DXGI_FORMAT_R10G10B10A2_UNORM(0x00000018)
[2019.02.28-19.46.31:355][834]LogOutputDevice: Warning: 

Script Stack (0 frames):

[2019.02.28-19.46.31:355][834]LogWindows: Windows GetLastError: The operation completed successfully. (0)
[2019.02.28-19.46.32:196][834]LogWindows: Error: === Critical error: ===
[2019.02.28-19.46.32:196][834]LogWindows: Error: 
[2019.02.28-19.46.32:196][834]LogWindows: Error: Fatal error: [File:D:\Build\++UE4\Sync\Engine\Source\Runtime\Windows\D3D11RHI\Private\D3D11Util.cpp] [Line: 363] 
[2019.02.28-19.46.32:196][834]LogWindows: Error: SwapChain->ResizeBuffers(1, SizeX, SizeY, RenderTargetFormat, DXGI_SWAP_CHAIN_FLAG_ALLOW_MODE_SWITCH) failed 
[2019.02.28-19.46.32:196][834]LogWindows: Error:  at D:\Build\++UE4\Sync\Engine\Source\Runtime\Windows\D3D11RHI\Private\D3D11Viewport.cpp:257 
[2019.02.28-19.46.32:196][834]LogWindows: Error:  with error DXGI_ERROR_INVALID_CALL, 
[2019.02.28-19.46.32:196][834]LogWindows: Error:  Size=876x256 Format=DXGI_FORMAT_R10G10B10A2_UNORM(0x00000018)
[2019.02.28-19.46.32:196][834]LogWindows: Error: 
[2019.02.28-19.46.32:196][834]LogWindows: Error: 
[2019.02.28-19.46.32:196][834]LogWindows: Error: [Callstack] 0x00007ffa2a6ca388 KERNELBASE.dll!UnknownFunction []
[2019.02.28-19.46.32:196][834]LogWindows: Error: [Callstack] 0x00007ff9e71ecd1a UE4Editor-Core.dll!UnknownFunction []
[2019.02.28-19.46.32:196][834]LogWindows: Error: [Callstack] 0x00007ff9e6fca967 UE4Editor-Core.dll!UnknownFunction []
[2019.02.28-19.46.32:196][834]LogWindows: Error: [Callstack] 0x00007ff9e6f00df7 UE4Editor-Core.dll!UnknownFunction []
[2019.02.28-19.46.32:196][834]LogWindows: Error: [Callstack] 0x00007ff9d7710b7f UE4Editor-D3D11RHI.dll!UnknownFunction []
[2019.02.28-19.46.32:196][834]LogWindows: Error: [Callstack] 0x00007ff9d77090a2 UE4Editor-D3D11RHI.dll!UnknownFunction []
[2019.02.28-19.46.32:196][834]LogWindows: Error: [Callstack] 0x00007ff9d7700141 UE4Editor-D3D11RHI.dll!UnknownFunction []
[2019.02.28-19.46.32:196][834]LogWindows: Error: [Callstack] 0x00007ff9d7429b87 UE4Editor-SlateRHIRenderer.dll!UnknownFunction []
[2019.02.28-19.46.32:196][834]LogWindows: Error: [Callstack] 0x00007ff9d7442c68 UE4Editor-SlateRHIRenderer.dll!UnknownFunction []
[2019.02.28-19.46.32:196][834]LogWindows: Error: [Callstack] 0x00007ff9e5f141e0 UE4Editor-Slate.dll!UnknownFunction []
[2019.02.28-19.46.32:196][834]LogWindows: Error: [Callstack] 0x00007ff9e5ede222 UE4Editor-Slate.dll!UnknownFunction []
[2019.02.28-19.46.32:196][834]LogWindows: Error: [Callstack] 0x00007ff9e5f3f5a6 UE4Editor-Slate.dll!UnknownFunction []
[2019.02.28-19.46.32:196][834]LogWindows: Error: [Callstack] 0x00007ff9e5f3e483 UE4Editor-Slate.dll!UnknownFunction []
[2019.02.28-19.46.32:196][834]LogWindows: Error: [Callstack] 0x00007ff6f2907094 UE4Editor.exe!UnknownFunction []
[2019.02.28-19.46.32:196][834]LogWindows: Error: [Callstack] 0x00007ff6f291596c UE4Editor.exe!UnknownFunction []
[2019.02.28-19.46.32:196][834]LogWindows: Error: [Callstack] 0x00007ff6f29159ea UE4Editor.exe!UnknownFunction []
[2019.02.28-19.46.32:196][834]LogWindows: Error: [Callstack] 0x00007ff6f29248da UE4Editor.exe!UnknownFunction []
[2019.02.28-19.46.32:196][834]LogWindows: Error: [Callstack] 0x00007ff6f292659a UE4Editor.exe!UnknownFunction []
[2019.02.28-19.46.32:196][834]LogWindows: Error: [Callstack] 0x00007ffa2beb3dc4 KERNEL32.DLL!UnknownFunction []
[2019.02.28-19.46.32:196][834]LogWindows: Error: [Callstack] 0x00007ffa2e333691 ntdll.dll!UnknownFunction []
[2019.02.28-19.46.32:196][834]LogWindows: Error: 
[2019.02.28-19.46.32:202][834]LogExit: Executing StaticShutdownAfterError
[2019.02.28-19.46.32:205][834]LogWindows: FPlatformMisc::RequestExit(1)
[2019.02.28-19.46.32:209][834]Log file closed, 02/28/19 14:46:32
